<?xml version="1.0" encoding="UTF-8"?>
<robot generator="Robot 4.1.2 (Python 3.9.12 on win32)" generated="20230202 11:17:16.706" rpa="false" schemaversion="2">
<suite id="s1" name="Subject" source="C:\Users\nguye\PycharmProjects\DATN_RF\Tests\Functional_Tests\01__Subject\01__Subject.robot">
<test id="s1-t1" name="CREATE01-Verify Create Subject Successfull">
<kw name="Open Admin Site Using Chrome Browser" library="Common_Keyword" type="SETUP">
<kw name="Open Browser" library="SeleniumLibrary">
<arg>${url_production_admin}</arg>
<arg>${browser}</arg>
<doc>Opens a new browser instance to the optional ``url``.</doc>
<msg timestamp="20230202 11:17:17.370" level="INFO">Opening browser 'Chrome' to base url 'https://datncl.top/admin'.</msg>
<status status="PASS" starttime="20230202 11:17:17.370" endtime="20230202 11:17:19.365"/>
</kw>
<kw name="Maximize Browser Window" library="SeleniumLibrary">
<doc>Maximizes current browser window.</doc>
<status status="PASS" starttime="20230202 11:17:19.365" endtime="20230202 11:17:19.491"/>
</kw>
<status status="PASS" starttime="20230202 11:17:17.369" endtime="20230202 11:17:19.492"/>
</kw>
<kw name="Redirect create subject page" library="Subject_User_Defined_Keyword">
<kw name="Verify_Login_Successfully" library="Common_Keyword">
<kw name="Input Text" library="SeleniumLibrary">
<arg>${locator_username}</arg>
<arg>${data_username}</arg>
<doc>Types the given ``text`` into the text field identified by ``locator``.</doc>
<msg timestamp="20230202 11:17:19.498" level="INFO">Typing text 'Sally51' into text field '//input[@name='admin_account']'.</msg>
<status status="PASS" starttime="20230202 11:17:19.496" endtime="20230202 11:17:19.654"/>
</kw>
<kw name="Input Password" library="SeleniumLibrary">
<arg>${locator_password}</arg>
<arg>${data_password}</arg>
<doc>Types the given password into the text field identified by ``locator``.</doc>
<msg timestamp="20230202 11:17:19.655" level="INFO">Typing password into text field '//input[@name="admin_password"]'.</msg>
<msg timestamp="20230202 11:17:19.719" level="INFO">Temporally setting log level to: NONE</msg>
<msg timestamp="20230202 11:17:19.789" level="INFO">Log level changed from NONE to INFO.</msg>
<status status="PASS" starttime="20230202 11:17:19.654" endtime="20230202 11:17:19.789"/>
</kw>
<kw name="Click Button" library="SeleniumLibrary">
<arg>${locator_button}</arg>
<doc>Clicks the button identified by ``locator``.</doc>
<msg timestamp="20230202 11:17:19.789" level="INFO">Clicking button '//button[@id='button_login']'.</msg>
<status status="PASS" starttime="20230202 11:17:19.789" endtime="20230202 11:17:21.589"/>
</kw>
<kw name="Wait Until Page Contains" library="SeleniumLibrary">
<arg>Thống kê số lượng học sinh đăng ký</arg>
<doc>Waits until ``text`` appears on the current page.</doc>
<status status="PASS" starttime="20230202 11:17:21.592" endtime="20230202 11:17:21.636"/>
</kw>
<status status="PASS" starttime="20230202 11:17:19.494" endtime="20230202 11:17:21.637"/>
</kw>
<kw name="Click Element" library="SeleniumLibrary">
<arg>//span[@id='subject_category']</arg>
<doc>Click the element identified by ``locator``.</doc>
<msg timestamp="20230202 11:17:21.638" level="INFO">Clicking element '//span[@id='subject_category']'.</msg>
<status status="PASS" starttime="20230202 11:17:21.638" endtime="20230202 11:17:21.754"/>
</kw>
<kw name="Wait Until Element Is Visible" library="SeleniumLibrary">
<arg>//a[@id='create_subject']</arg>
<doc>Waits until the element ``locator`` is visible.</doc>
<status status="PASS" starttime="20230202 11:17:21.755" endtime="20230202 11:17:21.829"/>
</kw>
<kw name="Click Element" library="SeleniumLibrary">
<arg>//a[@id='create_subject']</arg>
<doc>Click the element identified by ``locator``.</doc>
<msg timestamp="20230202 11:17:21.830" level="INFO">Clicking element '//a[@id='create_subject']'.</msg>
<status status="PASS" starttime="20230202 11:17:21.830" endtime="20230202 11:17:22.266"/>
</kw>
<kw name="Sleep" library="BuiltIn">
<arg>2s</arg>
<doc>Pauses the test executed for the given time.</doc>
<msg timestamp="20230202 11:17:24.270" level="INFO">Slept 2 seconds</msg>
<status status="PASS" starttime="20230202 11:17:22.266" endtime="20230202 11:17:24.271"/>
</kw>
<status status="PASS" starttime="20230202 11:17:19.493" endtime="20230202 11:17:24.272"/>
</kw>
<kw name="Create subject" library="Subject_User_Defined_Keyword">
<arg>Môn Toán Học</arg>
<arg>Danh mục môn toán</arg>
<arg>Kích hoạt</arg>
<kw name="Input Text" library="SeleniumLibrary">
<arg>//input[@id='slug']</arg>
<arg>${name_subject}</arg>
<doc>Types the given ``text`` into the text field identified by ``locator``.</doc>
<msg timestamp="20230202 11:17:24.274" level="INFO">Typing text 'Môn Toán Học' into text field '//input[@id='slug']'.</msg>
<status status="PASS" starttime="20230202 11:17:24.273" endtime="20230202 11:17:24.414"/>
</kw>
<kw name="Input Text" library="SeleniumLibrary">
<arg>//textarea[@name='mota']</arg>
<arg>${summary_subject}</arg>
<doc>Types the given ``text`` into the text field identified by ``locator``.</doc>
<msg timestamp="20230202 11:17:24.416" level="INFO">Typing text 'Danh mục môn toán' into text field '//textarea[@name='mota']'.</msg>
<status status="PASS" starttime="20230202 11:17:24.415" endtime="20230202 11:17:24.552"/>
</kw>
<kw name="Click Element" library="SeleniumLibrary">
<arg>//select[@name='kichhoat']</arg>
<doc>Click the element identified by ``locator``.</doc>
<msg timestamp="20230202 11:17:24.554" level="INFO">Clicking element '//select[@name='kichhoat']'.</msg>
<status status="PASS" starttime="20230202 11:17:24.553" endtime="20230202 11:17:24.743"/>
</kw>
<kw name="Click Element" library="SeleniumLibrary">
<arg>//option[contains(text(),'${status}')]</arg>
<doc>Click the element identified by ``locator``.</doc>
<msg timestamp="20230202 11:17:24.747" level="INFO">Clicking element '//option[contains(text(),'Kích hoạt')]'.</msg>
<status status="PASS" starttime="20230202 11:17:24.745" endtime="20230202 11:17:24.835"/>
</kw>
<kw name="Sleep" library="BuiltIn">
<arg>2s</arg>
<doc>Pauses the test executed for the given time.</doc>
<msg timestamp="20230202 11:17:26.843" level="INFO">Slept 2 seconds</msg>
<status status="PASS" starttime="20230202 11:17:24.836" endtime="20230202 11:17:26.845"/>
</kw>
<kw name="Click Button" library="SeleniumLibrary">
<arg>//button[@name='themmonhoc']</arg>
<doc>Clicks the button identified by ``locator``.</doc>
<msg timestamp="20230202 11:17:26.857" level="INFO">Clicking button '//button[@name='themmonhoc']'.</msg>
<status status="PASS" starttime="20230202 11:17:26.846" endtime="20230202 11:17:27.403"/>
</kw>
<status status="PASS" starttime="20230202 11:17:24.272" endtime="20230202 11:17:27.404"/>
</kw>
<kw name="Wait Until Page Contains" library="SeleniumLibrary">
<arg>Thêm danh mục môn học thành công</arg>
<doc>Waits until ``text`` appears on the current page.</doc>
<kw name="Capture Page Screenshot" library="SeleniumLibrary">
<doc>Takes a screenshot of the current page and embeds it into a log file.</doc>
<msg timestamp="20230202 11:17:32.851" level="INFO" html="true">&lt;/td&gt;&lt;/tr&gt;&lt;tr&gt;&lt;td colspan="3"&gt;&lt;a href="selenium-screenshot-64.png"&gt;&lt;img src="selenium-screenshot-64.png" width="800px"&gt;&lt;/a&gt;</msg>
<status status="PASS" starttime="20230202 11:17:32.440" endtime="20230202 11:17:32.852"/>
</kw>
<msg timestamp="20230202 11:17:32.996" level="FAIL">Text 'Thêm danh mục môn học thành công' did not appear in 5 seconds.</msg>
<status status="FAIL" starttime="20230202 11:17:27.405" endtime="20230202 11:17:32.996"/>
</kw>
<kw name="Close Website" library="Common_Keyword" type="TEARDOWN">
<kw name="Close Browser" library="SeleniumLibrary">
<doc>Closes the current browser.</doc>
<status status="PASS" starttime="20230202 11:17:32.997" endtime="20230202 11:17:35.361"/>
</kw>
<status status="PASS" starttime="20230202 11:17:32.997" endtime="20230202 11:17:35.362"/>
</kw>
<tag>Check_Create_Subject</tag>
<status status="FAIL" starttime="20230202 11:17:17.368" endtime="20230202 11:17:35.362">Text 'Thêm danh mục môn học thành công' did not appear in 5 seconds.</status>
</test>
<status status="FAIL" starttime="20230202 11:17:16.711" endtime="20230202 11:17:35.363"/>
</suite>
<statistics>
<total>
<stat pass="0" fail="1" skip="0">All Tests</stat>
</total>
<tag>
<stat pass="0" fail="1" skip="0">Check_Create_Subject</stat>
</tag>
<suite>
<stat pass="0" fail="1" skip="0" id="s1" name="Subject">Subject</stat>
</suite>
</statistics>
<errors>
</errors>
</robot>
