<?xml version="1.0" encoding="UTF-8"?>
<robot generator="Robot 4.1.2 (Python 3.9.12 on win32)" generated="20221013 21:54:04.498" rpa="false" schemaversion="2">
<suite id="s1" name="RegisterStudent" source="C:\Users\nguye\PycharmProjects\DATN_RF\Tests\RegisterStudent\RegisterStudent.robot">
<test id="s1-t1" name="SEARCH02-Check search not find data student contacted">
<kw name="Start Testcase" library="Common_Keyword" type="SETUP">
<kw name="Open Browser" library="SeleniumLibrary">
<arg>${url_local_admin}</arg>
<arg>${browser}</arg>
<doc>Opens a new browser instance to the optional ``url``.</doc>
<msg timestamp="20221013 21:54:04.757" level="INFO">Opening browser 'Chrome' to base url 'http://localhost/Project/tschool/admin'.</msg>
<status status="PASS" starttime="20221013 21:54:04.757" endtime="20221013 21:54:06.282"/>
</kw>
<kw name="Maximize Browser Window" library="SeleniumLibrary">
<doc>Maximizes current browser window.</doc>
<status status="PASS" starttime="20221013 21:54:06.284" endtime="20221013 21:54:06.416"/>
</kw>
<status status="PASS" starttime="20221013 21:54:04.756" endtime="20221013 21:54:06.416"/>
</kw>
<kw name="Redirect contacted page" library="RegisterStudent_User_Defined_Keyword">
<kw name="Verify_Login_Successfully" library="Common_Keyword">
<kw name="Input Text" library="SeleniumLibrary">
<arg>${locator_username}</arg>
<arg>${data_username}</arg>
<doc>Types the given ``text`` into the text field identified by ``locator``.</doc>
<msg timestamp="20221013 21:54:06.418" level="INFO">Typing text 'Sally51' into text field '//input[@name='admin_account']'.</msg>
<status status="PASS" starttime="20221013 21:54:06.417" endtime="20221013 21:54:06.544"/>
</kw>
<kw name="Input Password" library="SeleniumLibrary">
<arg>${locator_password}</arg>
<arg>${data_password}</arg>
<doc>Types the given password into the text field identified by ``locator``.</doc>
<msg timestamp="20221013 21:54:06.544" level="INFO">Typing password into text field '//input[@name="admin_password"]'.</msg>
<msg timestamp="20221013 21:54:06.591" level="INFO">Temporally setting log level to: NONE</msg>
<msg timestamp="20221013 21:54:06.630" level="INFO">Log level changed from NONE to INFO.</msg>
<status status="PASS" starttime="20221013 21:54:06.544" endtime="20221013 21:54:06.630"/>
</kw>
<kw name="Click Button" library="SeleniumLibrary">
<arg>${locator_button}</arg>
<doc>Clicks the button identified by ``locator``.</doc>
<msg timestamp="20221013 21:54:06.631" level="INFO">Clicking button '//button[@id='button_login']'.</msg>
<status status="PASS" starttime="20221013 21:54:06.630" endtime="20221013 21:54:08.775"/>
</kw>
<kw name="Wait Until Page Contains" library="SeleniumLibrary">
<arg>Thống kê số lượng học sinh đăng ký</arg>
<doc>Waits until ``text`` appears on the current page.</doc>
<status status="PASS" starttime="20221013 21:54:08.775" endtime="20221013 21:54:08.787"/>
</kw>
<status status="PASS" starttime="20221013 21:54:06.416" endtime="20221013 21:54:08.788"/>
</kw>
<kw name="Click Element" library="SeleniumLibrary">
<arg>//span[@id='register_student']</arg>
<doc>Click the element identified by ``locator``.</doc>
<msg timestamp="20221013 21:54:08.789" level="INFO">Clicking element '//span[@id='register_student']'.</msg>
<status status="PASS" starttime="20221013 21:54:08.789" endtime="20221013 21:54:08.832"/>
</kw>
<kw name="Wait Until Element Is Visible" library="SeleniumLibrary">
<arg>//a[@id='not_contacted']</arg>
<doc>Waits until the element ``locator`` is visible.</doc>
<status status="PASS" starttime="20221013 21:54:08.833" endtime="20221013 21:54:09.089"/>
</kw>
<kw name="Click Element" library="SeleniumLibrary">
<arg>//a[@id='not_contacted']</arg>
<doc>Click the element identified by ``locator``.</doc>
<msg timestamp="20221013 21:54:09.090" level="INFO">Clicking element '//a[@id='not_contacted']'.</msg>
<status status="PASS" starttime="20221013 21:54:09.090" endtime="20221013 21:54:09.710"/>
</kw>
<kw name="Sleep" library="BuiltIn">
<arg>3s</arg>
<doc>Pauses the test executed for the given time.</doc>
<msg timestamp="20221013 21:54:12.725" level="INFO">Slept 3 seconds</msg>
<status status="PASS" starttime="20221013 21:54:09.710" endtime="20221013 21:54:12.725"/>
</kw>
<status status="PASS" starttime="20221013 21:54:06.416" endtime="20221013 21:54:12.726"/>
</kw>
<kw name="Input Text" library="SeleniumLibrary">
<arg>//input[@type='search']</arg>
<arg>Nguyễn Văn CDE</arg>
<doc>Types the given ``text`` into the text field identified by ``locator``.</doc>
<msg timestamp="20221013 21:54:12.726" level="INFO">Typing text 'Nguyễn Văn CDE' into text field '//input[@type='search']'.</msg>
<status status="PASS" starttime="20221013 21:54:12.726" endtime="20221013 21:54:12.840"/>
</kw>
<kw name="Sleep" library="BuiltIn">
<arg>3s</arg>
<doc>Pauses the test executed for the given time.</doc>
<msg timestamp="20221013 21:54:15.846" level="INFO">Slept 3 seconds</msg>
<status status="PASS" starttime="20221013 21:54:12.841" endtime="20221013 21:54:15.846"/>
</kw>
<kw name="Page Should Contain" library="SeleniumLibrary">
<arg>Showing 0 to 0 of 0 entries</arg>
<doc>Verifies that current page contains ``text``.</doc>
<msg timestamp="20221013 21:54:15.863" level="INFO">Current page contains text 'Showing 0 to 0 of 0 entries'.</msg>
<status status="PASS" starttime="20221013 21:54:15.846" endtime="20221013 21:54:15.864"/>
</kw>
<kw name="Finish TestCase" library="Common_Keyword" type="TEARDOWN">
<kw name="Close Browser" library="SeleniumLibrary">
<doc>Closes the current browser.</doc>
<status status="PASS" starttime="20221013 21:54:15.864" endtime="20221013 21:54:18.017"/>
</kw>
<status status="PASS" starttime="20221013 21:54:15.864" endtime="20221013 21:54:18.019"/>
</kw>
<tag>Search</tag>
<status status="PASS" starttime="20221013 21:54:04.755" endtime="20221013 21:54:18.019"/>
</test>
<status status="PASS" starttime="20221013 21:54:04.501" endtime="20221013 21:54:18.024"/>
</suite>
<statistics>
<total>
<stat pass="1" fail="0" skip="0">All Tests</stat>
</total>
<tag>
<stat pass="1" fail="0" skip="0">Search</stat>
</tag>
<suite>
<stat pass="1" fail="0" skip="0" id="s1" name="RegisterStudent">RegisterStudent</stat>
</suite>
</statistics>
<errors>
</errors>
</robot>
