<?xml version="1.0" encoding="UTF-8"?>
<robot generator="Robot 4.1.2 (Python 3.9.12 on win32)" generated="20221026 20:22:33.626" rpa="false" schemaversion="2">
<suite id="s1" name="Login" source="C:\Users\nguye\PycharmProjects\DATN_RF\Tests\FunctionalTests\Login\Login.robot">
<test id="s1-t1" name="L01_Verify Login Successful">
<kw name="Start Testcase" library="Common_Keyword" type="SETUP">
<kw name="Open Browser" library="SeleniumLibrary">
<arg>${url_local_admin}</arg>
<arg>${browser}</arg>
<doc>Opens a new browser instance to the optional ``url``.</doc>
<msg timestamp="20221026 20:22:33.957" level="INFO">Opening browser 'Chrome' to base url 'http://localhost/Project/tschool/admin'.</msg>
<status status="PASS" starttime="20221026 20:22:33.957" endtime="20221026 20:22:36.060"/>
</kw>
<kw name="Maximize Browser Window" library="SeleniumLibrary">
<doc>Maximizes current browser window.</doc>
<status status="PASS" starttime="20221026 20:22:36.060" endtime="20221026 20:22:36.179"/>
</kw>
<status status="PASS" starttime="20221026 20:22:33.956" endtime="20221026 20:22:36.179"/>
</kw>
<kw name="Verify_Login_Successfully" library="Common_Keyword">
<kw name="Input Text" library="SeleniumLibrary">
<arg>${locator_username}</arg>
<arg>${data_username}</arg>
<doc>Types the given ``text`` into the text field identified by ``locator``.</doc>
<msg timestamp="20221026 20:22:36.182" level="INFO">Typing text 'Sally51' into text field '//input[@name='admin_account']'.</msg>
<status status="PASS" starttime="20221026 20:22:36.180" endtime="20221026 20:22:36.280"/>
</kw>
<kw name="Input Password" library="SeleniumLibrary">
<arg>${locator_password}</arg>
<arg>${data_password}</arg>
<doc>Types the given password into the text field identified by ``locator``.</doc>
<msg timestamp="20221026 20:22:36.281" level="INFO">Typing password into text field '//input[@name="admin_password"]'.</msg>
<msg timestamp="20221026 20:22:36.317" level="INFO">Temporally setting log level to: NONE</msg>
<msg timestamp="20221026 20:22:36.363" level="INFO">Log level changed from NONE to INFO.</msg>
<status status="PASS" starttime="20221026 20:22:36.281" endtime="20221026 20:22:36.363"/>
</kw>
<kw name="Click Button" library="SeleniumLibrary">
<arg>${locator_button}</arg>
<doc>Clicks the button identified by ``locator``.</doc>
<msg timestamp="20221026 20:22:36.363" level="INFO">Clicking button '//button[@id='button_login']'.</msg>
<status status="PASS" starttime="20221026 20:22:36.363" endtime="20221026 20:22:38.199"/>
</kw>
<kw name="Wait Until Page Contains" library="SeleniumLibrary">
<arg>Thống kê số lượng học sinh đăng ký</arg>
<doc>Waits until ``text`` appears on the current page.</doc>
<status status="PASS" starttime="20221026 20:22:38.199" endtime="20221026 20:22:38.216"/>
</kw>
<status status="PASS" starttime="20221026 20:22:36.180" endtime="20221026 20:22:38.217"/>
</kw>
<kw name="Finish TestCase" library="Common_Keyword" type="TEARDOWN">
<kw name="Close Browser" library="SeleniumLibrary">
<doc>Closes the current browser.</doc>
<status status="PASS" starttime="20221026 20:22:38.218" endtime="20221026 20:22:40.438"/>
</kw>
<status status="PASS" starttime="20221026 20:22:38.217" endtime="20221026 20:22:40.439"/>
</kw>
<status status="PASS" starttime="20221026 20:22:33.956" endtime="20221026 20:22:40.439"/>
</test>
<test id="s1-t2" name="L02_Verify login fail">
<kw name="Start Testcase" library="Common_Keyword" type="SETUP">
<kw name="Open Browser" library="SeleniumLibrary">
<arg>${url_local_admin}</arg>
<arg>${browser}</arg>
<doc>Opens a new browser instance to the optional ``url``.</doc>
<msg timestamp="20221026 20:22:40.445" level="INFO">Opening browser 'Chrome' to base url 'http://localhost/Project/tschool/admin'.</msg>
<status status="PASS" starttime="20221026 20:22:40.444" endtime="20221026 20:22:41.956"/>
</kw>
<kw name="Maximize Browser Window" library="SeleniumLibrary">
<doc>Maximizes current browser window.</doc>
<status status="PASS" starttime="20221026 20:22:41.957" endtime="20221026 20:22:42.082"/>
</kw>
<status status="PASS" starttime="20221026 20:22:40.442" endtime="20221026 20:22:42.083"/>
</kw>
<kw name="Verify_Login_Fail" library="Login_User_Defined_Keyword">
<arg>Sally515</arg>
<arg>123456</arg>
<arg>//span[contains(text(),'Mật khẩu hoặc tài khoản không đúng')]</arg>
<kw name="Input Text" library="SeleniumLibrary">
<arg>${locator_username}</arg>
<arg>${username}</arg>
<doc>Types the given ``text`` into the text field identified by ``locator``.</doc>
<msg timestamp="20221026 20:22:42.087" level="INFO">Typing text 'Sally515' into text field '//input[@name='admin_account']'.</msg>
<status status="PASS" starttime="20221026 20:22:42.084" endtime="20221026 20:22:42.217"/>
</kw>
<kw name="Input Password" library="SeleniumLibrary">
<arg>${locator_password}</arg>
<arg>${password}</arg>
<doc>Types the given password into the text field identified by ``locator``.</doc>
<msg timestamp="20221026 20:22:42.218" level="INFO">Typing password into text field '//input[@name="admin_password"]'.</msg>
<msg timestamp="20221026 20:22:42.258" level="INFO">Temporally setting log level to: NONE</msg>
<msg timestamp="20221026 20:22:42.299" level="INFO">Log level changed from NONE to INFO.</msg>
<status status="PASS" starttime="20221026 20:22:42.217" endtime="20221026 20:22:42.300"/>
</kw>
<kw name="Click Button" library="SeleniumLibrary">
<arg>${locator_button}</arg>
<doc>Clicks the button identified by ``locator``.</doc>
<msg timestamp="20221026 20:22:42.301" level="INFO">Clicking button '//button[@id='button_login']'.</msg>
<status status="PASS" starttime="20221026 20:22:42.300" endtime="20221026 20:22:42.700"/>
</kw>
<kw name="Wait Until Page Contains Element" library="SeleniumLibrary">
<arg>${expect}</arg>
<doc>Waits until the element ``locator`` appears on the current page.</doc>
<status status="PASS" starttime="20221026 20:22:42.700" endtime="20221026 20:22:42.719"/>
</kw>
<kw name="Reload Page" library="SeleniumLibrary">
<doc>Simulates user reloading page.</doc>
<status status="PASS" starttime="20221026 20:22:42.720" endtime="20221026 20:22:42.913"/>
</kw>
<kw name="Sleep" library="BuiltIn">
<arg>3s</arg>
<doc>Pauses the test executed for the given time.</doc>
<msg timestamp="20221026 20:22:45.923" level="INFO">Slept 3 seconds</msg>
<status status="PASS" starttime="20221026 20:22:42.913" endtime="20221026 20:22:45.923"/>
</kw>
<status status="PASS" starttime="20221026 20:22:42.083" endtime="20221026 20:22:45.923"/>
</kw>
<kw name="Verify_Login_Fail" library="Login_User_Defined_Keyword">
<arg>Sally51</arg>
<arg>1234567</arg>
<arg>//span[contains(text(),'Mật khẩu hoặc tài khoản không đúng')]</arg>
<kw name="Input Text" library="SeleniumLibrary">
<arg>${locator_username}</arg>
<arg>${username}</arg>
<doc>Types the given ``text`` into the text field identified by ``locator``.</doc>
<msg timestamp="20221026 20:22:45.924" level="INFO">Typing text 'Sally51' into text field '//input[@name='admin_account']'.</msg>
<status status="PASS" starttime="20221026 20:22:45.924" endtime="20221026 20:22:45.994"/>
</kw>
<kw name="Input Password" library="SeleniumLibrary">
<arg>${locator_password}</arg>
<arg>${password}</arg>
<doc>Types the given password into the text field identified by ``locator``.</doc>
<msg timestamp="20221026 20:22:45.995" level="INFO">Typing password into text field '//input[@name="admin_password"]'.</msg>
<msg timestamp="20221026 20:22:46.028" level="INFO">Temporally setting log level to: NONE</msg>
<msg timestamp="20221026 20:22:46.064" level="INFO">Log level changed from NONE to INFO.</msg>
<status status="PASS" starttime="20221026 20:22:45.995" endtime="20221026 20:22:46.064"/>
</kw>
<kw name="Click Button" library="SeleniumLibrary">
<arg>${locator_button}</arg>
<doc>Clicks the button identified by ``locator``.</doc>
<msg timestamp="20221026 20:22:46.065" level="INFO">Clicking button '//button[@id='button_login']'.</msg>
<status status="PASS" starttime="20221026 20:22:46.064" endtime="20221026 20:22:46.454"/>
</kw>
<kw name="Wait Until Page Contains Element" library="SeleniumLibrary">
<arg>${expect}</arg>
<doc>Waits until the element ``locator`` appears on the current page.</doc>
<status status="PASS" starttime="20221026 20:22:46.455" endtime="20221026 20:22:46.462"/>
</kw>
<kw name="Reload Page" library="SeleniumLibrary">
<doc>Simulates user reloading page.</doc>
<status status="PASS" starttime="20221026 20:22:46.462" endtime="20221026 20:22:46.659"/>
</kw>
<kw name="Sleep" library="BuiltIn">
<arg>3s</arg>
<doc>Pauses the test executed for the given time.</doc>
<msg timestamp="20221026 20:22:49.666" level="INFO">Slept 3 seconds</msg>
<status status="PASS" starttime="20221026 20:22:46.659" endtime="20221026 20:22:49.666"/>
</kw>
<status status="PASS" starttime="20221026 20:22:45.924" endtime="20221026 20:22:49.667"/>
</kw>
<kw name="Verify_Login_Fail" library="Login_User_Defined_Keyword">
<arg>${EMPTY}</arg>
<arg>123456</arg>
<arg>//div[@data-validate="Vui lòng nhập username"]</arg>
<kw name="Input Text" library="SeleniumLibrary">
<arg>${locator_username}</arg>
<arg>${username}</arg>
<doc>Types the given ``text`` into the text field identified by ``locator``.</doc>
<msg timestamp="20221026 20:22:49.670" level="INFO">Typing text '' into text field '//input[@name='admin_account']'.</msg>
<status status="PASS" starttime="20221026 20:22:49.669" endtime="20221026 20:22:49.728"/>
</kw>
<kw name="Input Password" library="SeleniumLibrary">
<arg>${locator_password}</arg>
<arg>${password}</arg>
<doc>Types the given password into the text field identified by ``locator``.</doc>
<msg timestamp="20221026 20:22:49.729" level="INFO">Typing password into text field '//input[@name="admin_password"]'.</msg>
<msg timestamp="20221026 20:22:49.762" level="INFO">Temporally setting log level to: NONE</msg>
<msg timestamp="20221026 20:22:49.807" level="INFO">Log level changed from NONE to INFO.</msg>
<status status="PASS" starttime="20221026 20:22:49.728" endtime="20221026 20:22:49.807"/>
</kw>
<kw name="Click Button" library="SeleniumLibrary">
<arg>${locator_button}</arg>
<doc>Clicks the button identified by ``locator``.</doc>
<msg timestamp="20221026 20:22:49.809" level="INFO">Clicking button '//button[@id='button_login']'.</msg>
<status status="PASS" starttime="20221026 20:22:49.808" endtime="20221026 20:22:49.874"/>
</kw>
<kw name="Wait Until Page Contains Element" library="SeleniumLibrary">
<arg>${expect}</arg>
<doc>Waits until the element ``locator`` appears on the current page.</doc>
<status status="PASS" starttime="20221026 20:22:49.874" endtime="20221026 20:22:49.892"/>
</kw>
<kw name="Reload Page" library="SeleniumLibrary">
<doc>Simulates user reloading page.</doc>
<status status="PASS" starttime="20221026 20:22:49.892" endtime="20221026 20:22:50.095"/>
</kw>
<kw name="Sleep" library="BuiltIn">
<arg>3s</arg>
<doc>Pauses the test executed for the given time.</doc>
<msg timestamp="20221026 20:22:53.109" level="INFO">Slept 3 seconds</msg>
<status status="PASS" starttime="20221026 20:22:50.095" endtime="20221026 20:22:53.110"/>
</kw>
<status status="PASS" starttime="20221026 20:22:49.667" endtime="20221026 20:22:53.111"/>
</kw>
<kw name="Verify_Login_Fail" library="Login_User_Defined_Keyword">
<arg>Sally51</arg>
<arg>${EMPTY}</arg>
<arg>//div[@data-validate="Vui lòng nhập password"]</arg>
<kw name="Input Text" library="SeleniumLibrary">
<arg>${locator_username}</arg>
<arg>${username}</arg>
<doc>Types the given ``text`` into the text field identified by ``locator``.</doc>
<msg timestamp="20221026 20:22:53.117" level="INFO">Typing text 'Sally51' into text field '//input[@name='admin_account']'.</msg>
<status status="PASS" starttime="20221026 20:22:53.115" endtime="20221026 20:22:53.252"/>
</kw>
<kw name="Input Password" library="SeleniumLibrary">
<arg>${locator_password}</arg>
<arg>${password}</arg>
<doc>Types the given password into the text field identified by ``locator``.</doc>
<msg timestamp="20221026 20:22:53.252" level="INFO">Typing password into text field '//input[@name="admin_password"]'.</msg>
<msg timestamp="20221026 20:22:53.285" level="INFO">Temporally setting log level to: NONE</msg>
<msg timestamp="20221026 20:22:53.316" level="INFO">Log level changed from NONE to INFO.</msg>
<status status="PASS" starttime="20221026 20:22:53.252" endtime="20221026 20:22:53.317"/>
</kw>
<kw name="Click Button" library="SeleniumLibrary">
<arg>${locator_button}</arg>
<doc>Clicks the button identified by ``locator``.</doc>
<msg timestamp="20221026 20:22:53.317" level="INFO">Clicking button '//button[@id='button_login']'.</msg>
<status status="PASS" starttime="20221026 20:22:53.317" endtime="20221026 20:22:53.363"/>
</kw>
<kw name="Wait Until Page Contains Element" library="SeleniumLibrary">
<arg>${expect}</arg>
<doc>Waits until the element ``locator`` appears on the current page.</doc>
<status status="PASS" starttime="20221026 20:22:53.363" endtime="20221026 20:22:53.372"/>
</kw>
<kw name="Reload Page" library="SeleniumLibrary">
<doc>Simulates user reloading page.</doc>
<status status="PASS" starttime="20221026 20:22:53.372" endtime="20221026 20:22:53.553"/>
</kw>
<kw name="Sleep" library="BuiltIn">
<arg>3s</arg>
<doc>Pauses the test executed for the given time.</doc>
<msg timestamp="20221026 20:22:56.569" level="INFO">Slept 3 seconds</msg>
<status status="PASS" starttime="20221026 20:22:53.553" endtime="20221026 20:22:56.570"/>
</kw>
<status status="PASS" starttime="20221026 20:22:53.112" endtime="20221026 20:22:56.571"/>
</kw>
<kw name="Finish TestCase" library="Common_Keyword" type="TEARDOWN">
<kw name="Close Browser" library="SeleniumLibrary">
<doc>Closes the current browser.</doc>
<status status="PASS" starttime="20221026 20:22:56.574" endtime="20221026 20:22:58.801"/>
</kw>
<status status="PASS" starttime="20221026 20:22:56.573" endtime="20221026 20:22:58.802"/>
</kw>
<tag>Check_Login_fail</tag>
<status status="PASS" starttime="20221026 20:22:40.441" endtime="20221026 20:22:58.803"/>
</test>
<status status="PASS" starttime="20221026 20:22:33.629" endtime="20221026 20:22:58.806"/>
</suite>
<statistics>
<total>
<stat pass="2" fail="0" skip="0">All Tests</stat>
</total>
<tag>
<stat pass="1" fail="0" skip="0">Check_Login_fail</stat>
</tag>
<suite>
<stat pass="2" fail="0" skip="0" id="s1" name="Login">Login</stat>
</suite>
</statistics>
<errors>
</errors>
</robot>
