<?xml version="1.0" encoding="UTF-8"?>
<robot generator="Robot 4.1.2 (Python 3.9.12 on win32)" generated="20230206 23:16:53.885" rpa="false" schemaversion="2">
<suite id="s1" name="RegisterStudent" source="C:\Users\nguye\PycharmProjects\DATN_RF\Tests\Functional_Tests\05__RegisterStudent\05__RegisterStudent.robot">
<test id="s1-t1" name="RG01_Register and Verify data register">
<kw name="Open User Site Using Chrome Browser" library="Common_Keyword" type="SETUP">
<kw name="Open Browser" library="SeleniumLibrary">
<arg>${url_production_page}</arg>
<arg>${browser}</arg>
<doc>Opens a new browser instance to the optional ``url``.</doc>
<msg timestamp="20230206 23:16:54.589" level="INFO">Opening browser 'Chrome' to base url 'https://datncl.top/'.</msg>
<status status="PASS" starttime="20230206 23:16:54.587" endtime="20230206 23:16:57.631"/>
</kw>
<kw name="Maximize Browser Window" library="SeleniumLibrary">
<doc>Maximizes current browser window.</doc>
<status status="PASS" starttime="20230206 23:16:57.632" endtime="20230206 23:16:57.775"/>
</kw>
<status status="PASS" starttime="20230206 23:16:54.586" endtime="20230206 23:16:57.776"/>
</kw>
<kw name="Click Element" library="SeleniumLibrary">
<arg>//a[contains(text(),'Liên hệ')]</arg>
<doc>Click the element identified by ``locator``.</doc>
<msg timestamp="20230206 23:16:57.781" level="INFO">Clicking element '//a[contains(text(),'Liên hệ')]'.</msg>
<status status="PASS" starttime="20230206 23:16:57.776" endtime="20230206 23:16:58.356"/>
</kw>
<kw name="Sleep" library="BuiltIn">
<arg>2s</arg>
<doc>Pauses the test executed for the given time.</doc>
<msg timestamp="20230206 23:17:00.373" level="INFO">Slept 2 seconds</msg>
<status status="PASS" starttime="20230206 23:16:58.357" endtime="20230206 23:17:00.373"/>
</kw>
<kw name="Input data" library="RegisterStudent_User_Defined_Keyword">
<arg>Nguyễn Văn A</arg>
<arg>linh@gmail.com</arg>
<arg>0988888888</arg>
<arg>Toán</arg>
<kw name="Input Text" library="SeleniumLibrary">
<arg>//input[@id='name']</arg>
<arg>${hoten}</arg>
<doc>Types the given ``text`` into the text field identified by ``locator``.</doc>
<msg timestamp="20230206 23:17:00.375" level="INFO">Typing text 'Nguyễn Văn A' into text field '//input[@id='name']'.</msg>
<status status="PASS" starttime="20230206 23:17:00.375" endtime="20230206 23:17:00.532"/>
</kw>
<kw name="Input Text" library="SeleniumLibrary">
<arg>//input[@id='email']</arg>
<arg>${email}</arg>
<doc>Types the given ``text`` into the text field identified by ``locator``.</doc>
<msg timestamp="20230206 23:17:00.533" level="INFO">Typing text 'linh@gmail.com' into text field '//input[@id='email']'.</msg>
<status status="PASS" starttime="20230206 23:17:00.533" endtime="20230206 23:17:00.709"/>
</kw>
<kw name="Input Text" library="SeleniumLibrary">
<arg>//input[@id='phone']</arg>
<arg>${phone}</arg>
<doc>Types the given ``text`` into the text field identified by ``locator``.</doc>
<msg timestamp="20230206 23:17:00.710" level="INFO">Typing text '0988888888' into text field '//input[@id='phone']'.</msg>
<status status="PASS" starttime="20230206 23:17:00.710" endtime="20230206 23:17:00.817"/>
</kw>
<kw name="Input Text" library="SeleniumLibrary">
<arg>//textarea[@id='message']</arg>
<arg>${subject}</arg>
<doc>Types the given ``text`` into the text field identified by ``locator``.</doc>
<msg timestamp="20230206 23:17:00.818" level="INFO">Typing text 'Toán' into text field '//textarea[@id='message']'.</msg>
<status status="PASS" starttime="20230206 23:17:00.818" endtime="20230206 23:17:00.967"/>
</kw>
<kw name="Click Element" library="SeleniumLibrary">
<arg>//input[@id='submit']</arg>
<doc>Click the element identified by ``locator``.</doc>
<msg timestamp="20230206 23:17:00.967" level="INFO">Clicking element '//input[@id='submit']'.</msg>
<status status="PASS" starttime="20230206 23:17:00.967" endtime="20230206 23:17:01.354"/>
</kw>
<status status="PASS" starttime="20230206 23:17:00.374" endtime="20230206 23:17:01.354"/>
</kw>
<kw name="Sleep" library="BuiltIn">
<arg>2s</arg>
<doc>Pauses the test executed for the given time.</doc>
<msg timestamp="20230206 23:17:03.366" level="INFO">Slept 2 seconds</msg>
<status status="PASS" starttime="20230206 23:17:01.354" endtime="20230206 23:17:03.366"/>
</kw>
<kw name="Close Browser" library="SeleniumLibrary">
<doc>Closes the current browser.</doc>
<status status="PASS" starttime="20230206 23:17:03.366" endtime="20230206 23:17:05.738"/>
</kw>
<kw name="Open Admin Site Using Chrome Browser" library="Common_Keyword">
<kw name="Open Browser" library="SeleniumLibrary">
<arg>${url_production_admin}</arg>
<arg>${browser}</arg>
<doc>Opens a new browser instance to the optional ``url``.</doc>
<msg timestamp="20230206 23:17:05.741" level="INFO">Opening browser 'Chrome' to base url 'https://datncl.top/admin'.</msg>
<status status="PASS" starttime="20230206 23:17:05.740" endtime="20230206 23:17:07.741"/>
</kw>
<kw name="Maximize Browser Window" library="SeleniumLibrary">
<doc>Maximizes current browser window.</doc>
<status status="PASS" starttime="20230206 23:17:07.741" endtime="20230206 23:17:07.872"/>
</kw>
<status status="PASS" starttime="20230206 23:17:05.740" endtime="20230206 23:17:07.873"/>
</kw>
<kw name="Redirect not contacted page" library="RegisterStudent_User_Defined_Keyword">
<kw name="Verify_Login_Successfully" library="Common_Keyword">
<kw name="Input Text" library="SeleniumLibrary">
<arg>${locator_username}</arg>
<arg>${data_username}</arg>
<doc>Types the given ``text`` into the text field identified by ``locator``.</doc>
<msg timestamp="20230206 23:17:07.877" level="INFO">Typing text 'Sally51' into text field '//input[@name='admin_account']'.</msg>
<status status="PASS" starttime="20230206 23:17:07.875" endtime="20230206 23:17:08.084"/>
</kw>
<kw name="Input Password" library="SeleniumLibrary">
<arg>${locator_password}</arg>
<arg>${data_password}</arg>
<doc>Types the given password into the text field identified by ``locator``.</doc>
<msg timestamp="20230206 23:17:08.086" level="INFO">Typing password into text field '//input[@name="admin_password"]'.</msg>
<msg timestamp="20230206 23:17:08.148" level="INFO">Temporally setting log level to: NONE</msg>
<msg timestamp="20230206 23:17:08.200" level="INFO">Log level changed from NONE to INFO.</msg>
<status status="PASS" starttime="20230206 23:17:08.085" endtime="20230206 23:17:08.200"/>
</kw>
<kw name="Click Button" library="SeleniumLibrary">
<arg>${locator_button}</arg>
<doc>Clicks the button identified by ``locator``.</doc>
<msg timestamp="20230206 23:17:08.201" level="INFO">Clicking button '//button[@id='button_login']'.</msg>
<status status="PASS" starttime="20230206 23:17:08.201" endtime="20230206 23:17:11.325"/>
</kw>
<kw name="Wait Until Page Contains" library="SeleniumLibrary">
<arg>Thống kê số lượng học sinh đăng ký</arg>
<doc>Waits until ``text`` appears on the current page.</doc>
<status status="PASS" starttime="20230206 23:17:11.325" endtime="20230206 23:17:11.345"/>
</kw>
<status status="PASS" starttime="20230206 23:17:07.875" endtime="20230206 23:17:11.345"/>
</kw>
<kw name="Click Element" library="SeleniumLibrary">
<arg>//span[@id='register_student']</arg>
<doc>Click the element identified by ``locator``.</doc>
<msg timestamp="20230206 23:17:11.345" level="INFO">Clicking element '//span[@id='register_student']'.</msg>
<status status="PASS" starttime="20230206 23:17:11.345" endtime="20230206 23:17:11.402"/>
</kw>
<kw name="Wait Until Element Is Visible" library="SeleniumLibrary">
<arg>//a[@id='contacted']</arg>
<doc>Waits until the element ``locator`` is visible.</doc>
<status status="PASS" starttime="20230206 23:17:11.402" endtime="20230206 23:17:11.434"/>
</kw>
<kw name="Click Element" library="SeleniumLibrary">
<arg>//a[@id='contacted']</arg>
<doc>Click the element identified by ``locator``.</doc>
<msg timestamp="20230206 23:17:11.435" level="INFO">Clicking element '//a[@id='contacted']'.</msg>
<status status="PASS" starttime="20230206 23:17:11.434" endtime="20230206 23:17:11.808"/>
</kw>
<kw name="Sleep" library="BuiltIn">
<arg>2s</arg>
<doc>Pauses the test executed for the given time.</doc>
<msg timestamp="20230206 23:17:13.815" level="INFO">Slept 2 seconds</msg>
<status status="PASS" starttime="20230206 23:17:11.809" endtime="20230206 23:17:13.815"/>
</kw>
<status status="PASS" starttime="20230206 23:17:07.874" endtime="20230206 23:17:13.816"/>
</kw>
<kw name="Sleep" library="BuiltIn">
<arg>3s</arg>
<doc>Pauses the test executed for the given time.</doc>
<msg timestamp="20230206 23:17:16.822" level="INFO">Slept 3 seconds</msg>
<status status="PASS" starttime="20230206 23:17:13.817" endtime="20230206 23:17:16.822"/>
</kw>
<kw name="Verify data register" library="RegisterStudent_User_Defined_Keyword">
<arg>Nguyễn Văn A</arg>
<arg>linh@gmail.com</arg>
<arg>0988888888</arg>
<arg>Toán</arg>
<kw name="Wait Until Element Contains" library="SeleniumLibrary">
<arg>//tbody/tr[1]/td[1]</arg>
<arg>${hoten}</arg>
<doc>Waits until the element ``locator`` contains ``text``.</doc>
<status status="PASS" starttime="20230206 23:17:16.824" endtime="20230206 23:17:16.859"/>
</kw>
<kw name="Wait Until Element Contains" library="SeleniumLibrary">
<arg>//tbody/tr[1]/td[2]</arg>
<arg>${email}</arg>
<doc>Waits until the element ``locator`` contains ``text``.</doc>
<status status="PASS" starttime="20230206 23:17:16.859" endtime="20230206 23:17:16.898"/>
</kw>
<kw name="Wait Until Element Contains" library="SeleniumLibrary">
<arg>//tbody/tr[1]/td[3]</arg>
<arg>${phone}</arg>
<doc>Waits until the element ``locator`` contains ``text``.</doc>
<status status="PASS" starttime="20230206 23:17:16.898" endtime="20230206 23:17:16.933"/>
</kw>
<kw name="Wait Until Element Contains" library="SeleniumLibrary">
<arg>//tbody/tr[1]/td[4]</arg>
<arg>${subject}</arg>
<doc>Waits until the element ``locator`` contains ``text``.</doc>
<status status="PASS" starttime="20230206 23:17:16.934" endtime="20230206 23:17:16.969"/>
</kw>
<status status="PASS" starttime="20230206 23:17:16.823" endtime="20230206 23:17:16.969"/>
</kw>
<kw name="Close Website" library="Common_Keyword" type="TEARDOWN">
<kw name="Close Browser" library="SeleniumLibrary">
<doc>Closes the current browser.</doc>
<status status="PASS" starttime="20230206 23:17:16.971" endtime="20230206 23:17:19.258"/>
</kw>
<status status="PASS" starttime="20230206 23:17:16.970" endtime="20230206 23:17:19.259"/>
</kw>
<tag>Integration_Test</tag>
<status status="PASS" starttime="20230206 23:16:54.585" endtime="20230206 23:17:19.259"/>
</test>
<test id="s1-t2" name="RG02-Verify change status contacted">
<kw name="Open Admin Site Using Chrome Browser" library="Common_Keyword" type="SETUP">
<kw name="Open Browser" library="SeleniumLibrary">
<arg>${url_production_admin}</arg>
<arg>${browser}</arg>
<doc>Opens a new browser instance to the optional ``url``.</doc>
<msg timestamp="20230206 23:17:19.263" level="INFO">Opening browser 'Chrome' to base url 'https://datncl.top/admin'.</msg>
<status status="PASS" starttime="20230206 23:17:19.262" endtime="20230206 23:17:21.108"/>
</kw>
<kw name="Maximize Browser Window" library="SeleniumLibrary">
<doc>Maximizes current browser window.</doc>
<status status="PASS" starttime="20230206 23:17:21.110" endtime="20230206 23:17:21.251"/>
</kw>
<status status="PASS" starttime="20230206 23:17:19.262" endtime="20230206 23:17:21.251"/>
</kw>
<kw name="Redirect not contacted page" library="RegisterStudent_User_Defined_Keyword">
<kw name="Verify_Login_Successfully" library="Common_Keyword">
<kw name="Input Text" library="SeleniumLibrary">
<arg>${locator_username}</arg>
<arg>${data_username}</arg>
<doc>Types the given ``text`` into the text field identified by ``locator``.</doc>
<msg timestamp="20230206 23:17:21.254" level="INFO">Typing text 'Sally51' into text field '//input[@name='admin_account']'.</msg>
<status status="PASS" starttime="20230206 23:17:21.253" endtime="20230206 23:17:21.454"/>
</kw>
<kw name="Input Password" library="SeleniumLibrary">
<arg>${locator_password}</arg>
<arg>${data_password}</arg>
<doc>Types the given password into the text field identified by ``locator``.</doc>
<msg timestamp="20230206 23:17:21.457" level="INFO">Typing password into text field '//input[@name="admin_password"]'.</msg>
<msg timestamp="20230206 23:17:21.543" level="INFO">Temporally setting log level to: NONE</msg>
<msg timestamp="20230206 23:17:21.644" level="INFO">Log level changed from NONE to INFO.</msg>
<status status="PASS" starttime="20230206 23:17:21.455" endtime="20230206 23:17:21.645"/>
</kw>
<kw name="Click Button" library="SeleniumLibrary">
<arg>${locator_button}</arg>
<doc>Clicks the button identified by ``locator``.</doc>
<msg timestamp="20230206 23:17:21.648" level="INFO">Clicking button '//button[@id='button_login']'.</msg>
<status status="PASS" starttime="20230206 23:17:21.646" endtime="20230206 23:17:24.129"/>
</kw>
<kw name="Wait Until Page Contains" library="SeleniumLibrary">
<arg>Thống kê số lượng học sinh đăng ký</arg>
<doc>Waits until ``text`` appears on the current page.</doc>
<status status="PASS" starttime="20230206 23:17:24.130" endtime="20230206 23:17:24.149"/>
</kw>
<status status="PASS" starttime="20230206 23:17:21.252" endtime="20230206 23:17:24.149"/>
</kw>
<kw name="Click Element" library="SeleniumLibrary">
<arg>//span[@id='register_student']</arg>
<doc>Click the element identified by ``locator``.</doc>
<msg timestamp="20230206 23:17:24.150" level="INFO">Clicking element '//span[@id='register_student']'.</msg>
<status status="PASS" starttime="20230206 23:17:24.149" endtime="20230206 23:17:24.206"/>
</kw>
<kw name="Wait Until Element Is Visible" library="SeleniumLibrary">
<arg>//a[@id='contacted']</arg>
<doc>Waits until the element ``locator`` is visible.</doc>
<status status="PASS" starttime="20230206 23:17:24.206" endtime="20230206 23:17:24.239"/>
</kw>
<kw name="Click Element" library="SeleniumLibrary">
<arg>//a[@id='contacted']</arg>
<doc>Click the element identified by ``locator``.</doc>
<msg timestamp="20230206 23:17:24.240" level="INFO">Clicking element '//a[@id='contacted']'.</msg>
<status status="PASS" starttime="20230206 23:17:24.240" endtime="20230206 23:17:24.597"/>
</kw>
<kw name="Sleep" library="BuiltIn">
<arg>2s</arg>
<doc>Pauses the test executed for the given time.</doc>
<msg timestamp="20230206 23:17:26.612" level="INFO">Slept 2 seconds</msg>
<status status="PASS" starttime="20230206 23:17:24.599" endtime="20230206 23:17:26.613"/>
</kw>
<status status="PASS" starttime="20230206 23:17:21.252" endtime="20230206 23:17:26.614"/>
</kw>
<kw name="Click Element" library="SeleniumLibrary">
<arg>//tbody/tr[1]/td[6]/a[1]/span[1]</arg>
<doc>Click the element identified by ``locator``.</doc>
<msg timestamp="20230206 23:17:26.615" level="INFO">Clicking element '//tbody/tr[1]/td[6]/a[1]/span[1]'.</msg>
<status status="PASS" starttime="20230206 23:17:26.614" endtime="20230206 23:17:27.173"/>
</kw>
<kw name="Sleep" library="BuiltIn">
<arg>3s</arg>
<doc>Pauses the test executed for the given time.</doc>
<msg timestamp="20230206 23:17:30.175" level="INFO">Slept 3 seconds</msg>
<status status="PASS" starttime="20230206 23:17:27.173" endtime="20230206 23:17:30.175"/>
</kw>
<kw name="Wait Until Page Contains" library="SeleniumLibrary">
<arg>Thay đổi trạng thái thành công</arg>
<doc>Waits until ``text`` appears on the current page.</doc>
<status status="PASS" starttime="20230206 23:17:30.176" endtime="20230206 23:17:30.204"/>
</kw>
<kw name="Close Website" library="Common_Keyword" type="TEARDOWN">
<kw name="Close Browser" library="SeleniumLibrary">
<doc>Closes the current browser.</doc>
<status status="PASS" starttime="20230206 23:17:30.206" endtime="20230206 23:17:32.493"/>
</kw>
<status status="PASS" starttime="20230206 23:17:30.205" endtime="20230206 23:17:32.494"/>
</kw>
<tag>Check_Change_Status_Student_Register</tag>
<status status="PASS" starttime="20230206 23:17:19.260" endtime="20230206 23:17:32.495"/>
</test>
<test id="s1-t3" name="RG3-Verify delete student not contacted">
<kw name="Open Admin Site Using Chrome Browser" library="Common_Keyword" type="SETUP">
<kw name="Open Browser" library="SeleniumLibrary">
<arg>${url_production_admin}</arg>
<arg>${browser}</arg>
<doc>Opens a new browser instance to the optional ``url``.</doc>
<msg timestamp="20230206 23:17:32.499" level="INFO">Opening browser 'Chrome' to base url 'https://datncl.top/admin'.</msg>
<status status="PASS" starttime="20230206 23:17:32.498" endtime="20230206 23:17:34.607"/>
</kw>
<kw name="Maximize Browser Window" library="SeleniumLibrary">
<doc>Maximizes current browser window.</doc>
<status status="PASS" starttime="20230206 23:17:34.609" endtime="20230206 23:17:34.886"/>
</kw>
<status status="PASS" starttime="20230206 23:17:32.497" endtime="20230206 23:17:34.887"/>
</kw>
<kw name="Redirect not contacted page" library="RegisterStudent_User_Defined_Keyword">
<kw name="Verify_Login_Successfully" library="Common_Keyword">
<kw name="Input Text" library="SeleniumLibrary">
<arg>${locator_username}</arg>
<arg>${data_username}</arg>
<doc>Types the given ``text`` into the text field identified by ``locator``.</doc>
<msg timestamp="20230206 23:17:34.893" level="INFO">Typing text 'Sally51' into text field '//input[@name='admin_account']'.</msg>
<status status="PASS" starttime="20230206 23:17:34.891" endtime="20230206 23:17:35.247"/>
</kw>
<kw name="Input Password" library="SeleniumLibrary">
<arg>${locator_password}</arg>
<arg>${data_password}</arg>
<doc>Types the given password into the text field identified by ``locator``.</doc>
<msg timestamp="20230206 23:17:35.250" level="INFO">Typing password into text field '//input[@name="admin_password"]'.</msg>
<msg timestamp="20230206 23:17:35.346" level="INFO">Temporally setting log level to: NONE</msg>
<msg timestamp="20230206 23:17:35.462" level="INFO">Log level changed from NONE to INFO.</msg>
<status status="PASS" starttime="20230206 23:17:35.249" endtime="20230206 23:17:35.463"/>
</kw>
<kw name="Click Button" library="SeleniumLibrary">
<arg>${locator_button}</arg>
<doc>Clicks the button identified by ``locator``.</doc>
<msg timestamp="20230206 23:17:35.465" level="INFO">Clicking button '//button[@id='button_login']'.</msg>
<status status="PASS" starttime="20230206 23:17:35.464" endtime="20230206 23:17:38.345"/>
</kw>
<kw name="Wait Until Page Contains" library="SeleniumLibrary">
<arg>Thống kê số lượng học sinh đăng ký</arg>
<doc>Waits until ``text`` appears on the current page.</doc>
<status status="PASS" starttime="20230206 23:17:38.346" endtime="20230206 23:17:38.373"/>
</kw>
<status status="PASS" starttime="20230206 23:17:34.888" endtime="20230206 23:17:38.374"/>
</kw>
<kw name="Click Element" library="SeleniumLibrary">
<arg>//span[@id='register_student']</arg>
<doc>Click the element identified by ``locator``.</doc>
<msg timestamp="20230206 23:17:38.375" level="INFO">Clicking element '//span[@id='register_student']'.</msg>
<status status="PASS" starttime="20230206 23:17:38.374" endtime="20230206 23:17:38.467"/>
</kw>
<kw name="Wait Until Element Is Visible" library="SeleniumLibrary">
<arg>//a[@id='contacted']</arg>
<doc>Waits until the element ``locator`` is visible.</doc>
<status status="PASS" starttime="20230206 23:17:38.467" endtime="20230206 23:17:38.513"/>
</kw>
<kw name="Click Element" library="SeleniumLibrary">
<arg>//a[@id='contacted']</arg>
<doc>Click the element identified by ``locator``.</doc>
<msg timestamp="20230206 23:17:38.514" level="INFO">Clicking element '//a[@id='contacted']'.</msg>
<status status="PASS" starttime="20230206 23:17:38.514" endtime="20230206 23:17:38.935"/>
</kw>
<kw name="Sleep" library="BuiltIn">
<arg>2s</arg>
<doc>Pauses the test executed for the given time.</doc>
<msg timestamp="20230206 23:17:40.940" level="INFO">Slept 2 seconds</msg>
<status status="PASS" starttime="20230206 23:17:38.936" endtime="20230206 23:17:40.940"/>
</kw>
<status status="PASS" starttime="20230206 23:17:34.888" endtime="20230206 23:17:40.941"/>
</kw>
<kw name="Click Element" library="SeleniumLibrary">
<arg>//tbody/tr[1]/td[7]/form[1]/button[1]</arg>
<doc>Click the element identified by ``locator``.</doc>
<msg timestamp="20230206 23:17:40.941" level="INFO">Clicking element '//tbody/tr[1]/td[7]/form[1]/button[1]'.</msg>
<status status="PASS" starttime="20230206 23:17:40.941" endtime="20230206 23:17:41.021"/>
</kw>
<kw name="Delete register" library="RegisterStudent_User_Defined_Keyword">
<kw name="Handle Alert" library="SeleniumLibrary">
<arg>action=ACCEPT</arg>
<arg>timeout=5s</arg>
<doc>Handles the current alert and returns its message.</doc>
<msg timestamp="20230206 23:17:41.023" level="INFO">HANDLE::&lt;class 'datetime.timedelta'&gt;::0:00:05</msg>
<status status="PASS" starttime="20230206 23:17:41.022" endtime="20230206 23:17:41.121"/>
</kw>
<status status="PASS" starttime="20230206 23:17:41.021" endtime="20230206 23:17:41.121"/>
</kw>
<kw name="Wait Until Page Contains" library="SeleniumLibrary">
<arg>Xóa học sinh đăng ký thành công</arg>
<doc>Waits until ``text`` appears on the current page.</doc>
<status status="PASS" starttime="20230206 23:17:41.122" endtime="20230206 23:17:41.627"/>
</kw>
<kw name="Close Website" library="Common_Keyword" type="TEARDOWN">
<kw name="Close Browser" library="SeleniumLibrary">
<doc>Closes the current browser.</doc>
<status status="PASS" starttime="20230206 23:17:41.630" endtime="20230206 23:17:43.950"/>
</kw>
<status status="PASS" starttime="20230206 23:17:41.628" endtime="20230206 23:17:43.952"/>
</kw>
<tag>Check_Delete_Student_Register</tag>
<status status="PASS" starttime="20230206 23:17:32.496" endtime="20230206 23:17:43.952"/>
</test>
<test id="s1-t4" name="RG4-Verify change status not contacted">
<kw name="Open Admin Site Using Chrome Browser" library="Common_Keyword" type="SETUP">
<kw name="Open Browser" library="SeleniumLibrary">
<arg>${url_production_admin}</arg>
<arg>${browser}</arg>
<doc>Opens a new browser instance to the optional ``url``.</doc>
<msg timestamp="20230206 23:17:43.955" level="INFO">Opening browser 'Chrome' to base url 'https://datncl.top/admin'.</msg>
<status status="PASS" starttime="20230206 23:17:43.955" endtime="20230206 23:17:46.342"/>
</kw>
<kw name="Maximize Browser Window" library="SeleniumLibrary">
<doc>Maximizes current browser window.</doc>
<status status="PASS" starttime="20230206 23:17:46.342" endtime="20230206 23:17:46.518"/>
</kw>
<status status="PASS" starttime="20230206 23:17:43.954" endtime="20230206 23:17:46.519"/>
</kw>
<kw name="Redirect contacted page" library="RegisterStudent_User_Defined_Keyword">
<kw name="Verify_Login_Successfully" library="Common_Keyword">
<kw name="Input Text" library="SeleniumLibrary">
<arg>${locator_username}</arg>
<arg>${data_username}</arg>
<doc>Types the given ``text`` into the text field identified by ``locator``.</doc>
<msg timestamp="20230206 23:17:46.524" level="INFO">Typing text 'Sally51' into text field '//input[@name='admin_account']'.</msg>
<status status="PASS" starttime="20230206 23:17:46.521" endtime="20230206 23:17:46.827"/>
</kw>
<kw name="Input Password" library="SeleniumLibrary">
<arg>${locator_password}</arg>
<arg>${data_password}</arg>
<doc>Types the given password into the text field identified by ``locator``.</doc>
<msg timestamp="20230206 23:17:46.830" level="INFO">Typing password into text field '//input[@name="admin_password"]'.</msg>
<msg timestamp="20230206 23:17:46.921" level="INFO">Temporally setting log level to: NONE</msg>
<msg timestamp="20230206 23:17:47.022" level="INFO">Log level changed from NONE to INFO.</msg>
<status status="PASS" starttime="20230206 23:17:46.828" endtime="20230206 23:17:47.022"/>
</kw>
<kw name="Click Button" library="SeleniumLibrary">
<arg>${locator_button}</arg>
<doc>Clicks the button identified by ``locator``.</doc>
<msg timestamp="20230206 23:17:47.024" level="INFO">Clicking button '//button[@id='button_login']'.</msg>
<status status="PASS" starttime="20230206 23:17:47.023" endtime="20230206 23:17:49.467"/>
</kw>
<kw name="Wait Until Page Contains" library="SeleniumLibrary">
<arg>Thống kê số lượng học sinh đăng ký</arg>
<doc>Waits until ``text`` appears on the current page.</doc>
<status status="PASS" starttime="20230206 23:17:49.468" endtime="20230206 23:17:49.493"/>
</kw>
<status status="PASS" starttime="20230206 23:17:46.520" endtime="20230206 23:17:49.493"/>
</kw>
<kw name="Click Element" library="SeleniumLibrary">
<arg>//span[@id='register_student']</arg>
<doc>Click the element identified by ``locator``.</doc>
<msg timestamp="20230206 23:17:49.494" level="INFO">Clicking element '//span[@id='register_student']'.</msg>
<status status="PASS" starttime="20230206 23:17:49.494" endtime="20230206 23:17:49.569"/>
</kw>
<kw name="Wait Until Element Is Visible" library="SeleniumLibrary">
<arg>//a[@id='not_contacted']</arg>
<doc>Waits until the element ``locator`` is visible.</doc>
<status status="PASS" starttime="20230206 23:17:49.569" endtime="20230206 23:17:49.875"/>
</kw>
<kw name="Click Element" library="SeleniumLibrary">
<arg>//a[@id='not_contacted']</arg>
<doc>Click the element identified by ``locator``.</doc>
<msg timestamp="20230206 23:17:49.876" level="INFO">Clicking element '//a[@id='not_contacted']'.</msg>
<status status="PASS" starttime="20230206 23:17:49.875" endtime="20230206 23:17:50.253"/>
</kw>
<kw name="Sleep" library="BuiltIn">
<arg>2s</arg>
<doc>Pauses the test executed for the given time.</doc>
<msg timestamp="20230206 23:17:52.257" level="INFO">Slept 2 seconds</msg>
<status status="PASS" starttime="20230206 23:17:50.254" endtime="20230206 23:17:52.257"/>
</kw>
<status status="PASS" starttime="20230206 23:17:46.519" endtime="20230206 23:17:52.257"/>
</kw>
<kw name="Sleep" library="BuiltIn">
<arg>5s</arg>
<doc>Pauses the test executed for the given time.</doc>
<msg timestamp="20230206 23:17:57.269" level="INFO">Slept 5 seconds</msg>
<status status="PASS" starttime="20230206 23:17:52.258" endtime="20230206 23:17:57.269"/>
</kw>
<kw name="Click Element" library="SeleniumLibrary">
<arg>//tbody/tr[1]/td[6]/a[1]/span[1]</arg>
<doc>Click the element identified by ``locator``.</doc>
<msg timestamp="20230206 23:17:57.271" level="INFO">Clicking element '//tbody/tr[1]/td[6]/a[1]/span[1]'.</msg>
<status status="PASS" starttime="20230206 23:17:57.269" endtime="20230206 23:17:57.823"/>
</kw>
<kw name="Sleep" library="BuiltIn">
<arg>3s</arg>
<doc>Pauses the test executed for the given time.</doc>
<msg timestamp="20230206 23:18:00.840" level="INFO">Slept 3 seconds</msg>
<status status="PASS" starttime="20230206 23:17:57.824" endtime="20230206 23:18:00.841"/>
</kw>
<kw name="Wait Until Page Contains" library="SeleniumLibrary">
<arg>Thay đổi trạng thái thành công</arg>
<doc>Waits until ``text`` appears on the current page.</doc>
<status status="PASS" starttime="20230206 23:18:00.842" endtime="20230206 23:18:00.875"/>
</kw>
<kw name="Close Website" library="Common_Keyword" type="TEARDOWN">
<kw name="Close Browser" library="SeleniumLibrary">
<doc>Closes the current browser.</doc>
<status status="PASS" starttime="20230206 23:18:00.877" endtime="20230206 23:18:03.317"/>
</kw>
<status status="PASS" starttime="20230206 23:18:00.876" endtime="20230206 23:18:03.317"/>
</kw>
<tag>Check_Change_Status_Student_Register</tag>
<status status="PASS" starttime="20230206 23:17:43.953" endtime="20230206 23:18:03.318"/>
</test>
<test id="s1-t5" name="RG5-Verify delete student contacted">
<kw name="Open Admin Site Using Chrome Browser" library="Common_Keyword" type="SETUP">
<kw name="Open Browser" library="SeleniumLibrary">
<arg>${url_production_admin}</arg>
<arg>${browser}</arg>
<doc>Opens a new browser instance to the optional ``url``.</doc>
<msg timestamp="20230206 23:18:03.321" level="INFO">Opening browser 'Chrome' to base url 'https://datncl.top/admin'.</msg>
<status status="PASS" starttime="20230206 23:18:03.320" endtime="20230206 23:18:05.870"/>
</kw>
<kw name="Maximize Browser Window" library="SeleniumLibrary">
<doc>Maximizes current browser window.</doc>
<status status="PASS" starttime="20230206 23:18:05.871" endtime="20230206 23:18:06.018"/>
</kw>
<status status="PASS" starttime="20230206 23:18:03.320" endtime="20230206 23:18:06.019"/>
</kw>
<kw name="Redirect not contacted page" library="RegisterStudent_User_Defined_Keyword">
<kw name="Verify_Login_Successfully" library="Common_Keyword">
<kw name="Input Text" library="SeleniumLibrary">
<arg>${locator_username}</arg>
<arg>${data_username}</arg>
<doc>Types the given ``text`` into the text field identified by ``locator``.</doc>
<msg timestamp="20230206 23:18:06.025" level="INFO">Typing text 'Sally51' into text field '//input[@name='admin_account']'.</msg>
<status status="PASS" starttime="20230206 23:18:06.023" endtime="20230206 23:18:06.245"/>
</kw>
<kw name="Input Password" library="SeleniumLibrary">
<arg>${locator_password}</arg>
<arg>${data_password}</arg>
<doc>Types the given password into the text field identified by ``locator``.</doc>
<msg timestamp="20230206 23:18:06.248" level="INFO">Typing password into text field '//input[@name="admin_password"]'.</msg>
<msg timestamp="20230206 23:18:06.321" level="INFO">Temporally setting log level to: NONE</msg>
<msg timestamp="20230206 23:18:06.402" level="INFO">Log level changed from NONE to INFO.</msg>
<status status="PASS" starttime="20230206 23:18:06.247" endtime="20230206 23:18:06.402"/>
</kw>
<kw name="Click Button" library="SeleniumLibrary">
<arg>${locator_button}</arg>
<doc>Clicks the button identified by ``locator``.</doc>
<msg timestamp="20230206 23:18:06.403" level="INFO">Clicking button '//button[@id='button_login']'.</msg>
<status status="PASS" starttime="20230206 23:18:06.403" endtime="20230206 23:18:08.907"/>
</kw>
<kw name="Wait Until Page Contains" library="SeleniumLibrary">
<arg>Thống kê số lượng học sinh đăng ký</arg>
<doc>Waits until ``text`` appears on the current page.</doc>
<status status="PASS" starttime="20230206 23:18:08.907" endtime="20230206 23:18:08.926"/>
</kw>
<status status="PASS" starttime="20230206 23:18:06.022" endtime="20230206 23:18:08.927"/>
</kw>
<kw name="Click Element" library="SeleniumLibrary">
<arg>//span[@id='register_student']</arg>
<doc>Click the element identified by ``locator``.</doc>
<msg timestamp="20230206 23:18:08.930" level="INFO">Clicking element '//span[@id='register_student']'.</msg>
<status status="PASS" starttime="20230206 23:18:08.928" endtime="20230206 23:18:09.013"/>
</kw>
<kw name="Wait Until Element Is Visible" library="SeleniumLibrary">
<arg>//a[@id='contacted']</arg>
<doc>Waits until the element ``locator`` is visible.</doc>
<status status="PASS" starttime="20230206 23:18:09.014" endtime="20230206 23:18:09.082"/>
</kw>
<kw name="Click Element" library="SeleniumLibrary">
<arg>//a[@id='contacted']</arg>
<doc>Click the element identified by ``locator``.</doc>
<msg timestamp="20230206 23:18:09.083" level="INFO">Clicking element '//a[@id='contacted']'.</msg>
<status status="PASS" starttime="20230206 23:18:09.082" endtime="20230206 23:18:09.705"/>
</kw>
<kw name="Sleep" library="BuiltIn">
<arg>2s</arg>
<doc>Pauses the test executed for the given time.</doc>
<msg timestamp="20230206 23:18:11.708" level="INFO">Slept 2 seconds</msg>
<status status="PASS" starttime="20230206 23:18:09.705" endtime="20230206 23:18:11.708"/>
</kw>
<status status="PASS" starttime="20230206 23:18:06.020" endtime="20230206 23:18:11.709"/>
</kw>
<kw name="Click Element" library="SeleniumLibrary">
<arg>//tbody/tr[1]/td[7]/form[1]/button[1]</arg>
<doc>Click the element identified by ``locator``.</doc>
<msg timestamp="20230206 23:18:11.710" level="INFO">Clicking element '//tbody/tr[1]/td[7]/form[1]/button[1]'.</msg>
<status status="PASS" starttime="20230206 23:18:11.709" endtime="20230206 23:18:11.764"/>
</kw>
<kw name="Delete register" library="RegisterStudent_User_Defined_Keyword">
<kw name="Handle Alert" library="SeleniumLibrary">
<arg>action=ACCEPT</arg>
<arg>timeout=5s</arg>
<doc>Handles the current alert and returns its message.</doc>
<msg timestamp="20230206 23:18:11.766" level="INFO">HANDLE::&lt;class 'datetime.timedelta'&gt;::0:00:05</msg>
<status status="PASS" starttime="20230206 23:18:11.766" endtime="20230206 23:18:11.817"/>
</kw>
<status status="PASS" starttime="20230206 23:18:11.764" endtime="20230206 23:18:11.818"/>
</kw>
<kw name="Wait Until Page Contains" library="SeleniumLibrary">
<arg>Xóa học sinh đăng ký thành công</arg>
<doc>Waits until ``text`` appears on the current page.</doc>
<status status="PASS" starttime="20230206 23:18:11.818" endtime="20230206 23:18:12.391"/>
</kw>
<kw name="Close Website" library="Common_Keyword" type="TEARDOWN">
<kw name="Close Browser" library="SeleniumLibrary">
<doc>Closes the current browser.</doc>
<status status="PASS" starttime="20230206 23:18:12.393" endtime="20230206 23:18:14.654"/>
</kw>
<status status="PASS" starttime="20230206 23:18:12.392" endtime="20230206 23:18:14.654"/>
</kw>
<tag>Check_Delete_Student_Register</tag>
<status status="PASS" starttime="20230206 23:18:03.318" endtime="20230206 23:18:14.654"/>
</test>
<test id="s1-t6" name="SEARCH01-Check search to find data students contacted">
<kw name="Open Admin Site Using Chrome Browser" library="Common_Keyword" type="SETUP">
<kw name="Open Browser" library="SeleniumLibrary">
<arg>${url_production_admin}</arg>
<arg>${browser}</arg>
<doc>Opens a new browser instance to the optional ``url``.</doc>
<msg timestamp="20230206 23:18:14.657" level="INFO">Opening browser 'Chrome' to base url 'https://datncl.top/admin'.</msg>
<status status="PASS" starttime="20230206 23:18:14.657" endtime="20230206 23:18:16.734"/>
</kw>
<kw name="Maximize Browser Window" library="SeleniumLibrary">
<doc>Maximizes current browser window.</doc>
<status status="PASS" starttime="20230206 23:18:16.736" endtime="20230206 23:18:16.867"/>
</kw>
<status status="PASS" starttime="20230206 23:18:14.656" endtime="20230206 23:18:16.867"/>
</kw>
<kw name="Redirect contacted page" library="RegisterStudent_User_Defined_Keyword">
<kw name="Verify_Login_Successfully" library="Common_Keyword">
<kw name="Input Text" library="SeleniumLibrary">
<arg>${locator_username}</arg>
<arg>${data_username}</arg>
<doc>Types the given ``text`` into the text field identified by ``locator``.</doc>
<msg timestamp="20230206 23:18:16.870" level="INFO">Typing text 'Sally51' into text field '//input[@name='admin_account']'.</msg>
<status status="PASS" starttime="20230206 23:18:16.869" endtime="20230206 23:18:17.006"/>
</kw>
<kw name="Input Password" library="SeleniumLibrary">
<arg>${locator_password}</arg>
<arg>${data_password}</arg>
<doc>Types the given password into the text field identified by ``locator``.</doc>
<msg timestamp="20230206 23:18:17.007" level="INFO">Typing password into text field '//input[@name="admin_password"]'.</msg>
<msg timestamp="20230206 23:18:17.087" level="INFO">Temporally setting log level to: NONE</msg>
<msg timestamp="20230206 23:18:17.160" level="INFO">Log level changed from NONE to INFO.</msg>
<status status="PASS" starttime="20230206 23:18:17.006" endtime="20230206 23:18:17.160"/>
</kw>
<kw name="Click Button" library="SeleniumLibrary">
<arg>${locator_button}</arg>
<doc>Clicks the button identified by ``locator``.</doc>
<msg timestamp="20230206 23:18:17.162" level="INFO">Clicking button '//button[@id='button_login']'.</msg>
<status status="PASS" starttime="20230206 23:18:17.161" endtime="20230206 23:18:20.341"/>
</kw>
<kw name="Wait Until Page Contains" library="SeleniumLibrary">
<arg>Thống kê số lượng học sinh đăng ký</arg>
<doc>Waits until ``text`` appears on the current page.</doc>
<status status="PASS" starttime="20230206 23:18:20.341" endtime="20230206 23:18:20.364"/>
</kw>
<status status="PASS" starttime="20230206 23:18:16.868" endtime="20230206 23:18:20.364"/>
</kw>
<kw name="Click Element" library="SeleniumLibrary">
<arg>//span[@id='register_student']</arg>
<doc>Click the element identified by ``locator``.</doc>
<msg timestamp="20230206 23:18:20.366" level="INFO">Clicking element '//span[@id='register_student']'.</msg>
<status status="PASS" starttime="20230206 23:18:20.364" endtime="20230206 23:18:20.446"/>
</kw>
<kw name="Wait Until Element Is Visible" library="SeleniumLibrary">
<arg>//a[@id='not_contacted']</arg>
<doc>Waits until the element ``locator`` is visible.</doc>
<status status="PASS" starttime="20230206 23:18:20.447" endtime="20230206 23:18:20.726"/>
</kw>
<kw name="Click Element" library="SeleniumLibrary">
<arg>//a[@id='not_contacted']</arg>
<doc>Click the element identified by ``locator``.</doc>
<msg timestamp="20230206 23:18:20.726" level="INFO">Clicking element '//a[@id='not_contacted']'.</msg>
<status status="PASS" starttime="20230206 23:18:20.726" endtime="20230206 23:18:21.092"/>
</kw>
<kw name="Sleep" library="BuiltIn">
<arg>2s</arg>
<doc>Pauses the test executed for the given time.</doc>
<msg timestamp="20230206 23:18:23.101" level="INFO">Slept 2 seconds</msg>
<status status="PASS" starttime="20230206 23:18:21.092" endtime="20230206 23:18:23.101"/>
</kw>
<status status="PASS" starttime="20230206 23:18:16.868" endtime="20230206 23:18:23.101"/>
</kw>
<kw name="Input Text" library="SeleniumLibrary">
<arg>//input[@type='search']</arg>
<arg>Linh</arg>
<doc>Types the given ``text`` into the text field identified by ``locator``.</doc>
<msg timestamp="20230206 23:18:23.102" level="INFO">Typing text 'Linh' into text field '//input[@type='search']'.</msg>
<status status="PASS" starttime="20230206 23:18:23.102" endtime="20230206 23:18:23.238"/>
</kw>
<kw name="Sleep" library="BuiltIn">
<arg>2s</arg>
<doc>Pauses the test executed for the given time.</doc>
<msg timestamp="20230206 23:18:25.253" level="INFO">Slept 2 seconds</msg>
<status status="PASS" starttime="20230206 23:18:23.238" endtime="20230206 23:18:25.253"/>
</kw>
<kw name="Page Should Contain" library="SeleniumLibrary">
<arg>Linh</arg>
<doc>Verifies that current page contains ``text``.</doc>
<msg timestamp="20230206 23:18:25.276" level="INFO">Current page contains text 'Linh'.</msg>
<status status="PASS" starttime="20230206 23:18:25.254" endtime="20230206 23:18:25.276"/>
</kw>
<kw name="Close Website" library="Common_Keyword" type="TEARDOWN">
<kw name="Close Browser" library="SeleniumLibrary">
<doc>Closes the current browser.</doc>
<status status="PASS" starttime="20230206 23:18:25.277" endtime="20230206 23:18:27.596"/>
</kw>
<status status="PASS" starttime="20230206 23:18:25.276" endtime="20230206 23:18:27.596"/>
</kw>
<tag>Check_Search_Student _Register</tag>
<status status="PASS" starttime="20230206 23:18:14.656" endtime="20230206 23:18:27.597"/>
</test>
<test id="s1-t7" name="SEARCH02-Check search not find data student contacted">
<kw name="Open Admin Site Using Chrome Browser" library="Common_Keyword" type="SETUP">
<kw name="Open Browser" library="SeleniumLibrary">
<arg>${url_production_admin}</arg>
<arg>${browser}</arg>
<doc>Opens a new browser instance to the optional ``url``.</doc>
<msg timestamp="20230206 23:18:27.600" level="INFO">Opening browser 'Chrome' to base url 'https://datncl.top/admin'.</msg>
<status status="PASS" starttime="20230206 23:18:27.600" endtime="20230206 23:18:29.778"/>
</kw>
<kw name="Maximize Browser Window" library="SeleniumLibrary">
<doc>Maximizes current browser window.</doc>
<status status="PASS" starttime="20230206 23:18:29.779" endtime="20230206 23:18:29.928"/>
</kw>
<status status="PASS" starttime="20230206 23:18:27.599" endtime="20230206 23:18:29.930"/>
</kw>
<kw name="Redirect contacted page" library="RegisterStudent_User_Defined_Keyword">
<kw name="Verify_Login_Successfully" library="Common_Keyword">
<kw name="Input Text" library="SeleniumLibrary">
<arg>${locator_username}</arg>
<arg>${data_username}</arg>
<doc>Types the given ``text`` into the text field identified by ``locator``.</doc>
<msg timestamp="20230206 23:18:29.933" level="INFO">Typing text 'Sally51' into text field '//input[@name='admin_account']'.</msg>
<status status="PASS" starttime="20230206 23:18:29.932" endtime="20230206 23:18:30.192"/>
</kw>
<kw name="Input Password" library="SeleniumLibrary">
<arg>${locator_password}</arg>
<arg>${data_password}</arg>
<doc>Types the given password into the text field identified by ``locator``.</doc>
<msg timestamp="20230206 23:18:30.194" level="INFO">Typing password into text field '//input[@name="admin_password"]'.</msg>
<msg timestamp="20230206 23:18:30.262" level="INFO">Temporally setting log level to: NONE</msg>
<msg timestamp="20230206 23:18:30.350" level="INFO">Log level changed from NONE to INFO.</msg>
<status status="PASS" starttime="20230206 23:18:30.193" endtime="20230206 23:18:30.350"/>
</kw>
<kw name="Click Button" library="SeleniumLibrary">
<arg>${locator_button}</arg>
<doc>Clicks the button identified by ``locator``.</doc>
<msg timestamp="20230206 23:18:30.352" level="INFO">Clicking button '//button[@id='button_login']'.</msg>
<status status="PASS" starttime="20230206 23:18:30.351" endtime="20230206 23:18:32.538"/>
</kw>
<kw name="Wait Until Page Contains" library="SeleniumLibrary">
<arg>Thống kê số lượng học sinh đăng ký</arg>
<doc>Waits until ``text`` appears on the current page.</doc>
<status status="PASS" starttime="20230206 23:18:32.538" endtime="20230206 23:18:32.554"/>
</kw>
<status status="PASS" starttime="20230206 23:18:29.931" endtime="20230206 23:18:32.554"/>
</kw>
<kw name="Click Element" library="SeleniumLibrary">
<arg>//span[@id='register_student']</arg>
<doc>Click the element identified by ``locator``.</doc>
<msg timestamp="20230206 23:18:32.556" level="INFO">Clicking element '//span[@id='register_student']'.</msg>
<status status="PASS" starttime="20230206 23:18:32.555" endtime="20230206 23:18:32.639"/>
</kw>
<kw name="Wait Until Element Is Visible" library="SeleniumLibrary">
<arg>//a[@id='not_contacted']</arg>
<doc>Waits until the element ``locator`` is visible.</doc>
<status status="PASS" starttime="20230206 23:18:32.639" endtime="20230206 23:18:32.891"/>
</kw>
<kw name="Click Element" library="SeleniumLibrary">
<arg>//a[@id='not_contacted']</arg>
<doc>Click the element identified by ``locator``.</doc>
<msg timestamp="20230206 23:18:32.891" level="INFO">Clicking element '//a[@id='not_contacted']'.</msg>
<status status="PASS" starttime="20230206 23:18:32.891" endtime="20230206 23:18:33.199"/>
</kw>
<kw name="Sleep" library="BuiltIn">
<arg>2s</arg>
<doc>Pauses the test executed for the given time.</doc>
<msg timestamp="20230206 23:18:35.209" level="INFO">Slept 2 seconds</msg>
<status status="PASS" starttime="20230206 23:18:33.199" endtime="20230206 23:18:35.209"/>
</kw>
<status status="PASS" starttime="20230206 23:18:29.930" endtime="20230206 23:18:35.211"/>
</kw>
<kw name="Input Text" library="SeleniumLibrary">
<arg>//input[@type='search']</arg>
<arg>Nguyễn Văn C</arg>
<doc>Types the given ``text`` into the text field identified by ``locator``.</doc>
<msg timestamp="20230206 23:18:35.213" level="INFO">Typing text 'Nguyễn Văn C' into text field '//input[@type='search']'.</msg>
<status status="PASS" starttime="20230206 23:18:35.212" endtime="20230206 23:18:35.542"/>
</kw>
<kw name="Sleep" library="BuiltIn">
<arg>2s</arg>
<doc>Pauses the test executed for the given time.</doc>
<msg timestamp="20230206 23:18:37.548" level="INFO">Slept 2 seconds</msg>
<status status="PASS" starttime="20230206 23:18:35.542" endtime="20230206 23:18:37.548"/>
</kw>
<kw name="Page Should Contain" library="SeleniumLibrary">
<arg>Showing 0 to 0 of 0 entries</arg>
<doc>Verifies that current page contains ``text``.</doc>
<msg timestamp="20230206 23:18:37.584" level="INFO">Current page contains text 'Showing 0 to 0 of 0 entries'.</msg>
<status status="PASS" starttime="20230206 23:18:37.549" endtime="20230206 23:18:37.584"/>
</kw>
<kw name="Close Website" library="Common_Keyword" type="TEARDOWN">
<kw name="Close Browser" library="SeleniumLibrary">
<doc>Closes the current browser.</doc>
<status status="PASS" starttime="20230206 23:18:37.586" endtime="20230206 23:18:39.841"/>
</kw>
<status status="PASS" starttime="20230206 23:18:37.584" endtime="20230206 23:18:39.843"/>
</kw>
<tag>Check_Search_Student _Register</tag>
<status status="PASS" starttime="20230206 23:18:27.597" endtime="20230206 23:18:39.843"/>
</test>
<test id="s1-t8" name="SEARCH03-Check search to find data students not contact">
<kw name="Open Admin Site Using Chrome Browser" library="Common_Keyword" type="SETUP">
<kw name="Open Browser" library="SeleniumLibrary">
<arg>${url_production_admin}</arg>
<arg>${browser}</arg>
<doc>Opens a new browser instance to the optional ``url``.</doc>
<msg timestamp="20230206 23:18:39.850" level="INFO">Opening browser 'Chrome' to base url 'https://datncl.top/admin'.</msg>
<status status="PASS" starttime="20230206 23:18:39.849" endtime="20230206 23:18:42.002"/>
</kw>
<kw name="Maximize Browser Window" library="SeleniumLibrary">
<doc>Maximizes current browser window.</doc>
<status status="PASS" starttime="20230206 23:18:42.003" endtime="20230206 23:18:42.166"/>
</kw>
<status status="PASS" starttime="20230206 23:18:39.847" endtime="20230206 23:18:42.166"/>
</kw>
<kw name="Redirect not contacted page" library="RegisterStudent_User_Defined_Keyword">
<kw name="Verify_Login_Successfully" library="Common_Keyword">
<kw name="Input Text" library="SeleniumLibrary">
<arg>${locator_username}</arg>
<arg>${data_username}</arg>
<doc>Types the given ``text`` into the text field identified by ``locator``.</doc>
<msg timestamp="20230206 23:18:42.179" level="INFO">Typing text 'Sally51' into text field '//input[@name='admin_account']'.</msg>
<status status="PASS" starttime="20230206 23:18:42.171" endtime="20230206 23:18:42.405"/>
</kw>
<kw name="Input Password" library="SeleniumLibrary">
<arg>${locator_password}</arg>
<arg>${data_password}</arg>
<doc>Types the given password into the text field identified by ``locator``.</doc>
<msg timestamp="20230206 23:18:42.408" level="INFO">Typing password into text field '//input[@name="admin_password"]'.</msg>
<msg timestamp="20230206 23:18:42.486" level="INFO">Temporally setting log level to: NONE</msg>
<msg timestamp="20230206 23:18:42.617" level="INFO">Log level changed from NONE to INFO.</msg>
<status status="PASS" starttime="20230206 23:18:42.406" endtime="20230206 23:18:42.617"/>
</kw>
<kw name="Click Button" library="SeleniumLibrary">
<arg>${locator_button}</arg>
<doc>Clicks the button identified by ``locator``.</doc>
<msg timestamp="20230206 23:18:42.619" level="INFO">Clicking button '//button[@id='button_login']'.</msg>
<status status="PASS" starttime="20230206 23:18:42.618" endtime="20230206 23:18:45.006"/>
</kw>
<kw name="Wait Until Page Contains" library="SeleniumLibrary">
<arg>Thống kê số lượng học sinh đăng ký</arg>
<doc>Waits until ``text`` appears on the current page.</doc>
<status status="PASS" starttime="20230206 23:18:45.006" endtime="20230206 23:18:45.023"/>
</kw>
<status status="PASS" starttime="20230206 23:18:42.168" endtime="20230206 23:18:45.023"/>
</kw>
<kw name="Click Element" library="SeleniumLibrary">
<arg>//span[@id='register_student']</arg>
<doc>Click the element identified by ``locator``.</doc>
<msg timestamp="20230206 23:18:45.024" level="INFO">Clicking element '//span[@id='register_student']'.</msg>
<status status="PASS" starttime="20230206 23:18:45.024" endtime="20230206 23:18:45.116"/>
</kw>
<kw name="Wait Until Element Is Visible" library="SeleniumLibrary">
<arg>//a[@id='contacted']</arg>
<doc>Waits until the element ``locator`` is visible.</doc>
<status status="PASS" starttime="20230206 23:18:45.116" endtime="20230206 23:18:45.860"/>
</kw>
<kw name="Click Element" library="SeleniumLibrary">
<arg>//a[@id='contacted']</arg>
<doc>Click the element identified by ``locator``.</doc>
<msg timestamp="20230206 23:18:45.861" level="INFO">Clicking element '//a[@id='contacted']'.</msg>
<status status="PASS" starttime="20230206 23:18:45.860" endtime="20230206 23:18:46.304"/>
</kw>
<kw name="Sleep" library="BuiltIn">
<arg>2s</arg>
<doc>Pauses the test executed for the given time.</doc>
<msg timestamp="20230206 23:18:48.308" level="INFO">Slept 2 seconds</msg>
<status status="PASS" starttime="20230206 23:18:46.305" endtime="20230206 23:18:48.309"/>
</kw>
<status status="PASS" starttime="20230206 23:18:42.167" endtime="20230206 23:18:48.309"/>
</kw>
<kw name="Input Text" library="SeleniumLibrary">
<arg>//input[@type='search']</arg>
<arg>Linh</arg>
<doc>Types the given ``text`` into the text field identified by ``locator``.</doc>
<msg timestamp="20230206 23:18:48.310" level="INFO">Typing text 'Linh' into text field '//input[@type='search']'.</msg>
<status status="PASS" starttime="20230206 23:18:48.309" endtime="20230206 23:18:48.483"/>
</kw>
<kw name="Sleep" library="BuiltIn">
<arg>2s</arg>
<doc>Pauses the test executed for the given time.</doc>
<msg timestamp="20230206 23:18:50.491" level="INFO">Slept 2 seconds</msg>
<status status="PASS" starttime="20230206 23:18:48.483" endtime="20230206 23:18:50.493"/>
</kw>
<kw name="Page Should Contain" library="SeleniumLibrary">
<arg>Linh</arg>
<doc>Verifies that current page contains ``text``.</doc>
<msg timestamp="20230206 23:18:50.652" level="INFO">Current page contains text 'Linh'.</msg>
<status status="PASS" starttime="20230206 23:18:50.494" endtime="20230206 23:18:50.652"/>
</kw>
<kw name="Close Website" library="Common_Keyword" type="TEARDOWN">
<kw name="Close Browser" library="SeleniumLibrary">
<doc>Closes the current browser.</doc>
<status status="PASS" starttime="20230206 23:18:50.654" endtime="20230206 23:18:52.863"/>
</kw>
<status status="PASS" starttime="20230206 23:18:50.653" endtime="20230206 23:18:52.864"/>
</kw>
<tag>Check_Search_Student _Register</tag>
<status status="PASS" starttime="20230206 23:18:39.846" endtime="20230206 23:18:52.864"/>
</test>
<test id="s1-t9" name="SEARCH04-Check search not find data student not contact">
<kw name="Open Admin Site Using Chrome Browser" library="Common_Keyword" type="SETUP">
<kw name="Open Browser" library="SeleniumLibrary">
<arg>${url_production_admin}</arg>
<arg>${browser}</arg>
<doc>Opens a new browser instance to the optional ``url``.</doc>
<msg timestamp="20230206 23:18:52.869" level="INFO">Opening browser 'Chrome' to base url 'https://datncl.top/admin'.</msg>
<status status="PASS" starttime="20230206 23:18:52.868" endtime="20230206 23:18:55.402"/>
</kw>
<kw name="Maximize Browser Window" library="SeleniumLibrary">
<doc>Maximizes current browser window.</doc>
<status status="PASS" starttime="20230206 23:18:55.403" endtime="20230206 23:18:55.555"/>
</kw>
<status status="PASS" starttime="20230206 23:18:52.868" endtime="20230206 23:18:55.556"/>
</kw>
<kw name="Redirect not contacted page" library="RegisterStudent_User_Defined_Keyword">
<kw name="Verify_Login_Successfully" library="Common_Keyword">
<kw name="Input Text" library="SeleniumLibrary">
<arg>${locator_username}</arg>
<arg>${data_username}</arg>
<doc>Types the given ``text`` into the text field identified by ``locator``.</doc>
<msg timestamp="20230206 23:18:55.566" level="INFO">Typing text 'Sally51' into text field '//input[@name='admin_account']'.</msg>
<status status="PASS" starttime="20230206 23:18:55.564" endtime="20230206 23:18:55.860"/>
</kw>
<kw name="Input Password" library="SeleniumLibrary">
<arg>${locator_password}</arg>
<arg>${data_password}</arg>
<doc>Types the given password into the text field identified by ``locator``.</doc>
<msg timestamp="20230206 23:18:55.863" level="INFO">Typing password into text field '//input[@name="admin_password"]'.</msg>
<msg timestamp="20230206 23:18:55.941" level="INFO">Temporally setting log level to: NONE</msg>
<msg timestamp="20230206 23:18:56.029" level="INFO">Log level changed from NONE to INFO.</msg>
<status status="PASS" starttime="20230206 23:18:55.860" endtime="20230206 23:18:56.029"/>
</kw>
<kw name="Click Button" library="SeleniumLibrary">
<arg>${locator_button}</arg>
<doc>Clicks the button identified by ``locator``.</doc>
<msg timestamp="20230206 23:18:56.032" level="INFO">Clicking button '//button[@id='button_login']'.</msg>
<status status="PASS" starttime="20230206 23:18:56.030" endtime="20230206 23:19:00.246"/>
</kw>
<kw name="Wait Until Page Contains" library="SeleniumLibrary">
<arg>Thống kê số lượng học sinh đăng ký</arg>
<doc>Waits until ``text`` appears on the current page.</doc>
<status status="PASS" starttime="20230206 23:19:00.246" endtime="20230206 23:19:00.264"/>
</kw>
<status status="PASS" starttime="20230206 23:18:55.560" endtime="20230206 23:19:00.264"/>
</kw>
<kw name="Click Element" library="SeleniumLibrary">
<arg>//span[@id='register_student']</arg>
<doc>Click the element identified by ``locator``.</doc>
<msg timestamp="20230206 23:19:00.266" level="INFO">Clicking element '//span[@id='register_student']'.</msg>
<status status="PASS" starttime="20230206 23:19:00.266" endtime="20230206 23:19:00.323"/>
</kw>
<kw name="Wait Until Element Is Visible" library="SeleniumLibrary">
<arg>//a[@id='contacted']</arg>
<doc>Waits until the element ``locator`` is visible.</doc>
<status status="PASS" starttime="20230206 23:19:00.323" endtime="20230206 23:19:00.353"/>
</kw>
<kw name="Click Element" library="SeleniumLibrary">
<arg>//a[@id='contacted']</arg>
<doc>Click the element identified by ``locator``.</doc>
<msg timestamp="20230206 23:19:00.354" level="INFO">Clicking element '//a[@id='contacted']'.</msg>
<status status="PASS" starttime="20230206 23:19:00.354" endtime="20230206 23:19:01.868"/>
</kw>
<kw name="Sleep" library="BuiltIn">
<arg>2s</arg>
<doc>Pauses the test executed for the given time.</doc>
<msg timestamp="20230206 23:19:03.875" level="INFO">Slept 2 seconds</msg>
<status status="PASS" starttime="20230206 23:19:01.869" endtime="20230206 23:19:03.875"/>
</kw>
<status status="PASS" starttime="20230206 23:18:55.557" endtime="20230206 23:19:03.876"/>
</kw>
<kw name="Input Text" library="SeleniumLibrary">
<arg>//input[@type='search']</arg>
<arg>SAllY</arg>
<doc>Types the given ``text`` into the text field identified by ``locator``.</doc>
<msg timestamp="20230206 23:19:03.877" level="INFO">Typing text 'SAllY' into text field '//input[@type='search']'.</msg>
<status status="PASS" starttime="20230206 23:19:03.876" endtime="20230206 23:19:04.060"/>
</kw>
<kw name="Sleep" library="BuiltIn">
<arg>2s</arg>
<doc>Pauses the test executed for the given time.</doc>
<msg timestamp="20230206 23:19:06.069" level="INFO">Slept 2 seconds</msg>
<status status="PASS" starttime="20230206 23:19:04.060" endtime="20230206 23:19:06.069"/>
</kw>
<kw name="Page Should Contain" library="SeleniumLibrary">
<arg>Showing 0 to 0 of 0 entries</arg>
<doc>Verifies that current page contains ``text``.</doc>
<msg timestamp="20230206 23:19:06.105" level="INFO">Current page contains text 'Showing 0 to 0 of 0 entries'.</msg>
<status status="PASS" starttime="20230206 23:19:06.070" endtime="20230206 23:19:06.106"/>
</kw>
<kw name="Close Website" library="Common_Keyword" type="TEARDOWN">
<kw name="Close Browser" library="SeleniumLibrary">
<doc>Closes the current browser.</doc>
<status status="PASS" starttime="20230206 23:19:06.107" endtime="20230206 23:19:08.282"/>
</kw>
<status status="PASS" starttime="20230206 23:19:06.106" endtime="20230206 23:19:08.283"/>
</kw>
<tag>Check_Search_Student _Register</tag>
<status status="PASS" starttime="20230206 23:18:52.867" endtime="20230206 23:19:08.283"/>
</test>
<status status="PASS" starttime="20230206 23:16:53.889" endtime="20230206 23:19:08.286"/>
</suite>
<statistics>
<total>
<stat pass="9" fail="0" skip="0">All Tests</stat>
</total>
<tag>
<stat pass="2" fail="0" skip="0">Check_Change_Status_Student_Register</stat>
<stat pass="2" fail="0" skip="0">Check_Delete_Student_Register</stat>
<stat pass="4" fail="0" skip="0">Check_Search_Student _Register</stat>
<stat pass="1" fail="0" skip="0">Integration_Test</stat>
</tag>
<suite>
<stat pass="9" fail="0" skip="0" id="s1" name="RegisterStudent">RegisterStudent</stat>
</suite>
</statistics>
<errors>
</errors>
</robot>
