<?xml version="1.0" encoding="UTF-8"?>
<robot generator="Robot 4.1.2 (Python 3.9.12 on win32)" generated="20230115 23:53:19.690" rpa="false" schemaversion="2">
<suite id="s1" name="RegisterStudent" source="C:\Users\nguye\PycharmProjects\DATN_RF\Tests\Functional_Tests\05__RegisterStudent\05__RegisterStudent.robot">
<test id="s1-t1" name="RG01-Verify change status contacted">
<kw name="Open Admin Site Using Chrome Browser" library="Common_Keyword" type="SETUP">
<kw name="Open Browser" library="SeleniumLibrary">
<arg>${url_dev_admin}</arg>
<arg>${browser}</arg>
<doc>Opens a new browser instance to the optional ``url``.</doc>
<msg timestamp="20230115 23:53:20.253" level="INFO">Opening browser 'Chrome' to base url 'http://localhost/Project/tschool/admin'.</msg>
<status status="PASS" starttime="20230115 23:53:20.252" endtime="20230115 23:53:21.982"/>
</kw>
<kw name="Maximize Browser Window" library="SeleniumLibrary">
<doc>Maximizes current browser window.</doc>
<status status="PASS" starttime="20230115 23:53:21.983" endtime="20230115 23:53:22.124"/>
</kw>
<status status="PASS" starttime="20230115 23:53:20.251" endtime="20230115 23:53:22.125"/>
</kw>
<kw name="Redirect not contacted page" library="RegisterStudent_User_Defined_Keyword">
<kw name="Verify_Login_Successfully" library="Common_Keyword">
<kw name="Input Text" library="SeleniumLibrary">
<arg>${locator_username}</arg>
<arg>${data_username}</arg>
<doc>Types the given ``text`` into the text field identified by ``locator``.</doc>
<msg timestamp="20230115 23:53:22.133" level="INFO">Typing text 'Sally51' into text field '//input[@name='admin_account']'.</msg>
<status status="PASS" starttime="20230115 23:53:22.128" endtime="20230115 23:53:22.336"/>
</kw>
<kw name="Input Password" library="SeleniumLibrary">
<arg>${locator_password}</arg>
<arg>${data_password}</arg>
<doc>Types the given password into the text field identified by ``locator``.</doc>
<msg timestamp="20230115 23:53:22.338" level="INFO">Typing password into text field '//input[@name="admin_password"]'.</msg>
<msg timestamp="20230115 23:53:22.382" level="INFO">Temporally setting log level to: NONE</msg>
<msg timestamp="20230115 23:53:22.426" level="INFO">Log level changed from NONE to INFO.</msg>
<status status="PASS" starttime="20230115 23:53:22.337" endtime="20230115 23:53:22.426"/>
</kw>
<kw name="Click Button" library="SeleniumLibrary">
<arg>${locator_button}</arg>
<doc>Clicks the button identified by ``locator``.</doc>
<msg timestamp="20230115 23:53:22.427" level="INFO">Clicking button '//button[@id='button_login']'.</msg>
<status status="PASS" starttime="20230115 23:53:22.427" endtime="20230115 23:53:24.499"/>
</kw>
<kw name="Wait Until Page Contains" library="SeleniumLibrary">
<arg>Thống kê số lượng học sinh đăng ký</arg>
<doc>Waits until ``text`` appears on the current page.</doc>
<status status="PASS" starttime="20230115 23:53:24.500" endtime="20230115 23:53:24.524"/>
</kw>
<status status="PASS" starttime="20230115 23:53:22.126" endtime="20230115 23:53:24.525"/>
</kw>
<kw name="Click Element" library="SeleniumLibrary">
<arg>//span[@id='register_student']</arg>
<doc>Click the element identified by ``locator``.</doc>
<msg timestamp="20230115 23:53:24.526" level="INFO">Clicking element '//span[@id='register_student']'.</msg>
<status status="PASS" starttime="20230115 23:53:24.525" endtime="20230115 23:53:24.596"/>
</kw>
<kw name="Wait Until Element Is Visible" library="SeleniumLibrary">
<arg>//a[@id='contacted']</arg>
<doc>Waits until the element ``locator`` is visible.</doc>
<status status="PASS" starttime="20230115 23:53:24.597" endtime="20230115 23:53:24.628"/>
</kw>
<kw name="Click Element" library="SeleniumLibrary">
<arg>//a[@id='contacted']</arg>
<doc>Click the element identified by ``locator``.</doc>
<msg timestamp="20230115 23:53:24.629" level="INFO">Clicking element '//a[@id='contacted']'.</msg>
<status status="PASS" starttime="20230115 23:53:24.628" endtime="20230115 23:53:25.295"/>
</kw>
<kw name="Sleep" library="BuiltIn">
<arg>2s</arg>
<doc>Pauses the test executed for the given time.</doc>
<msg timestamp="20230115 23:53:27.305" level="INFO">Slept 2 seconds</msg>
<status status="PASS" starttime="20230115 23:53:25.295" endtime="20230115 23:53:27.306"/>
</kw>
<status status="PASS" starttime="20230115 23:53:22.125" endtime="20230115 23:53:27.308"/>
</kw>
<kw name="Click Element" library="SeleniumLibrary">
<arg>//tbody/tr[1]/td[6]/a[1]/span[1]</arg>
<doc>Click the element identified by ``locator``.</doc>
<msg timestamp="20230115 23:53:27.312" level="INFO">Clicking element '//tbody/tr[1]/td[6]/a[1]/span[1]'.</msg>
<status status="PASS" starttime="20230115 23:53:27.310" endtime="20230115 23:53:28.054"/>
</kw>
<kw name="Wait Until Page Contains" library="SeleniumLibrary">
<arg>Thay đổi trạng thái thành công</arg>
<doc>Waits until ``text`` appears on the current page.</doc>
<status status="PASS" starttime="20230115 23:53:28.057" endtime="20230115 23:53:28.081"/>
</kw>
<kw name="Close Website" library="Common_Keyword" type="TEARDOWN">
<kw name="Close Browser" library="SeleniumLibrary">
<doc>Closes the current browser.</doc>
<status status="PASS" starttime="20230115 23:53:28.082" endtime="20230115 23:53:30.336"/>
</kw>
<status status="PASS" starttime="20230115 23:53:28.082" endtime="20230115 23:53:30.337"/>
</kw>
<status status="PASS" starttime="20230115 23:53:20.250" endtime="20230115 23:53:30.337"/>
</test>
<test id="s1-t2" name="RG2-Verify delete student not contacted">
<kw name="Open Admin Site Using Chrome Browser" library="Common_Keyword" type="SETUP">
<kw name="Open Browser" library="SeleniumLibrary">
<arg>${url_dev_admin}</arg>
<arg>${browser}</arg>
<doc>Opens a new browser instance to the optional ``url``.</doc>
<msg timestamp="20230115 23:53:30.340" level="INFO">Opening browser 'Chrome' to base url 'http://localhost/Project/tschool/admin'.</msg>
<status status="PASS" starttime="20230115 23:53:30.340" endtime="20230115 23:53:31.974"/>
</kw>
<kw name="Maximize Browser Window" library="SeleniumLibrary">
<doc>Maximizes current browser window.</doc>
<status status="PASS" starttime="20230115 23:53:31.975" endtime="20230115 23:53:32.105"/>
</kw>
<status status="PASS" starttime="20230115 23:53:30.339" endtime="20230115 23:53:32.106"/>
</kw>
<kw name="Redirect not contacted page" library="RegisterStudent_User_Defined_Keyword">
<kw name="Verify_Login_Successfully" library="Common_Keyword">
<kw name="Input Text" library="SeleniumLibrary">
<arg>${locator_username}</arg>
<arg>${data_username}</arg>
<doc>Types the given ``text`` into the text field identified by ``locator``.</doc>
<msg timestamp="20230115 23:53:32.109" level="INFO">Typing text 'Sally51' into text field '//input[@name='admin_account']'.</msg>
<status status="PASS" starttime="20230115 23:53:32.108" endtime="20230115 23:53:32.332"/>
</kw>
<kw name="Input Password" library="SeleniumLibrary">
<arg>${locator_password}</arg>
<arg>${data_password}</arg>
<doc>Types the given password into the text field identified by ``locator``.</doc>
<msg timestamp="20230115 23:53:32.333" level="INFO">Typing password into text field '//input[@name="admin_password"]'.</msg>
<msg timestamp="20230115 23:53:32.389" level="INFO">Temporally setting log level to: NONE</msg>
<msg timestamp="20230115 23:53:32.445" level="INFO">Log level changed from NONE to INFO.</msg>
<status status="PASS" starttime="20230115 23:53:32.332" endtime="20230115 23:53:32.446"/>
</kw>
<kw name="Click Button" library="SeleniumLibrary">
<arg>${locator_button}</arg>
<doc>Clicks the button identified by ``locator``.</doc>
<msg timestamp="20230115 23:53:32.447" level="INFO">Clicking button '//button[@id='button_login']'.</msg>
<status status="PASS" starttime="20230115 23:53:32.446" endtime="20230115 23:53:34.628"/>
</kw>
<kw name="Wait Until Page Contains" library="SeleniumLibrary">
<arg>Thống kê số lượng học sinh đăng ký</arg>
<doc>Waits until ``text`` appears on the current page.</doc>
<status status="PASS" starttime="20230115 23:53:34.630" endtime="20230115 23:53:34.650"/>
</kw>
<status status="PASS" starttime="20230115 23:53:32.107" endtime="20230115 23:53:34.651"/>
</kw>
<kw name="Click Element" library="SeleniumLibrary">
<arg>//span[@id='register_student']</arg>
<doc>Click the element identified by ``locator``.</doc>
<msg timestamp="20230115 23:53:34.655" level="INFO">Clicking element '//span[@id='register_student']'.</msg>
<status status="PASS" starttime="20230115 23:53:34.653" endtime="20230115 23:53:34.706"/>
</kw>
<kw name="Wait Until Element Is Visible" library="SeleniumLibrary">
<arg>//a[@id='contacted']</arg>
<doc>Waits until the element ``locator`` is visible.</doc>
<status status="PASS" starttime="20230115 23:53:34.706" endtime="20230115 23:53:34.731"/>
</kw>
<kw name="Click Element" library="SeleniumLibrary">
<arg>//a[@id='contacted']</arg>
<doc>Click the element identified by ``locator``.</doc>
<msg timestamp="20230115 23:53:34.732" level="INFO">Clicking element '//a[@id='contacted']'.</msg>
<status status="PASS" starttime="20230115 23:53:34.732" endtime="20230115 23:53:35.378"/>
</kw>
<kw name="Sleep" library="BuiltIn">
<arg>2s</arg>
<doc>Pauses the test executed for the given time.</doc>
<msg timestamp="20230115 23:53:37.389" level="INFO">Slept 2 seconds</msg>
<status status="PASS" starttime="20230115 23:53:35.379" endtime="20230115 23:53:37.390"/>
</kw>
<status status="PASS" starttime="20230115 23:53:32.106" endtime="20230115 23:53:37.392"/>
</kw>
<kw name="Click Element" library="SeleniumLibrary">
<arg>//tbody/tr[1]/td[7]/form[1]/button[1]</arg>
<doc>Click the element identified by ``locator``.</doc>
<msg timestamp="20230115 23:53:37.396" level="INFO">Clicking element '//tbody/tr[1]/td[7]/form[1]/button[1]'.</msg>
<status status="PASS" starttime="20230115 23:53:37.394" endtime="20230115 23:53:37.505"/>
</kw>
<kw name="Delete register" library="RegisterStudent_User_Defined_Keyword">
<kw name="Handle Alert" library="SeleniumLibrary">
<arg>action=ACCEPT</arg>
<arg>timeout=5s</arg>
<doc>Handles the current alert and returns its message.</doc>
<msg timestamp="20230115 23:53:37.508" level="INFO">HANDLE::&lt;class 'datetime.timedelta'&gt;::0:00:05</msg>
<status status="PASS" starttime="20230115 23:53:37.506" endtime="20230115 23:53:37.519"/>
</kw>
<status status="PASS" starttime="20230115 23:53:37.506" endtime="20230115 23:53:37.520"/>
</kw>
<kw name="Wait Until Page Contains" library="SeleniumLibrary">
<arg>Xóa học sinh đăng ký thành công</arg>
<doc>Waits until ``text`` appears on the current page.</doc>
<status status="PASS" starttime="20230115 23:53:37.520" endtime="20230115 23:53:38.229"/>
</kw>
<kw name="Close Website" library="Common_Keyword" type="TEARDOWN">
<kw name="Close Browser" library="SeleniumLibrary">
<doc>Closes the current browser.</doc>
<status status="PASS" starttime="20230115 23:53:38.230" endtime="20230115 23:53:40.496"/>
</kw>
<status status="PASS" starttime="20230115 23:53:38.229" endtime="20230115 23:53:40.496"/>
</kw>
<status status="PASS" starttime="20230115 23:53:30.338" endtime="20230115 23:53:40.497"/>
</test>
<test id="s1-t3" name="RG3-Verify change status not contacted">
<kw name="Open Admin Site Using Chrome Browser" library="Common_Keyword" type="SETUP">
<kw name="Open Browser" library="SeleniumLibrary">
<arg>${url_dev_admin}</arg>
<arg>${browser}</arg>
<doc>Opens a new browser instance to the optional ``url``.</doc>
<msg timestamp="20230115 23:53:40.502" level="INFO">Opening browser 'Chrome' to base url 'http://localhost/Project/tschool/admin'.</msg>
<status status="PASS" starttime="20230115 23:53:40.500" endtime="20230115 23:53:42.100"/>
</kw>
<kw name="Maximize Browser Window" library="SeleniumLibrary">
<doc>Maximizes current browser window.</doc>
<status status="PASS" starttime="20230115 23:53:42.101" endtime="20230115 23:53:42.225"/>
</kw>
<status status="PASS" starttime="20230115 23:53:40.499" endtime="20230115 23:53:42.226"/>
</kw>
<kw name="Redirect contacted page" library="RegisterStudent_User_Defined_Keyword">
<kw name="Verify_Login_Successfully" library="Common_Keyword">
<kw name="Input Text" library="SeleniumLibrary">
<arg>${locator_username}</arg>
<arg>${data_username}</arg>
<doc>Types the given ``text`` into the text field identified by ``locator``.</doc>
<msg timestamp="20230115 23:53:42.234" level="INFO">Typing text 'Sally51' into text field '//input[@name='admin_account']'.</msg>
<status status="PASS" starttime="20230115 23:53:42.233" endtime="20230115 23:53:42.462"/>
</kw>
<kw name="Input Password" library="SeleniumLibrary">
<arg>${locator_password}</arg>
<arg>${data_password}</arg>
<doc>Types the given password into the text field identified by ``locator``.</doc>
<msg timestamp="20230115 23:53:42.463" level="INFO">Typing password into text field '//input[@name="admin_password"]'.</msg>
<msg timestamp="20230115 23:53:42.519" level="INFO">Temporally setting log level to: NONE</msg>
<msg timestamp="20230115 23:53:42.576" level="INFO">Log level changed from NONE to INFO.</msg>
<status status="PASS" starttime="20230115 23:53:42.462" endtime="20230115 23:53:42.577"/>
</kw>
<kw name="Click Button" library="SeleniumLibrary">
<arg>${locator_button}</arg>
<doc>Clicks the button identified by ``locator``.</doc>
<msg timestamp="20230115 23:53:42.578" level="INFO">Clicking button '//button[@id='button_login']'.</msg>
<status status="PASS" starttime="20230115 23:53:42.578" endtime="20230115 23:53:44.654"/>
</kw>
<kw name="Wait Until Page Contains" library="SeleniumLibrary">
<arg>Thống kê số lượng học sinh đăng ký</arg>
<doc>Waits until ``text`` appears on the current page.</doc>
<status status="PASS" starttime="20230115 23:53:44.655" endtime="20230115 23:53:44.682"/>
</kw>
<status status="PASS" starttime="20230115 23:53:42.230" endtime="20230115 23:53:44.683"/>
</kw>
<kw name="Click Element" library="SeleniumLibrary">
<arg>//span[@id='register_student']</arg>
<doc>Click the element identified by ``locator``.</doc>
<msg timestamp="20230115 23:53:44.684" level="INFO">Clicking element '//span[@id='register_student']'.</msg>
<status status="PASS" starttime="20230115 23:53:44.684" endtime="20230115 23:53:44.757"/>
</kw>
<kw name="Wait Until Element Is Visible" library="SeleniumLibrary">
<arg>//a[@id='not_contacted']</arg>
<doc>Waits until the element ``locator`` is visible.</doc>
<status status="PASS" starttime="20230115 23:53:44.757" endtime="20230115 23:53:45.021"/>
</kw>
<kw name="Click Element" library="SeleniumLibrary">
<arg>//a[@id='not_contacted']</arg>
<doc>Click the element identified by ``locator``.</doc>
<msg timestamp="20230115 23:53:45.022" level="INFO">Clicking element '//a[@id='not_contacted']'.</msg>
<status status="PASS" starttime="20230115 23:53:45.021" endtime="20230115 23:53:45.643"/>
</kw>
<kw name="Sleep" library="BuiltIn">
<arg>2s</arg>
<doc>Pauses the test executed for the given time.</doc>
<msg timestamp="20230115 23:53:47.657" level="INFO">Slept 2 seconds</msg>
<status status="PASS" starttime="20230115 23:53:45.643" endtime="20230115 23:53:47.657"/>
</kw>
<status status="PASS" starttime="20230115 23:53:42.227" endtime="20230115 23:53:47.657"/>
</kw>
<kw name="Click Element" library="SeleniumLibrary">
<arg>//tbody/tr[1]/td[6]/a[1]/span[1]</arg>
<doc>Click the element identified by ``locator``.</doc>
<msg timestamp="20230115 23:53:47.658" level="INFO">Clicking element '//tbody/tr[1]/td[6]/a[1]/span[1]'.</msg>
<status status="PASS" starttime="20230115 23:53:47.658" endtime="20230115 23:53:48.234"/>
</kw>
<kw name="Wait Until Page Contains" library="SeleniumLibrary">
<arg>Thay đổi trạng thái thành công</arg>
<doc>Waits until ``text`` appears on the current page.</doc>
<status status="PASS" starttime="20230115 23:53:48.235" endtime="20230115 23:53:48.271"/>
</kw>
<kw name="Close Website" library="Common_Keyword" type="TEARDOWN">
<kw name="Close Browser" library="SeleniumLibrary">
<doc>Closes the current browser.</doc>
<status status="PASS" starttime="20230115 23:53:48.273" endtime="20230115 23:53:50.562"/>
</kw>
<status status="PASS" starttime="20230115 23:53:48.272" endtime="20230115 23:53:50.564"/>
</kw>
<status status="PASS" starttime="20230115 23:53:40.498" endtime="20230115 23:53:50.565"/>
</test>
<test id="s1-t4" name="RG4-Verify delete student contacted">
<kw name="Open Admin Site Using Chrome Browser" library="Common_Keyword" type="SETUP">
<kw name="Open Browser" library="SeleniumLibrary">
<arg>${url_dev_admin}</arg>
<arg>${browser}</arg>
<doc>Opens a new browser instance to the optional ``url``.</doc>
<msg timestamp="20230115 23:53:50.573" level="INFO">Opening browser 'Chrome' to base url 'http://localhost/Project/tschool/admin'.</msg>
<status status="PASS" starttime="20230115 23:53:50.572" endtime="20230115 23:53:52.281"/>
</kw>
<kw name="Maximize Browser Window" library="SeleniumLibrary">
<doc>Maximizes current browser window.</doc>
<status status="PASS" starttime="20230115 23:53:52.281" endtime="20230115 23:53:52.402"/>
</kw>
<status status="PASS" starttime="20230115 23:53:50.570" endtime="20230115 23:53:52.403"/>
</kw>
<kw name="Redirect not contacted page" library="RegisterStudent_User_Defined_Keyword">
<kw name="Verify_Login_Successfully" library="Common_Keyword">
<kw name="Input Text" library="SeleniumLibrary">
<arg>${locator_username}</arg>
<arg>${data_username}</arg>
<doc>Types the given ``text`` into the text field identified by ``locator``.</doc>
<msg timestamp="20230115 23:53:52.404" level="INFO">Typing text 'Sally51' into text field '//input[@name='admin_account']'.</msg>
<status status="PASS" starttime="20230115 23:53:52.404" endtime="20230115 23:53:52.570"/>
</kw>
<kw name="Input Password" library="SeleniumLibrary">
<arg>${locator_password}</arg>
<arg>${data_password}</arg>
<doc>Types the given password into the text field identified by ``locator``.</doc>
<msg timestamp="20230115 23:53:52.571" level="INFO">Typing password into text field '//input[@name="admin_password"]'.</msg>
<msg timestamp="20230115 23:53:52.645" level="INFO">Temporally setting log level to: NONE</msg>
<msg timestamp="20230115 23:53:52.694" level="INFO">Log level changed from NONE to INFO.</msg>
<status status="PASS" starttime="20230115 23:53:52.570" endtime="20230115 23:53:52.694"/>
</kw>
<kw name="Click Button" library="SeleniumLibrary">
<arg>${locator_button}</arg>
<doc>Clicks the button identified by ``locator``.</doc>
<msg timestamp="20230115 23:53:52.695" level="INFO">Clicking button '//button[@id='button_login']'.</msg>
<status status="PASS" starttime="20230115 23:53:52.694" endtime="20230115 23:53:54.926"/>
</kw>
<kw name="Wait Until Page Contains" library="SeleniumLibrary">
<arg>Thống kê số lượng học sinh đăng ký</arg>
<doc>Waits until ``text`` appears on the current page.</doc>
<status status="PASS" starttime="20230115 23:53:54.928" endtime="20230115 23:53:54.947"/>
</kw>
<status status="PASS" starttime="20230115 23:53:52.403" endtime="20230115 23:53:54.947"/>
</kw>
<kw name="Click Element" library="SeleniumLibrary">
<arg>//span[@id='register_student']</arg>
<doc>Click the element identified by ``locator``.</doc>
<msg timestamp="20230115 23:53:54.948" level="INFO">Clicking element '//span[@id='register_student']'.</msg>
<status status="PASS" starttime="20230115 23:53:54.947" endtime="20230115 23:53:55.008"/>
</kw>
<kw name="Wait Until Element Is Visible" library="SeleniumLibrary">
<arg>//a[@id='contacted']</arg>
<doc>Waits until the element ``locator`` is visible.</doc>
<status status="PASS" starttime="20230115 23:53:55.009" endtime="20230115 23:53:55.038"/>
</kw>
<kw name="Click Element" library="SeleniumLibrary">
<arg>//a[@id='contacted']</arg>
<doc>Click the element identified by ``locator``.</doc>
<msg timestamp="20230115 23:53:55.040" level="INFO">Clicking element '//a[@id='contacted']'.</msg>
<status status="PASS" starttime="20230115 23:53:55.039" endtime="20230115 23:53:55.681"/>
</kw>
<kw name="Sleep" library="BuiltIn">
<arg>2s</arg>
<doc>Pauses the test executed for the given time.</doc>
<msg timestamp="20230115 23:53:57.690" level="INFO">Slept 2 seconds</msg>
<status status="PASS" starttime="20230115 23:53:55.681" endtime="20230115 23:53:57.690"/>
</kw>
<status status="PASS" starttime="20230115 23:53:52.403" endtime="20230115 23:53:57.691"/>
</kw>
<kw name="Click Element" library="SeleniumLibrary">
<arg>//tbody/tr[1]/td[7]/form[1]/button[1]</arg>
<doc>Click the element identified by ``locator``.</doc>
<msg timestamp="20230115 23:53:57.694" level="INFO">Clicking element '//tbody/tr[1]/td[7]/form[1]/button[1]'.</msg>
<status status="PASS" starttime="20230115 23:53:57.693" endtime="20230115 23:53:57.769"/>
</kw>
<kw name="Delete register" library="RegisterStudent_User_Defined_Keyword">
<kw name="Handle Alert" library="SeleniumLibrary">
<arg>action=ACCEPT</arg>
<arg>timeout=5s</arg>
<doc>Handles the current alert and returns its message.</doc>
<msg timestamp="20230115 23:53:57.771" level="INFO">HANDLE::&lt;class 'datetime.timedelta'&gt;::0:00:05</msg>
<status status="PASS" starttime="20230115 23:53:57.770" endtime="20230115 23:53:57.776"/>
</kw>
<status status="PASS" starttime="20230115 23:53:57.769" endtime="20230115 23:53:57.776"/>
</kw>
<kw name="Wait Until Page Contains" library="SeleniumLibrary">
<arg>Xóa học sinh đăng ký thành công</arg>
<doc>Waits until ``text`` appears on the current page.</doc>
<status status="PASS" starttime="20230115 23:53:57.776" endtime="20230115 23:53:58.465"/>
</kw>
<kw name="Close Website" library="Common_Keyword" type="TEARDOWN">
<kw name="Close Browser" library="SeleniumLibrary">
<doc>Closes the current browser.</doc>
<status status="PASS" starttime="20230115 23:53:58.469" endtime="20230115 23:54:00.788"/>
</kw>
<status status="PASS" starttime="20230115 23:53:58.466" endtime="20230115 23:54:00.790"/>
</kw>
<status status="PASS" starttime="20230115 23:53:50.568" endtime="20230115 23:54:00.790"/>
</test>
<test id="s1-t5" name="SEARCH01-Check search to find data students contacted">
<kw name="Open Admin Site Using Chrome Browser" library="Common_Keyword" type="SETUP">
<kw name="Open Browser" library="SeleniumLibrary">
<arg>${url_dev_admin}</arg>
<arg>${browser}</arg>
<doc>Opens a new browser instance to the optional ``url``.</doc>
<msg timestamp="20230115 23:54:00.799" level="INFO">Opening browser 'Chrome' to base url 'http://localhost/Project/tschool/admin'.</msg>
<status status="PASS" starttime="20230115 23:54:00.797" endtime="20230115 23:54:02.421"/>
</kw>
<kw name="Maximize Browser Window" library="SeleniumLibrary">
<doc>Maximizes current browser window.</doc>
<status status="PASS" starttime="20230115 23:54:02.421" endtime="20230115 23:54:02.548"/>
</kw>
<status status="PASS" starttime="20230115 23:54:00.795" endtime="20230115 23:54:02.548"/>
</kw>
<kw name="Redirect contacted page" library="RegisterStudent_User_Defined_Keyword">
<kw name="Verify_Login_Successfully" library="Common_Keyword">
<kw name="Input Text" library="SeleniumLibrary">
<arg>${locator_username}</arg>
<arg>${data_username}</arg>
<doc>Types the given ``text`` into the text field identified by ``locator``.</doc>
<msg timestamp="20230115 23:54:02.550" level="INFO">Typing text 'Sally51' into text field '//input[@name='admin_account']'.</msg>
<status status="PASS" starttime="20230115 23:54:02.550" endtime="20230115 23:54:02.735"/>
</kw>
<kw name="Input Password" library="SeleniumLibrary">
<arg>${locator_password}</arg>
<arg>${data_password}</arg>
<doc>Types the given password into the text field identified by ``locator``.</doc>
<msg timestamp="20230115 23:54:02.737" level="INFO">Typing password into text field '//input[@name="admin_password"]'.</msg>
<msg timestamp="20230115 23:54:02.778" level="INFO">Temporally setting log level to: NONE</msg>
<msg timestamp="20230115 23:54:02.824" level="INFO">Log level changed from NONE to INFO.</msg>
<status status="PASS" starttime="20230115 23:54:02.736" endtime="20230115 23:54:02.825"/>
</kw>
<kw name="Click Button" library="SeleniumLibrary">
<arg>${locator_button}</arg>
<doc>Clicks the button identified by ``locator``.</doc>
<msg timestamp="20230115 23:54:02.826" level="INFO">Clicking button '//button[@id='button_login']'.</msg>
<status status="PASS" starttime="20230115 23:54:02.825" endtime="20230115 23:54:05.048"/>
</kw>
<kw name="Wait Until Page Contains" library="SeleniumLibrary">
<arg>Thống kê số lượng học sinh đăng ký</arg>
<doc>Waits until ``text`` appears on the current page.</doc>
<status status="PASS" starttime="20230115 23:54:05.049" endtime="20230115 23:54:05.075"/>
</kw>
<status status="PASS" starttime="20230115 23:54:02.549" endtime="20230115 23:54:05.076"/>
</kw>
<kw name="Click Element" library="SeleniumLibrary">
<arg>//span[@id='register_student']</arg>
<doc>Click the element identified by ``locator``.</doc>
<msg timestamp="20230115 23:54:05.077" level="INFO">Clicking element '//span[@id='register_student']'.</msg>
<status status="PASS" starttime="20230115 23:54:05.077" endtime="20230115 23:54:05.150"/>
</kw>
<kw name="Wait Until Element Is Visible" library="SeleniumLibrary">
<arg>//a[@id='not_contacted']</arg>
<doc>Waits until the element ``locator`` is visible.</doc>
<status status="PASS" starttime="20230115 23:54:05.151" endtime="20230115 23:54:05.439"/>
</kw>
<kw name="Click Element" library="SeleniumLibrary">
<arg>//a[@id='not_contacted']</arg>
<doc>Click the element identified by ``locator``.</doc>
<msg timestamp="20230115 23:54:05.440" level="INFO">Clicking element '//a[@id='not_contacted']'.</msg>
<status status="PASS" starttime="20230115 23:54:05.440" endtime="20230115 23:54:06.011"/>
</kw>
<kw name="Sleep" library="BuiltIn">
<arg>2s</arg>
<doc>Pauses the test executed for the given time.</doc>
<msg timestamp="20230115 23:54:08.015" level="INFO">Slept 2 seconds</msg>
<status status="PASS" starttime="20230115 23:54:06.011" endtime="20230115 23:54:08.016"/>
</kw>
<status status="PASS" starttime="20230115 23:54:02.549" endtime="20230115 23:54:08.018"/>
</kw>
<kw name="Input Text" library="SeleniumLibrary">
<arg>//input[@type='search']</arg>
<arg>Linh</arg>
<doc>Types the given ``text`` into the text field identified by ``locator``.</doc>
<msg timestamp="20230115 23:54:08.024" level="INFO">Typing text 'Linh' into text field '//input[@type='search']'.</msg>
<status status="PASS" starttime="20230115 23:54:08.021" endtime="20230115 23:54:08.194"/>
</kw>
<kw name="Sleep" library="BuiltIn">
<arg>2s</arg>
<doc>Pauses the test executed for the given time.</doc>
<msg timestamp="20230115 23:54:10.204" level="INFO">Slept 2 seconds</msg>
<status status="PASS" starttime="20230115 23:54:08.195" endtime="20230115 23:54:10.204"/>
</kw>
<kw name="Page Should Contain" library="SeleniumLibrary">
<arg>Linh</arg>
<doc>Verifies that current page contains ``text``.</doc>
<msg timestamp="20230115 23:54:10.220" level="INFO">Current page contains text 'Linh'.</msg>
<status status="PASS" starttime="20230115 23:54:10.205" endtime="20230115 23:54:10.220"/>
</kw>
<kw name="Close Website" library="Common_Keyword" type="TEARDOWN">
<kw name="Close Browser" library="SeleniumLibrary">
<doc>Closes the current browser.</doc>
<status status="PASS" starttime="20230115 23:54:10.221" endtime="20230115 23:54:12.471"/>
</kw>
<status status="PASS" starttime="20230115 23:54:10.221" endtime="20230115 23:54:12.471"/>
</kw>
<tag>Search</tag>
<status status="PASS" starttime="20230115 23:54:00.793" endtime="20230115 23:54:12.472"/>
</test>
<test id="s1-t6" name="SEARCH02-Check search not find data student contacted">
<kw name="Open Admin Site Using Chrome Browser" library="Common_Keyword" type="SETUP">
<kw name="Open Browser" library="SeleniumLibrary">
<arg>${url_dev_admin}</arg>
<arg>${browser}</arg>
<doc>Opens a new browser instance to the optional ``url``.</doc>
<msg timestamp="20230115 23:54:12.475" level="INFO">Opening browser 'Chrome' to base url 'http://localhost/Project/tschool/admin'.</msg>
<status status="PASS" starttime="20230115 23:54:12.474" endtime="20230115 23:54:14.147"/>
</kw>
<kw name="Maximize Browser Window" library="SeleniumLibrary">
<doc>Maximizes current browser window.</doc>
<status status="PASS" starttime="20230115 23:54:14.148" endtime="20230115 23:54:14.272"/>
</kw>
<status status="PASS" starttime="20230115 23:54:12.473" endtime="20230115 23:54:14.272"/>
</kw>
<kw name="Redirect contacted page" library="RegisterStudent_User_Defined_Keyword">
<kw name="Verify_Login_Successfully" library="Common_Keyword">
<kw name="Input Text" library="SeleniumLibrary">
<arg>${locator_username}</arg>
<arg>${data_username}</arg>
<doc>Types the given ``text`` into the text field identified by ``locator``.</doc>
<msg timestamp="20230115 23:54:14.276" level="INFO">Typing text 'Sally51' into text field '//input[@name='admin_account']'.</msg>
<status status="PASS" starttime="20230115 23:54:14.274" endtime="20230115 23:54:14.493"/>
</kw>
<kw name="Input Password" library="SeleniumLibrary">
<arg>${locator_password}</arg>
<arg>${data_password}</arg>
<doc>Types the given password into the text field identified by ``locator``.</doc>
<msg timestamp="20230115 23:54:14.495" level="INFO">Typing password into text field '//input[@name="admin_password"]'.</msg>
<msg timestamp="20230115 23:54:14.543" level="INFO">Temporally setting log level to: NONE</msg>
<msg timestamp="20230115 23:54:14.584" level="INFO">Log level changed from NONE to INFO.</msg>
<status status="PASS" starttime="20230115 23:54:14.494" endtime="20230115 23:54:14.584"/>
</kw>
<kw name="Click Button" library="SeleniumLibrary">
<arg>${locator_button}</arg>
<doc>Clicks the button identified by ``locator``.</doc>
<msg timestamp="20230115 23:54:14.584" level="INFO">Clicking button '//button[@id='button_login']'.</msg>
<status status="PASS" starttime="20230115 23:54:14.584" endtime="20230115 23:54:16.749"/>
</kw>
<kw name="Wait Until Page Contains" library="SeleniumLibrary">
<arg>Thống kê số lượng học sinh đăng ký</arg>
<doc>Waits until ``text`` appears on the current page.</doc>
<status status="PASS" starttime="20230115 23:54:16.749" endtime="20230115 23:54:16.775"/>
</kw>
<status status="PASS" starttime="20230115 23:54:14.273" endtime="20230115 23:54:16.776"/>
</kw>
<kw name="Click Element" library="SeleniumLibrary">
<arg>//span[@id='register_student']</arg>
<doc>Click the element identified by ``locator``.</doc>
<msg timestamp="20230115 23:54:16.776" level="INFO">Clicking element '//span[@id='register_student']'.</msg>
<status status="PASS" starttime="20230115 23:54:16.776" endtime="20230115 23:54:16.829"/>
</kw>
<kw name="Wait Until Element Is Visible" library="SeleniumLibrary">
<arg>//a[@id='not_contacted']</arg>
<doc>Waits until the element ``locator`` is visible.</doc>
<status status="PASS" starttime="20230115 23:54:16.830" endtime="20230115 23:54:17.098"/>
</kw>
<kw name="Click Element" library="SeleniumLibrary">
<arg>//a[@id='not_contacted']</arg>
<doc>Click the element identified by ``locator``.</doc>
<msg timestamp="20230115 23:54:17.099" level="INFO">Clicking element '//a[@id='not_contacted']'.</msg>
<status status="PASS" starttime="20230115 23:54:17.098" endtime="20230115 23:54:17.697"/>
</kw>
<kw name="Sleep" library="BuiltIn">
<arg>2s</arg>
<doc>Pauses the test executed for the given time.</doc>
<msg timestamp="20230115 23:54:19.701" level="INFO">Slept 2 seconds</msg>
<status status="PASS" starttime="20230115 23:54:17.698" endtime="20230115 23:54:19.702"/>
</kw>
<status status="PASS" starttime="20230115 23:54:14.273" endtime="20230115 23:54:19.703"/>
</kw>
<kw name="Input Text" library="SeleniumLibrary">
<arg>//input[@type='search']</arg>
<arg>Nguyễn Văn C</arg>
<doc>Types the given ``text`` into the text field identified by ``locator``.</doc>
<msg timestamp="20230115 23:54:19.705" level="INFO">Typing text 'Nguyễn Văn C' into text field '//input[@type='search']'.</msg>
<status status="PASS" starttime="20230115 23:54:19.704" endtime="20230115 23:54:19.856"/>
</kw>
<kw name="Sleep" library="BuiltIn">
<arg>2s</arg>
<doc>Pauses the test executed for the given time.</doc>
<msg timestamp="20230115 23:54:21.859" level="INFO">Slept 2 seconds</msg>
<status status="PASS" starttime="20230115 23:54:19.856" endtime="20230115 23:54:21.859"/>
</kw>
<kw name="Page Should Contain" library="SeleniumLibrary">
<arg>Showing 0 to 0 of 0 entries</arg>
<doc>Verifies that current page contains ``text``.</doc>
<msg timestamp="20230115 23:54:21.875" level="INFO">Current page contains text 'Showing 0 to 0 of 0 entries'.</msg>
<status status="PASS" starttime="20230115 23:54:21.859" endtime="20230115 23:54:21.875"/>
</kw>
<kw name="Close Website" library="Common_Keyword" type="TEARDOWN">
<kw name="Close Browser" library="SeleniumLibrary">
<doc>Closes the current browser.</doc>
<status status="PASS" starttime="20230115 23:54:21.876" endtime="20230115 23:54:24.194"/>
</kw>
<status status="PASS" starttime="20230115 23:54:21.875" endtime="20230115 23:54:24.196"/>
</kw>
<tag>Search</tag>
<status status="PASS" starttime="20230115 23:54:12.473" endtime="20230115 23:54:24.197"/>
</test>
<test id="s1-t7" name="SEARCH03-Check search to find data students not contact">
<kw name="Open Admin Site Using Chrome Browser" library="Common_Keyword" type="SETUP">
<kw name="Open Browser" library="SeleniumLibrary">
<arg>${url_dev_admin}</arg>
<arg>${browser}</arg>
<doc>Opens a new browser instance to the optional ``url``.</doc>
<msg timestamp="20230115 23:54:24.207" level="INFO">Opening browser 'Chrome' to base url 'http://localhost/Project/tschool/admin'.</msg>
<status status="PASS" starttime="20230115 23:54:24.205" endtime="20230115 23:54:25.988"/>
</kw>
<kw name="Maximize Browser Window" library="SeleniumLibrary">
<doc>Maximizes current browser window.</doc>
<status status="PASS" starttime="20230115 23:54:25.989" endtime="20230115 23:54:26.120"/>
</kw>
<status status="PASS" starttime="20230115 23:54:24.202" endtime="20230115 23:54:26.121"/>
</kw>
<kw name="Redirect not contacted page" library="RegisterStudent_User_Defined_Keyword">
<kw name="Verify_Login_Successfully" library="Common_Keyword">
<kw name="Input Text" library="SeleniumLibrary">
<arg>${locator_username}</arg>
<arg>${data_username}</arg>
<doc>Types the given ``text`` into the text field identified by ``locator``.</doc>
<msg timestamp="20230115 23:54:26.124" level="INFO">Typing text 'Sally51' into text field '//input[@name='admin_account']'.</msg>
<status status="PASS" starttime="20230115 23:54:26.124" endtime="20230115 23:54:26.386"/>
</kw>
<kw name="Input Password" library="SeleniumLibrary">
<arg>${locator_password}</arg>
<arg>${data_password}</arg>
<doc>Types the given password into the text field identified by ``locator``.</doc>
<msg timestamp="20230115 23:54:26.388" level="INFO">Typing password into text field '//input[@name="admin_password"]'.</msg>
<msg timestamp="20230115 23:54:26.452" level="INFO">Temporally setting log level to: NONE</msg>
<msg timestamp="20230115 23:54:26.499" level="INFO">Log level changed from NONE to INFO.</msg>
<status status="PASS" starttime="20230115 23:54:26.387" endtime="20230115 23:54:26.499"/>
</kw>
<kw name="Click Button" library="SeleniumLibrary">
<arg>${locator_button}</arg>
<doc>Clicks the button identified by ``locator``.</doc>
<msg timestamp="20230115 23:54:26.500" level="INFO">Clicking button '//button[@id='button_login']'.</msg>
<status status="PASS" starttime="20230115 23:54:26.499" endtime="20230115 23:54:28.664"/>
</kw>
<kw name="Wait Until Page Contains" library="SeleniumLibrary">
<arg>Thống kê số lượng học sinh đăng ký</arg>
<doc>Waits until ``text`` appears on the current page.</doc>
<status status="PASS" starttime="20230115 23:54:28.664" endtime="20230115 23:54:28.684"/>
</kw>
<status status="PASS" starttime="20230115 23:54:26.123" endtime="20230115 23:54:28.684"/>
</kw>
<kw name="Click Element" library="SeleniumLibrary">
<arg>//span[@id='register_student']</arg>
<doc>Click the element identified by ``locator``.</doc>
<msg timestamp="20230115 23:54:28.685" level="INFO">Clicking element '//span[@id='register_student']'.</msg>
<status status="PASS" starttime="20230115 23:54:28.685" endtime="20230115 23:54:28.746"/>
</kw>
<kw name="Wait Until Element Is Visible" library="SeleniumLibrary">
<arg>//a[@id='contacted']</arg>
<doc>Waits until the element ``locator`` is visible.</doc>
<status status="PASS" starttime="20230115 23:54:28.746" endtime="20230115 23:54:28.777"/>
</kw>
<kw name="Click Element" library="SeleniumLibrary">
<arg>//a[@id='contacted']</arg>
<doc>Click the element identified by ``locator``.</doc>
<msg timestamp="20230115 23:54:28.778" level="INFO">Clicking element '//a[@id='contacted']'.</msg>
<status status="PASS" starttime="20230115 23:54:28.777" endtime="20230115 23:54:29.426"/>
</kw>
<kw name="Sleep" library="BuiltIn">
<arg>2s</arg>
<doc>Pauses the test executed for the given time.</doc>
<msg timestamp="20230115 23:54:31.438" level="INFO">Slept 2 seconds</msg>
<status status="PASS" starttime="20230115 23:54:29.426" endtime="20230115 23:54:31.438"/>
</kw>
<status status="PASS" starttime="20230115 23:54:26.122" endtime="20230115 23:54:31.438"/>
</kw>
<kw name="Input Text" library="SeleniumLibrary">
<arg>//input[@type='search']</arg>
<arg>Linh</arg>
<doc>Types the given ``text`` into the text field identified by ``locator``.</doc>
<msg timestamp="20230115 23:54:31.439" level="INFO">Typing text 'Linh' into text field '//input[@type='search']'.</msg>
<status status="PASS" starttime="20230115 23:54:31.438" endtime="20230115 23:54:31.574"/>
</kw>
<kw name="Sleep" library="BuiltIn">
<arg>2s</arg>
<doc>Pauses the test executed for the given time.</doc>
<msg timestamp="20230115 23:54:33.578" level="INFO">Slept 2 seconds</msg>
<status status="PASS" starttime="20230115 23:54:31.575" endtime="20230115 23:54:33.578"/>
</kw>
<kw name="Page Should Contain" library="SeleniumLibrary">
<arg>Linh</arg>
<doc>Verifies that current page contains ``text``.</doc>
<msg timestamp="20230115 23:54:33.595" level="INFO">Current page contains text 'Linh'.</msg>
<status status="PASS" starttime="20230115 23:54:33.578" endtime="20230115 23:54:33.595"/>
</kw>
<kw name="Close Website" library="Common_Keyword" type="TEARDOWN">
<kw name="Close Browser" library="SeleniumLibrary">
<doc>Closes the current browser.</doc>
<status status="PASS" starttime="20230115 23:54:33.596" endtime="20230115 23:54:35.867"/>
</kw>
<status status="PASS" starttime="20230115 23:54:33.596" endtime="20230115 23:54:35.869"/>
</kw>
<tag>Search</tag>
<status status="PASS" starttime="20230115 23:54:24.199" endtime="20230115 23:54:35.870"/>
</test>
<test id="s1-t8" name="SEARCH04-Check search not find data student not contact">
<kw name="Open Admin Site Using Chrome Browser" library="Common_Keyword" type="SETUP">
<kw name="Open Browser" library="SeleniumLibrary">
<arg>${url_dev_admin}</arg>
<arg>${browser}</arg>
<doc>Opens a new browser instance to the optional ``url``.</doc>
<msg timestamp="20230115 23:54:35.880" level="INFO">Opening browser 'Chrome' to base url 'http://localhost/Project/tschool/admin'.</msg>
<status status="PASS" starttime="20230115 23:54:35.878" endtime="20230115 23:54:37.498"/>
</kw>
<kw name="Maximize Browser Window" library="SeleniumLibrary">
<doc>Maximizes current browser window.</doc>
<status status="PASS" starttime="20230115 23:54:37.498" endtime="20230115 23:54:37.628"/>
</kw>
<status status="PASS" starttime="20230115 23:54:35.876" endtime="20230115 23:54:37.629"/>
</kw>
<kw name="Redirect not contacted page" library="RegisterStudent_User_Defined_Keyword">
<kw name="Verify_Login_Successfully" library="Common_Keyword">
<kw name="Input Text" library="SeleniumLibrary">
<arg>${locator_username}</arg>
<arg>${data_username}</arg>
<doc>Types the given ``text`` into the text field identified by ``locator``.</doc>
<msg timestamp="20230115 23:54:37.639" level="INFO">Typing text 'Sally51' into text field '//input[@name='admin_account']'.</msg>
<status status="PASS" starttime="20230115 23:54:37.638" endtime="20230115 23:54:37.824"/>
</kw>
<kw name="Input Password" library="SeleniumLibrary">
<arg>${locator_password}</arg>
<arg>${data_password}</arg>
<doc>Types the given password into the text field identified by ``locator``.</doc>
<msg timestamp="20230115 23:54:37.825" level="INFO">Typing password into text field '//input[@name="admin_password"]'.</msg>
<msg timestamp="20230115 23:54:37.863" level="INFO">Temporally setting log level to: NONE</msg>
<msg timestamp="20230115 23:54:37.909" level="INFO">Log level changed from NONE to INFO.</msg>
<status status="PASS" starttime="20230115 23:54:37.824" endtime="20230115 23:54:37.909"/>
</kw>
<kw name="Click Button" library="SeleniumLibrary">
<arg>${locator_button}</arg>
<doc>Clicks the button identified by ``locator``.</doc>
<msg timestamp="20230115 23:54:37.909" level="INFO">Clicking button '//button[@id='button_login']'.</msg>
<status status="PASS" starttime="20230115 23:54:37.909" endtime="20230115 23:54:40.083"/>
</kw>
<kw name="Wait Until Page Contains" library="SeleniumLibrary">
<arg>Thống kê số lượng học sinh đăng ký</arg>
<doc>Waits until ``text`` appears on the current page.</doc>
<status status="PASS" starttime="20230115 23:54:40.085" endtime="20230115 23:54:40.111"/>
</kw>
<status status="PASS" starttime="20230115 23:54:37.634" endtime="20230115 23:54:40.112"/>
</kw>
<kw name="Click Element" library="SeleniumLibrary">
<arg>//span[@id='register_student']</arg>
<doc>Click the element identified by ``locator``.</doc>
<msg timestamp="20230115 23:54:40.113" level="INFO">Clicking element '//span[@id='register_student']'.</msg>
<status status="PASS" starttime="20230115 23:54:40.113" endtime="20230115 23:54:40.176"/>
</kw>
<kw name="Wait Until Element Is Visible" library="SeleniumLibrary">
<arg>//a[@id='contacted']</arg>
<doc>Waits until the element ``locator`` is visible.</doc>
<status status="PASS" starttime="20230115 23:54:40.177" endtime="20230115 23:54:40.212"/>
</kw>
<kw name="Click Element" library="SeleniumLibrary">
<arg>//a[@id='contacted']</arg>
<doc>Click the element identified by ``locator``.</doc>
<msg timestamp="20230115 23:54:40.213" level="INFO">Clicking element '//a[@id='contacted']'.</msg>
<status status="PASS" starttime="20230115 23:54:40.212" endtime="20230115 23:54:40.847"/>
</kw>
<kw name="Sleep" library="BuiltIn">
<arg>2s</arg>
<doc>Pauses the test executed for the given time.</doc>
<msg timestamp="20230115 23:54:42.863" level="INFO">Slept 2 seconds</msg>
<status status="PASS" starttime="20230115 23:54:40.848" endtime="20230115 23:54:42.864"/>
</kw>
<status status="PASS" starttime="20230115 23:54:37.630" endtime="20230115 23:54:42.864"/>
</kw>
<kw name="Input Text" library="SeleniumLibrary">
<arg>//input[@type='search']</arg>
<arg>SAllY</arg>
<doc>Types the given ``text`` into the text field identified by ``locator``.</doc>
<msg timestamp="20230115 23:54:42.865" level="INFO">Typing text 'SAllY' into text field '//input[@type='search']'.</msg>
<status status="PASS" starttime="20230115 23:54:42.865" endtime="20230115 23:54:43.008"/>
</kw>
<kw name="Sleep" library="BuiltIn">
<arg>2s</arg>
<doc>Pauses the test executed for the given time.</doc>
<msg timestamp="20230115 23:54:45.022" level="INFO">Slept 2 seconds</msg>
<status status="PASS" starttime="20230115 23:54:43.009" endtime="20230115 23:54:45.022"/>
</kw>
<kw name="Page Should Contain" library="SeleniumLibrary">
<arg>Showing 0 to 0 of 0 entries</arg>
<doc>Verifies that current page contains ``text``.</doc>
<msg timestamp="20230115 23:54:45.039" level="INFO">Current page contains text 'Showing 0 to 0 of 0 entries'.</msg>
<status status="PASS" starttime="20230115 23:54:45.022" endtime="20230115 23:54:45.039"/>
</kw>
<kw name="Close Website" library="Common_Keyword" type="TEARDOWN">
<kw name="Close Browser" library="SeleniumLibrary">
<doc>Closes the current browser.</doc>
<status status="PASS" starttime="20230115 23:54:45.040" endtime="20230115 23:54:47.277"/>
</kw>
<status status="PASS" starttime="20230115 23:54:45.039" endtime="20230115 23:54:47.277"/>
</kw>
<tag>Search</tag>
<status status="PASS" starttime="20230115 23:54:35.873" endtime="20230115 23:54:47.278"/>
</test>
<status status="PASS" starttime="20230115 23:53:19.692" endtime="20230115 23:54:47.278"/>
</suite>
<statistics>
<total>
<stat pass="8" fail="0" skip="0">All Tests</stat>
</total>
<tag>
<stat pass="4" fail="0" skip="0">Search</stat>
</tag>
<suite>
<stat pass="8" fail="0" skip="0" id="s1" name="RegisterStudent">RegisterStudent</stat>
</suite>
</statistics>
<errors>
</errors>
</robot>
