<?xml version="1.0" encoding="UTF-8"?>
<robot generator="Robot 4.1.2 (Python 3.9.12 on win32)" generated="20230114 23:41:41.753" rpa="false" schemaversion="2">
<suite id="s1" name="ChangePassword" source="C:\Users\nguye\PycharmProjects\DATN_RF\Tests\FunctionalTests\08__ChangePassword\08__ChangePassword.robot">
<test id="s1-t1" name="CP03_Verify Change Password Successful">
<kw name="Open Admin Site Using Chrome Browser" library="Common_Keyword" type="SETUP">
<kw name="Open Browser" library="SeleniumLibrary">
<arg>${url_production_admin}</arg>
<arg>${browser}</arg>
<doc>Opens a new browser instance to the optional ``url``.</doc>
<msg timestamp="20230114 23:41:42.260" level="INFO">Opening browser 'Chrome' to base url 'https://datncl.top/admin'.</msg>
<status status="PASS" starttime="20230114 23:41:42.260" endtime="20230114 23:41:44.439"/>
</kw>
<kw name="Maximize Browser Window" library="SeleniumLibrary">
<doc>Maximizes current browser window.</doc>
<status status="PASS" starttime="20230114 23:41:44.441" endtime="20230114 23:41:44.577"/>
</kw>
<status status="PASS" starttime="20230114 23:41:42.260" endtime="20230114 23:41:44.577"/>
</kw>
<kw name="Redirect Change Password page" library="ChangePassword_User_Defined_Keyword">
<kw name="Verify_Login_Successfully" library="Common_Keyword">
<kw name="Input Text" library="SeleniumLibrary">
<arg>${locator_username}</arg>
<arg>${data_username}</arg>
<doc>Types the given ``text`` into the text field identified by ``locator``.</doc>
<msg timestamp="20230114 23:41:44.581" level="INFO">Typing text 'Sally51' into text field '//input[@name='admin_account']'.</msg>
<status status="PASS" starttime="20230114 23:41:44.580" endtime="20230114 23:41:44.741"/>
</kw>
<kw name="Input Password" library="SeleniumLibrary">
<arg>${locator_password}</arg>
<arg>${data_password}</arg>
<doc>Types the given password into the text field identified by ``locator``.</doc>
<msg timestamp="20230114 23:41:44.742" level="INFO">Typing password into text field '//input[@name="admin_password"]'.</msg>
<msg timestamp="20230114 23:41:44.795" level="INFO">Temporally setting log level to: NONE</msg>
<msg timestamp="20230114 23:41:44.839" level="INFO">Log level changed from NONE to INFO.</msg>
<status status="PASS" starttime="20230114 23:41:44.742" endtime="20230114 23:41:44.840"/>
</kw>
<kw name="Click Button" library="SeleniumLibrary">
<arg>${locator_button}</arg>
<doc>Clicks the button identified by ``locator``.</doc>
<msg timestamp="20230114 23:41:44.841" level="INFO">Clicking button '//button[@id='button_login']'.</msg>
<status status="PASS" starttime="20230114 23:41:44.840" endtime="20230114 23:41:46.787"/>
</kw>
<kw name="Wait Until Page Contains" library="SeleniumLibrary">
<arg>Thống kê số lượng học sinh đăng ký</arg>
<doc>Waits until ``text`` appears on the current page.</doc>
<status status="PASS" starttime="20230114 23:41:46.787" endtime="20230114 23:41:46.803"/>
</kw>
<status status="PASS" starttime="20230114 23:41:44.578" endtime="20230114 23:41:46.803"/>
</kw>
<kw name="Click Element" library="SeleniumLibrary">
<arg>//span[@id='droplist_user']</arg>
<doc>Click the element identified by ``locator``.</doc>
<msg timestamp="20230114 23:41:46.804" level="INFO">Clicking element '//span[@id='droplist_user']'.</msg>
<status status="PASS" starttime="20230114 23:41:46.803" endtime="20230114 23:41:46.863"/>
</kw>
<kw name="Wait Until Element Is Visible" library="SeleniumLibrary">
<arg>//a[@id='change_password']</arg>
<doc>Waits until the element ``locator`` is visible.</doc>
<status status="PASS" starttime="20230114 23:41:46.864" endtime="20230114 23:41:46.900"/>
</kw>
<kw name="Click Element" library="SeleniumLibrary">
<arg>//a[@id='change_password']</arg>
<doc>Click the element identified by ``locator``.</doc>
<msg timestamp="20230114 23:41:46.901" level="INFO">Clicking element '//a[@id='change_password']'.</msg>
<status status="PASS" starttime="20230114 23:41:46.900" endtime="20230114 23:41:47.167"/>
</kw>
<kw name="Sleep" library="BuiltIn">
<arg>2s</arg>
<doc>Pauses the test executed for the given time.</doc>
<msg timestamp="20230114 23:41:49.173" level="INFO">Slept 2 seconds</msg>
<status status="PASS" starttime="20230114 23:41:47.167" endtime="20230114 23:41:49.174"/>
</kw>
<status status="PASS" starttime="20230114 23:41:44.578" endtime="20230114 23:41:49.176"/>
</kw>
<kw name="Input data" library="ChangePassword_User_Defined_Keyword">
<arg>123456</arg>
<arg>123456</arg>
<arg>12345678</arg>
<kw name="Input Password" library="SeleniumLibrary">
<arg>${locator_password_new}</arg>
<arg>${password_new}</arg>
<doc>Types the given password into the text field identified by ``locator``.</doc>
<msg timestamp="20230114 23:41:49.178" level="INFO">Typing password into text field '//input[@name="matkhaumoi"]'.</msg>
<msg timestamp="20230114 23:41:49.229" level="INFO">Temporally setting log level to: NONE</msg>
<msg timestamp="20230114 23:41:49.277" level="INFO">Log level changed from NONE to INFO.</msg>
<status status="PASS" starttime="20230114 23:41:49.177" endtime="20230114 23:41:49.278"/>
</kw>
<kw name="Input Password" library="SeleniumLibrary">
<arg>${locator_re_enter_password}</arg>
<arg>${re_enter_password}</arg>
<doc>Types the given password into the text field identified by ``locator``.</doc>
<msg timestamp="20230114 23:41:49.279" level="INFO">Typing password into text field '//input[@name="nhaplai"]'.</msg>
<msg timestamp="20230114 23:41:49.322" level="INFO">Temporally setting log level to: NONE</msg>
<msg timestamp="20230114 23:41:49.370" level="INFO">Log level changed from NONE to INFO.</msg>
<status status="PASS" starttime="20230114 23:41:49.279" endtime="20230114 23:41:49.371"/>
</kw>
<kw name="Input Password" library="SeleniumLibrary">
<arg>${locator_password_old}</arg>
<arg>${password_old}</arg>
<doc>Types the given password into the text field identified by ``locator``.</doc>
<msg timestamp="20230114 23:41:49.371" level="INFO">Typing password into text field '//input[@name="matkhaucu"]'.</msg>
<msg timestamp="20230114 23:41:49.436" level="INFO">Temporally setting log level to: NONE</msg>
<msg timestamp="20230114 23:41:49.495" level="INFO">Log level changed from NONE to INFO.</msg>
<status status="PASS" starttime="20230114 23:41:49.371" endtime="20230114 23:41:49.496"/>
</kw>
<kw name="Sleep" library="BuiltIn">
<arg>2s</arg>
<doc>Pauses the test executed for the given time.</doc>
<msg timestamp="20230114 23:41:51.509" level="INFO">Slept 2 seconds</msg>
<status status="PASS" starttime="20230114 23:41:49.496" endtime="20230114 23:41:51.509"/>
</kw>
<kw name="Click Button" library="SeleniumLibrary">
<arg>${locator_button_password}</arg>
<doc>Clicks the button identified by ``locator``.</doc>
<msg timestamp="20230114 23:41:51.511" level="INFO">Clicking button '//button[contains(text(),'Đổi mật khẩu')]'.</msg>
<status status="PASS" starttime="20230114 23:41:51.509" endtime="20230114 23:41:51.814"/>
</kw>
<status status="PASS" starttime="20230114 23:41:49.176" endtime="20230114 23:41:51.814"/>
</kw>
<kw name="Page Should Contain" library="SeleniumLibrary">
<arg>Đổi mật khẩu thành công</arg>
<doc>Verifies that current page contains ``text``.</doc>
<msg timestamp="20230114 23:41:51.834" level="INFO">Current page contains text 'Đổi mật khẩu thành công'.</msg>
<status status="PASS" starttime="20230114 23:41:51.815" endtime="20230114 23:41:51.835"/>
</kw>
<kw name="Close Website" library="Common_Keyword" type="TEARDOWN">
<kw name="Close Browser" library="SeleniumLibrary">
<doc>Closes the current browser.</doc>
<status status="PASS" starttime="20230114 23:41:51.835" endtime="20230114 23:41:54.032"/>
</kw>
<status status="PASS" starttime="20230114 23:41:51.835" endtime="20230114 23:41:54.033"/>
</kw>
<tag>Change Password</tag>
<status status="PASS" starttime="20230114 23:41:42.259" endtime="20230114 23:41:54.034"/>
</test>
<status status="PASS" starttime="20230114 23:41:41.757" endtime="20230114 23:41:54.037"/>
</suite>
<statistics>
<total>
<stat pass="1" fail="0" skip="0">All Tests</stat>
</total>
<tag>
<stat pass="1" fail="0" skip="0">Change Password</stat>
</tag>
<suite>
<stat pass="1" fail="0" skip="0" id="s1" name="ChangePassword">ChangePassword</stat>
</suite>
</statistics>
<errors>
</errors>
</robot>
