<?xml version="1.0" encoding="UTF-8"?>
<robot generator="Robot 4.1.2 (Python 3.9.12 on win32)" generated="20230130 20:27:16.215" rpa="false" schemaversion="2">
<suite id="s1" name="Login" source="C:\Users\nguye\PycharmProjects\DATN_RF\Tests\Functional_Tests\06__Login\06__Login.robot">
<test id="s1-t1" name="L01_Verify Login Successful">
<kw name="Open Admin Site Using Chrome Browser" library="Common_Keyword" type="SETUP">
<kw name="Open Browser" library="SeleniumLibrary">
<arg>${url_dev_admin}</arg>
<arg>${browser}</arg>
<doc>Opens a new browser instance to the optional ``url``.</doc>
<msg timestamp="20230130 20:27:16.794" level="INFO">Opening browser 'Chrome' to base url 'http://localhost/Project/tschool/admin'.</msg>
<status status="PASS" starttime="20230130 20:27:16.793" endtime="20230130 20:27:19.392"/>
</kw>
<kw name="Maximize Browser Window" library="SeleniumLibrary">
<doc>Maximizes current browser window.</doc>
<status status="PASS" starttime="20230130 20:27:19.393" endtime="20230130 20:27:19.509"/>
</kw>
<status status="PASS" starttime="20230130 20:27:16.793" endtime="20230130 20:27:19.509"/>
</kw>
<kw name="Verify_Login_Successfully" library="Common_Keyword">
<kw name="Input Text" library="SeleniumLibrary">
<arg>${locator_username}</arg>
<arg>${data_username}</arg>
<doc>Types the given ``text`` into the text field identified by ``locator``.</doc>
<msg timestamp="20230130 20:27:19.511" level="INFO">Typing text 'Sally51' into text field '//input[@name='admin_account']'.</msg>
<status status="PASS" starttime="20230130 20:27:19.510" endtime="20230130 20:27:19.697"/>
</kw>
<kw name="Input Password" library="SeleniumLibrary">
<arg>${locator_password}</arg>
<arg>${data_password}</arg>
<doc>Types the given password into the text field identified by ``locator``.</doc>
<msg timestamp="20230130 20:27:19.698" level="INFO">Typing password into text field '//input[@name="admin_password"]'.</msg>
<msg timestamp="20230130 20:27:19.747" level="INFO">Temporally setting log level to: NONE</msg>
<msg timestamp="20230130 20:27:19.791" level="INFO">Log level changed from NONE to INFO.</msg>
<status status="PASS" starttime="20230130 20:27:19.697" endtime="20230130 20:27:19.792"/>
</kw>
<kw name="Click Button" library="SeleniumLibrary">
<arg>${locator_button}</arg>
<doc>Clicks the button identified by ``locator``.</doc>
<msg timestamp="20230130 20:27:19.793" level="INFO">Clicking button '//button[@id='button_login']'.</msg>
<status status="PASS" starttime="20230130 20:27:19.792" endtime="20230130 20:27:26.796"/>
</kw>
<kw name="Wait Until Page Contains" library="SeleniumLibrary">
<arg>Thống kê số lượng học sinh đăng ký</arg>
<doc>Waits until ``text`` appears on the current page.</doc>
<status status="PASS" starttime="20230130 20:27:26.797" endtime="20230130 20:27:26.819"/>
</kw>
<status status="PASS" starttime="20230130 20:27:19.509" endtime="20230130 20:27:26.820"/>
</kw>
<kw name="Close Website" library="Common_Keyword" type="TEARDOWN">
<kw name="Close Browser" library="SeleniumLibrary">
<doc>Closes the current browser.</doc>
<status status="PASS" starttime="20230130 20:27:26.824" endtime="20230130 20:27:29.141"/>
</kw>
<status status="PASS" starttime="20230130 20:27:26.821" endtime="20230130 20:27:29.142"/>
</kw>
<status status="PASS" starttime="20230130 20:27:16.792" endtime="20230130 20:27:29.142"/>
</test>
<status status="PASS" starttime="20230130 20:27:16.219" endtime="20230130 20:27:29.144"/>
</suite>
<statistics>
<total>
<stat pass="1" fail="0" skip="0">All Tests</stat>
</total>
<tag>
</tag>
<suite>
<stat pass="1" fail="0" skip="0" id="s1" name="Login">Login</stat>
</suite>
</statistics>
<errors>
</errors>
</robot>
