<?xml version="1.0" encoding="UTF-8"?>
<robot generator="Robot 4.1.2 (Python 3.9.12 on win32)" generated="20230103 22:22:52.279" rpa="false" schemaversion="2">
<suite id="s1" name="Contact" source="C:\Users\nguye\PycharmProjects\DATN_RF\Tests\API_Test\Contacts\Contact.robot">
<test id="s1-t1" name="TC01_Contact_Successfully">
<kw name="create_new_session" library="Contact" type="SETUP">
<kw name="Open Browser" library="SeleniumLibrary">
<arg>${url_local_page}</arg>
<arg>headlesschrome</arg>
<doc>Opens a new browser instance to the optional ``url``.</doc>
<msg timestamp="20230103 22:22:52.889" level="INFO">Opening browser 'headlesschrome' to base url 'http://localhost/Project/tschool'.</msg>
<status status="PASS" starttime="20230103 22:22:52.887" endtime="20230103 22:22:57.869"/>
</kw>
<kw name="Click Element" library="SeleniumLibrary">
<arg>//a[contains(text(),'Liên hệ')]</arg>
<doc>Click the element identified by ``locator``.</doc>
<msg timestamp="20230103 22:22:57.870" level="INFO">Clicking element '//a[contains(text(),'Liên hệ')]'.</msg>
<status status="PASS" starttime="20230103 22:22:57.869" endtime="20230103 22:22:58.180"/>
</kw>
<kw name="Get Cookie" library="SeleniumLibrary">
<var>${cookie_value}</var>
<arg>XSRF-TOKEN</arg>
<doc>Returns information of cookie with ``name`` as an object.</doc>
<msg timestamp="20230103 22:22:58.232" level="INFO">${cookie_value} = name=XSRF-TOKEN
value=eyJpdiI6IkZJZ1lBSUc1RWF5NjYxSGR1djdUVUE9PSIsInZhbHVlIjoiYmoraFpsU1JXSjBRU0tuMzI4RnZoK09PTHFYNnRwcElMWm9oandDYXBiVHBVVFJPYWprbDladnlDeVV3Njc0eEpBbHhkZFRzSTBLWnVCeE1Od3NYTFZMaTUxQk...</msg>
<status status="PASS" starttime="20230103 22:22:58.181" endtime="20230103 22:22:58.232"/>
</kw>
<kw name="Close Browser" library="SeleniumLibrary">
<doc>Closes the current browser.</doc>
<status status="PASS" starttime="20230103 22:22:58.232" endtime="20230103 22:23:00.289"/>
</kw>
<kw name="Create Dictionary" library="BuiltIn">
<var>${header}</var>
<arg>Content-Type=application/json</arg>
<arg>X-XSRF-TOKEN=${cookie_value.value}</arg>
<doc>Creates and returns a dictionary based on the given ``items``.</doc>
<msg timestamp="20230103 22:23:00.292" level="INFO">${header} = {'Content-Type': 'application/json', 'X-XSRF-TOKEN': 'eyJpdiI6IkZJZ1lBSUc1RWF5NjYxSGR1djdUVUE9PSIsInZhbHVlIjoiYmoraFpsU1JXSjBRU0tuMzI4RnZoK09PTHFYNnRwcElMWm9oandDYXBiVHBVVFJPYWprbDladnlDeVV3Njc0eEpBbH...</msg>
<status status="PASS" starttime="20230103 22:23:00.290" endtime="20230103 22:23:00.293"/>
</kw>
<kw name="Create Session" library="RequestsLibrary">
<arg>myssion</arg>
<arg>${base_url}</arg>
<arg>headers=${header}</arg>
<doc>Create Session: create a HTTP session to a server</doc>
<msg timestamp="20230103 22:23:00.294" level="INFO">Creating Session using : alias=myssion, url=http://localhost/Project/tschool/api, headers={'Content-Type': 'application/json', 'X-XSRF-TOKEN': 'eyJpdiI6IkZJZ1lBSUc1RWF5NjYxSGR1djdUVUE9PSIsInZhbHVlIjoiYmoraFpsU1JXSjBRU0tuMzI4RnZoK09PTHFYNnRwcElMWm9oandDYXBiVHBVVFJPYWprbDladnlDeVV3Njc0eEpBbHhkZFRzSTBLWnVCeE1Od3NYTFZMaTUxQkNQOW1VVEVtOVBmVEV0bW1QeGZub3FINDljZFFSMzVzRGRWOGQiLCJtYWMiOiJjNzdhZTFiOGZmMTdlMTg2OGRkMjQ2NzkzMzZmYWE3YjYxNjE0MWE5YjBmY2RjZTc4Nzc1ODVlMWM4NGI2ZDI5IiwidGFnIjoiIn0%3D'},                     cookies={}, auth=None, timeout=None, proxies=None, verify=False,                     debug=0 </msg>
<status status="PASS" starttime="20230103 22:23:00.293" endtime="20230103 22:23:00.295"/>
</kw>
<status status="PASS" starttime="20230103 22:22:52.887" endtime="20230103 22:23:00.295"/>
</kw>
<kw name="Create Dictionary" library="BuiltIn">
<var>${body}</var>
<arg>hoten=test</arg>
<arg>email=test@gmail.com</arg>
<arg>sodienthoai=8528888820</arg>
<arg>khoahocquantam=test</arg>
<doc>Creates and returns a dictionary based on the given ``items``.</doc>
<msg timestamp="20230103 22:23:00.296" level="INFO">${body} = {'hoten': 'test', 'email': 'test@gmail.com', 'sodienthoai': '8528888820', 'khoahocquantam': 'test'}</msg>
<status status="PASS" starttime="20230103 22:23:00.296" endtime="20230103 22:23:00.297"/>
</kw>
<kw name="POST On Session" library="RequestsLibrary">
<var>${response}</var>
<arg>myssion</arg>
<arg>/contact</arg>
<arg>json=${body}</arg>
<doc>Sends a POST request on a previously created HTTP Session.</doc>
<msg timestamp="20230103 22:23:00.616" level="INFO">POST Request : url=http://localhost/Project/tschool/api/contact 
 path_url=/Project/tschool/api/contact 
 headers={'User-Agent': 'python-requests/2.26.0', 'Accept-Encoding': 'gzip, deflate', 'Accept': '*/*', 'Connection': 'keep-alive', 'Content-Type': 'application/json', 'X-XSRF-TOKEN': 'eyJpdiI6IkZJZ1lBSUc1RWF5NjYxSGR1djdUVUE9PSIsInZhbHVlIjoiYmoraFpsU1JXSjBRU0tuMzI4RnZoK09PTHFYNnRwcElMWm9oandDYXBiVHBVVFJPYWprbDladnlDeVV3Njc0eEpBbHhkZFRzSTBLWnVCeE1Od3NYTFZMaTUxQkNQOW1VVEVtOVBmVEV0bW1QeGZub3FINDljZFFSMzVzRGRWOGQiLCJtYWMiOiJjNzdhZTFiOGZmMTdlMTg2OGRkMjQ2NzkzMzZmYWE3YjYxNjE0MWE5YjBmY2RjZTc4Nzc1ODVlMWM4NGI2ZDI5IiwidGFnIjoiIn0%3D', 'Content-Length': '99'} 
 body=b'{"hoten": "test", "email": "test@gmail.com", "sodienthoai": "8528888820", "khoahocquantam": "test"}' 
 </msg>
<msg timestamp="20230103 22:23:00.616" level="INFO">POST Response : url=http://localhost/Project/tschool/api/contact 
 status=200, reason=OK 
 headers={'Date': 'Tue, 03 Jan 2023 15:23:00 GMT', 'Server': 'Apache/2.4.51 (Win64) OpenSSL/1.1.1l PHP/7.4.26', 'X-Powered-By': 'PHP/7.4.26', 'Cache-Control': 'no-cache, private', 'X-RateLimit-Limit': '60', 'X-RateLimit-Remaining': '59', 'Access-Control-Allow-Origin': '*', 'Keep-Alive': 'timeout=5, max=100', 'Connection': 'Keep-Alive', 'Transfer-Encoding': 'chunked', 'Content-Type': 'application/json'} 
 body={"message":"add contact successfully"} 
 </msg>
<msg timestamp="20230103 22:23:00.618" level="INFO">${response} = &lt;Response [200]&gt;</msg>
<status status="PASS" starttime="20230103 22:23:00.297" endtime="20230103 22:23:00.618"/>
</kw>
<kw name="Convert To String" library="BuiltIn">
<var>${status_code}</var>
<arg>${response.status_code}</arg>
<doc>Converts the given item to a Unicode string.</doc>
<msg timestamp="20230103 22:23:00.618" level="INFO">${status_code} = 200</msg>
<status status="PASS" starttime="20230103 22:23:00.618" endtime="20230103 22:23:00.618"/>
</kw>
<kw name="Should Be Equal" library="BuiltIn">
<arg>${status_code}</arg>
<arg>200</arg>
<doc>Fails if the given objects are unequal.</doc>
<status status="PASS" starttime="20230103 22:23:00.618" endtime="20230103 22:23:00.618"/>
</kw>
<kw name="Convert To String" library="BuiltIn">
<var>${res_body}</var>
<arg>${response.content}</arg>
<doc>Converts the given item to a Unicode string.</doc>
<msg timestamp="20230103 22:23:00.620" level="INFO">${res_body} = {"message":"add contact successfully"}</msg>
<status status="PASS" starttime="20230103 22:23:00.619" endtime="20230103 22:23:00.620"/>
</kw>
<kw name="Should Contain" library="BuiltIn">
<arg>${res_body}</arg>
<arg>add contact successfully</arg>
<doc>Fails if ``container`` does not contain ``item`` one or more times.</doc>
<status status="PASS" starttime="20230103 22:23:00.621" endtime="20230103 22:23:00.621"/>
</kw>
<tag>API</tag>
<status status="PASS" starttime="20230103 22:22:52.885" endtime="20230103 22:23:00.621"/>
</test>
<status status="PASS" starttime="20230103 22:22:52.282" endtime="20230103 22:23:00.622"/>
</suite>
<statistics>
<total>
<stat pass="1" fail="0" skip="0">All Tests</stat>
</total>
<tag>
<stat pass="1" fail="0" skip="0">API</stat>
</tag>
<suite>
<stat pass="1" fail="0" skip="0" id="s1" name="Contact">Contact</stat>
</suite>
</statistics>
<errors>
</errors>
</robot>
