<?xml version="1.0" encoding="UTF-8"?>
<robot generator="Robot 4.1.2 (Python 3.9.12 on win32)" generated="20230103 22:09:53.650" rpa="false" schemaversion="2">
<suite id="s1" name="Contact" source="C:\Users\nguye\PycharmProjects\DATN_RF\Tests\API_Test\Contacts\Contact.robot">
<test id="s1-t1" name="TC01_Contact_Successfully">
<kw name="create_new_session" library="Contact" type="SETUP">
<msg timestamp="20230103 22:09:54.149" level="TRACE">Arguments: [  ]</msg>
<kw name="Open Browser" library="SeleniumLibrary">
<arg>${url_local_page}</arg>
<arg>headlesschrome</arg>
<doc>Opens a new browser instance to the optional ``url``.</doc>
<msg timestamp="20230103 22:09:54.150" level="TRACE">Arguments: [ 'http://localhost/Project/tschool' | 'headlesschrome' ]</msg>
<msg timestamp="20230103 22:09:54.150" level="INFO">Opening browser 'headlesschrome' to base url 'http://localhost/Project/tschool'.</msg>
<msg timestamp="20230103 22:09:54.684" level="DEBUG">POST http://localhost:55154/session {"capabilities": {"firstMatch": [{}], "alwaysMatch": {"browserName": "chrome", "pageLoadStrategy": "normal", "goog:chromeOptions": {"extensions": [], "args": ["--headless"]}}}, "desiredCapabilities": {"browserName": "chrome", "pageLoadStrategy": "normal", "goog:chromeOptions": {"extensions": [], "args": ["--headless"]}}}</msg>
<msg timestamp="20230103 22:09:54.686" level="DEBUG">Starting new HTTP connection (1): localhost:55154</msg>
<msg timestamp="20230103 22:09:55.313" level="DEBUG">http://localhost:55154 "POST /session HTTP/1.1" 200 792</msg>
<msg timestamp="20230103 22:09:55.314" level="DEBUG">Finished Request</msg>
<msg timestamp="20230103 22:09:55.314" level="DEBUG">POST http://localhost:55154/session/b562d884673e70a7430fad29d7b6f29a/timeouts {"script": 5000}</msg>
<msg timestamp="20230103 22:09:55.316" level="DEBUG">http://localhost:55154 "POST /session/b562d884673e70a7430fad29d7b6f29a/timeouts HTTP/1.1" 200 14</msg>
<msg timestamp="20230103 22:09:55.317" level="DEBUG">Finished Request</msg>
<msg timestamp="20230103 22:09:55.317" level="DEBUG">POST http://localhost:55154/session/b562d884673e70a7430fad29d7b6f29a/timeouts {"implicit": 0}</msg>
<msg timestamp="20230103 22:09:55.320" level="DEBUG">http://localhost:55154 "POST /session/b562d884673e70a7430fad29d7b6f29a/timeouts HTTP/1.1" 200 14</msg>
<msg timestamp="20230103 22:09:55.320" level="DEBUG">Finished Request</msg>
<msg timestamp="20230103 22:09:55.320" level="DEBUG">POST http://localhost:55154/session/b562d884673e70a7430fad29d7b6f29a/url {"url": "http://localhost/Project/tschool"}</msg>
<msg timestamp="20230103 22:09:56.776" level="DEBUG">http://localhost:55154 "POST /session/b562d884673e70a7430fad29d7b6f29a/url HTTP/1.1" 200 14</msg>
<msg timestamp="20230103 22:09:56.776" level="DEBUG">Finished Request</msg>
<msg timestamp="20230103 22:09:56.776" level="DEBUG">Opened browser with session id b562d884673e70a7430fad29d7b6f29a.</msg>
<msg timestamp="20230103 22:09:56.776" level="TRACE">Return: 1</msg>
<status status="PASS" starttime="20230103 22:09:54.149" endtime="20230103 22:09:56.776"/>
</kw>
<kw name="Click Element" library="SeleniumLibrary">
<arg>//a[contains(text(),'Liên hệ')]</arg>
<doc>Click the element identified by ``locator``.</doc>
<msg timestamp="20230103 22:09:56.777" level="TRACE">Arguments: [ "//a[contains(text(),'Liên hệ')]" ]</msg>
<msg timestamp="20230103 22:09:56.780" level="INFO">Clicking element '//a[contains(text(),'Liên hệ')]'.</msg>
<msg timestamp="20230103 22:09:56.782" level="DEBUG">POST http://localhost:55154/session/b562d884673e70a7430fad29d7b6f29a/elements {"using": "xpath", "value": "//a[contains(text(),'Li\u00ean h\u1ec7')]"}</msg>
<msg timestamp="20230103 22:09:56.798" level="DEBUG">http://localhost:55154 "POST /session/b562d884673e70a7430fad29d7b6f29a/elements HTTP/1.1" 200 90</msg>
<msg timestamp="20230103 22:09:56.798" level="DEBUG">Finished Request</msg>
<msg timestamp="20230103 22:09:56.798" level="DEBUG">POST http://localhost:55154/session/b562d884673e70a7430fad29d7b6f29a/element/76a23821-e1d1-4cc7-9892-113ef4b67760/click {"id": "76a23821-e1d1-4cc7-9892-113ef4b67760"}</msg>
<msg timestamp="20230103 22:09:57.112" level="DEBUG">http://localhost:55154 "POST /session/b562d884673e70a7430fad29d7b6f29a/element/76a23821-e1d1-4cc7-9892-113ef4b67760/click HTTP/1.1" 200 14</msg>
<msg timestamp="20230103 22:09:57.112" level="DEBUG">Finished Request</msg>
<msg timestamp="20230103 22:09:57.112" level="TRACE">Return: None</msg>
<status status="PASS" starttime="20230103 22:09:56.777" endtime="20230103 22:09:57.112"/>
</kw>
<kw name="Get Cookie" library="SeleniumLibrary">
<var>${cookie_value}</var>
<arg>XSRF-TOKEN</arg>
<doc>Returns information of cookie with ``name`` as an object.</doc>
<msg timestamp="20230103 22:09:57.113" level="TRACE">Arguments: [ 'XSRF-TOKEN' ]</msg>
<msg timestamp="20230103 22:09:57.113" level="DEBUG">GET http://localhost:55154/session/b562d884673e70a7430fad29d7b6f29a/cookie/XSRF-TOKEN {"name": "XSRF-TOKEN"}</msg>
<msg timestamp="20230103 22:09:57.189" level="DEBUG">http://localhost:55154 "GET /session/b562d884673e70a7430fad29d7b6f29a/cookie/XSRF-TOKEN HTTP/1.1" 200 485</msg>
<msg timestamp="20230103 22:09:57.190" level="DEBUG">Finished Request</msg>
<msg timestamp="20230103 22:09:57.190" level="TRACE">Return: &lt;SeleniumLibrary.keywords.cookie.CookieInformation object at 0x000001AB69528880&gt;</msg>
<msg timestamp="20230103 22:09:57.190" level="INFO">${cookie_value} = name=XSRF-TOKEN
value=eyJpdiI6Ikh5WnFhZUlrTnlzMCs2Ry9wbU5MRFE9PSIsInZhbHVlIjoiRjZla01BSHVudEtDR3lOSmFhTlBPYVdqQ0Z6RVJBMHppdzlXcUpzVmZRNTJMVU1NbGpRYTloaW1PSkRJSHB3UXNrZW1zR1FPTDIxdTRPc2lqYklOTjJaOFNkd3...</msg>
<status status="PASS" starttime="20230103 22:09:57.112" endtime="20230103 22:09:57.190"/>
</kw>
<kw name="Close Browser" library="SeleniumLibrary">
<doc>Closes the current browser.</doc>
<msg timestamp="20230103 22:09:57.190" level="TRACE">Arguments: [  ]</msg>
<msg timestamp="20230103 22:09:57.190" level="DEBUG">Closing browser with session id b562d884673e70a7430fad29d7b6f29a.</msg>
<msg timestamp="20230103 22:09:57.190" level="DEBUG">DELETE http://localhost:55154/session/b562d884673e70a7430fad29d7b6f29a {}</msg>
<msg timestamp="20230103 22:09:57.202" level="DEBUG">http://localhost:55154 "DELETE /session/b562d884673e70a7430fad29d7b6f29a HTTP/1.1" 200 14</msg>
<msg timestamp="20230103 22:09:57.203" level="DEBUG">Finished Request</msg>
<msg timestamp="20230103 22:09:59.237" level="TRACE">Return: None</msg>
<status status="PASS" starttime="20230103 22:09:57.190" endtime="20230103 22:09:59.237"/>
</kw>
<kw name="Create Dictionary" library="BuiltIn">
<var>${header}</var>
<arg>Content-Type=application/json</arg>
<arg>X-XSRF-TOKEN=${cookie_value.value}</arg>
<doc>Creates and returns a dictionary based on the given ``items``.</doc>
<msg timestamp="20230103 22:09:59.237" level="TRACE">Arguments: [ 'Content-Type=application/json' | 'X-XSRF-TOKEN=${cookie_value.value}' ]</msg>
<msg timestamp="20230103 22:09:59.238" level="TRACE">Return: {'Content-Type': 'application/json',
 'X-XSRF-TOKEN': 'eyJpdiI6Ikh5WnFhZUlrTnlzMCs2Ry9wbU5MRFE9PSIsInZhbHVlIjoiRjZla01BSHVudEtDR3lOSmFhTlBPYVdqQ0Z6RVJBMHppdzlXcUpzVmZRNTJMVU1NbGpRYTloaW1PSkRJSHB3UXNrZW1zR1FPTDIxdTRPc2lqYklOTjJaOFNkd3RvZ2pJQis3L2RNbFdpRzNrUXZrcEFYNjZEZk9wdnhCNGdET2UiLCJtYWMiOiJhZTEyNDUyMjU2OTk3NjI2YmFjMTM0NjUxZGE2OWZlZjZkOGJkNjFmOGQ3NGRjNDZiZmJiZTU1NmQwMjQwOGMyIiwidGFnIjoiIn0%3D'}</msg>
<msg timestamp="20230103 22:09:59.239" level="INFO">${header} = {'Content-Type': 'application/json', 'X-XSRF-TOKEN': 'eyJpdiI6Ikh5WnFhZUlrTnlzMCs2Ry9wbU5MRFE9PSIsInZhbHVlIjoiRjZla01BSHVudEtDR3lOSmFhTlBPYVdqQ0Z6RVJBMHppdzlXcUpzVmZRNTJMVU1NbGpRYTloaW1PSkRJSHB3UXNrZW...</msg>
<status status="PASS" starttime="20230103 22:09:59.237" endtime="20230103 22:09:59.239"/>
</kw>
<kw name="Create Session" library="RequestsLibrary">
<arg>myssion</arg>
<arg>${base_url}</arg>
<arg>headers=${header}</arg>
<doc>Create Session: create a HTTP session to a server</doc>
<msg timestamp="20230103 22:09:59.239" level="TRACE">Arguments: [ 'myssion' | 'http://localhost/Project/tschool/api' | headers={'Content-Type': 'application/json',
 'X-XSRF-TOKEN': 'eyJpdiI6Ikh5WnFhZUlrTnlzMCs2Ry9wbU5MRFE9PSIsInZhbHVlIjoiRjZla01BSHVudEtDR3lOSmFhTlBPYVdqQ0Z6RVJBMHppdzlXcUpzVmZRNTJMVU1NbGpRYTloaW1PSkRJSHB3UXNrZW1zR1FPTDIxdTRPc2lqYklOTjJaOFNkd3RvZ2pJQis3L2RNbFdpRzNrUXZrcEFYNjZEZk9wdnhCNGdET2UiLCJtYWMiOiJhZTEyNDUyMjU2OTk3NjI2YmFjMTM0NjUxZGE2OWZlZjZkOGJkNjFmOGQ3NGRjNDZiZmJiZTU1NmQwMjQwOGMyIiwidGFnIjoiIn0%3D'} ]</msg>
<msg timestamp="20230103 22:09:59.240" level="INFO">Creating Session using : alias=myssion, url=http://localhost/Project/tschool/api, headers={'Content-Type': 'application/json', 'X-XSRF-TOKEN': 'eyJpdiI6Ikh5WnFhZUlrTnlzMCs2Ry9wbU5MRFE9PSIsInZhbHVlIjoiRjZla01BSHVudEtDR3lOSmFhTlBPYVdqQ0Z6RVJBMHppdzlXcUpzVmZRNTJMVU1NbGpRYTloaW1PSkRJSHB3UXNrZW1zR1FPTDIxdTRPc2lqYklOTjJaOFNkd3RvZ2pJQis3L2RNbFdpRzNrUXZrcEFYNjZEZk9wdnhCNGdET2UiLCJtYWMiOiJhZTEyNDUyMjU2OTk3NjI2YmFjMTM0NjUxZGE2OWZlZjZkOGJkNjFmOGQ3NGRjNDZiZmJiZTU1NmQwMjQwOGMyIiwidGFnIjoiIn0%3D'},                     cookies={}, auth=None, timeout=None, proxies=None, verify=False,                     debug=0 </msg>
<msg timestamp="20230103 22:09:59.240" level="DEBUG">Creating session: myssion</msg>
<msg timestamp="20230103 22:09:59.241" level="TRACE">Return: &lt;requests.sessions.Session object at 0x000001AB69528DC0&gt;</msg>
<status status="PASS" starttime="20230103 22:09:59.239" endtime="20230103 22:09:59.241"/>
</kw>
<msg timestamp="20230103 22:09:59.241" level="TRACE">Return: None</msg>
<status status="PASS" starttime="20230103 22:09:54.149" endtime="20230103 22:09:59.242"/>
</kw>
<kw name="Create Dictionary" library="BuiltIn">
<var>${body}</var>
<arg>hoten=</arg>
<arg>email=test@gmail.com</arg>
<arg>sodienthoai=8528888820</arg>
<arg>khoahocquantam=test</arg>
<doc>Creates and returns a dictionary based on the given ``items``.</doc>
<msg timestamp="20230103 22:09:59.242" level="TRACE">Arguments: [ 'hoten=' | 'email=test@gmail.com' | 'sodienthoai=8528888820' | 'khoahocquantam=test' ]</msg>
<msg timestamp="20230103 22:09:59.242" level="TRACE">Return: {'email': 'test@gmail.com',
 'hoten': '',
 'khoahocquantam': 'test',
 'sodienthoai': '8528888820'}</msg>
<msg timestamp="20230103 22:09:59.242" level="INFO">${body} = {'hoten': '', 'email': 'test@gmail.com', 'sodienthoai': '8528888820', 'khoahocquantam': 'test'}</msg>
<status status="PASS" starttime="20230103 22:09:59.242" endtime="20230103 22:09:59.242"/>
</kw>
<kw name="Run Keyword And Expect Error" library="BuiltIn">
<var>${response}</var>
<arg>HTTPError: 400*</arg>
<arg>POST On Session</arg>
<arg>myssion</arg>
<arg>/contact</arg>
<arg>json=${body}</arg>
<doc>Runs the keyword and checks that the expected error occurred.</doc>
<msg timestamp="20230103 22:09:59.243" level="TRACE">Arguments: [ 'HTTPError: 400*' | 'POST On Session' | 'myssion' | '/contact' | 'json=${body}' ]</msg>
<kw name="POST On Session" library="RequestsLibrary">
<arg>myssion</arg>
<arg>/contact</arg>
<arg>json=${body}</arg>
<doc>Sends a POST request on a previously created HTTP Session.</doc>
<msg timestamp="20230103 22:09:59.243" level="TRACE">Arguments: [ 'myssion' | '/contact' | json={'email': 'test@gmail.com',
 'hoten': '',
 'khoahocquantam': 'test',
 'sodienthoai': '8528888820'} ]</msg>
<msg timestamp="20230103 22:09:59.249" level="DEBUG">Starting new HTTP connection (1): localhost:80</msg>
<msg timestamp="20230103 22:09:59.604" level="DEBUG">http://localhost:80 "POST /Project/tschool/api/contact HTTP/1.1" 400 None</msg>
<msg timestamp="20230103 22:09:59.606" level="INFO">POST Request : url=http://localhost/Project/tschool/api/contact 
 path_url=/Project/tschool/api/contact 
 headers={'User-Agent': 'python-requests/2.26.0', 'Accept-Encoding': 'gzip, deflate', 'Accept': '*/*', 'Connection': 'keep-alive', 'Content-Type': 'application/json', 'X-XSRF-TOKEN': 'eyJpdiI6Ikh5WnFhZUlrTnlzMCs2Ry9wbU5MRFE9PSIsInZhbHVlIjoiRjZla01BSHVudEtDR3lOSmFhTlBPYVdqQ0Z6RVJBMHppdzlXcUpzVmZRNTJMVU1NbGpRYTloaW1PSkRJSHB3UXNrZW1zR1FPTDIxdTRPc2lqYklOTjJaOFNkd3RvZ2pJQis3L2RNbFdpRzNrUXZrcEFYNjZEZk9wdnhCNGdET2UiLCJtYWMiOiJhZTEyNDUyMjU2OTk3NjI2YmFjMTM0NjUxZGE2OWZlZjZkOGJkNjFmOGQ3NGRjNDZiZmJiZTU1NmQwMjQwOGMyIiwidGFnIjoiIn0%3D', 'Content-Length': '95'} 
 body=b'{"hoten": "", "email": "test@gmail.com", "sodienthoai": "8528888820", "khoahocquantam": "test"}' 
 </msg>
<msg timestamp="20230103 22:09:59.606" level="INFO">POST Response : url=http://localhost/Project/tschool/api/contact 
 status=400, reason=Bad Request 
 headers={'Date': 'Tue, 03 Jan 2023 15:09:59 GMT', 'Server': 'Apache/2.4.51 (Win64) OpenSSL/1.1.1l PHP/7.4.26', 'X-Powered-By': 'PHP/7.4.26', 'Cache-Control': 'no-cache, private', 'X-RateLimit-Limit': '60', 'X-RateLimit-Remaining': '59', 'Access-Control-Allow-Origin': '*', 'Connection': 'close', 'Transfer-Encoding': 'chunked', 'Content-Type': 'application/json'} 
 body={"hoten":["The hoten field is required."]} 
 </msg>
<msg timestamp="20230103 22:09:59.615" level="FAIL">HTTPError: 400 Client Error: Bad Request for url: http://localhost/Project/tschool/api/contact</msg>
<msg timestamp="20230103 22:09:59.615" level="DEBUG">Traceback (most recent call last):
  File "C:\Users\nguye\AppData\Local\Programs\Python\Python39\lib\site-packages\RequestsLibrary\utils.py", line 154, in decorator
    return func(*args, **kwargs)
  File "C:\Users\nguye\AppData\Local\Programs\Python\Python39\lib\site-packages\RequestsLibrary\RequestsOnSessionKeywords.py", line 62, in post_on_session
    self._check_status(expected_status, response, msg)
  File "C:\Users\nguye\AppData\Local\Programs\Python\Python39\lib\site-packages\RequestsLibrary\SessionKeywords.py", line 570, in _check_status
    resp.raise_for_status()
  File "C:\Users\nguye\AppData\Local\Programs\Python\Python39\lib\site-packages\requests\models.py", line 953, in raise_for_status
    raise HTTPError(http_error_msg, response=self)</msg>
<status status="FAIL" starttime="20230103 22:09:59.243" endtime="20230103 22:09:59.615"/>
</kw>
<msg timestamp="20230103 22:09:59.616" level="TRACE">Return: 'HTTPError: 400 Client Error: Bad Request for url: http://localhost/Project/tschool/api/contact'</msg>
<msg timestamp="20230103 22:09:59.616" level="INFO">${response} = HTTPError: 400 Client Error: Bad Request for url: http://localhost/Project/tschool/api/contact</msg>
<status status="PASS" starttime="20230103 22:09:59.243" endtime="20230103 22:09:59.616"/>
</kw>
<kw name="Status Should Be" library="RequestsLibrary">
<arg>expected_status=400</arg>
<doc>Fails if response status code is different than the expected.</doc>
<msg timestamp="20230103 22:09:59.617" level="TRACE">Arguments: [ expected_status='400' ]</msg>
<msg timestamp="20230103 22:09:59.617" level="TRACE">Return: None</msg>
<status status="PASS" starttime="20230103 22:09:59.617" endtime="20230103 22:09:59.617"/>
</kw>
<tag>API</tag>
<status status="PASS" starttime="20230103 22:09:54.148" endtime="20230103 22:09:59.618"/>
</test>
<status status="PASS" starttime="20230103 22:09:53.652" endtime="20230103 22:09:59.618"/>
</suite>
<statistics>
<total>
<stat pass="1" fail="0" skip="0">All Tests</stat>
</total>
<tag>
<stat pass="1" fail="0" skip="0">API</stat>
</tag>
<suite>
<stat pass="1" fail="0" skip="0" id="s1" name="Contact">Contact</stat>
</suite>
</statistics>
<errors>
</errors>
</robot>
