<?xml version="1.0" encoding="UTF-8"?>
<robot generator="Robot 4.1.2 (Python 3.9.12 on win32)" generated="20230206 23:31:21.168" rpa="false" schemaversion="2">
<suite id="s1" name="Functional Tests" source="C:\Users\nguye\PycharmProjects\DATN_RF\Tests\Functional_Tests">
<suite id="s1-s1" name="Subject" source="C:\Users\nguye\PycharmProjects\DATN_RF\Tests\Functional_Tests\01__Subject">
<suite id="s1-s1-s1" name="Subject" source="C:\Users\nguye\PycharmProjects\DATN_RF\Tests\Functional_Tests\01__Subject\01__Subject.robot">
<test id="s1-s1-s1-t1" name="CREATE01-Verify Create Subject Successfull">
<kw name="Open Admin Site Using Chrome Browser" library="Common_Keyword" type="SETUP">
<kw name="Open Browser" library="SeleniumLibrary">
<arg>${url_production_admin}</arg>
<arg>${browser}</arg>
<doc>Opens a new browser instance to the optional ``url``.</doc>
<msg timestamp="20230206 23:31:21.778" level="INFO">Opening browser 'Chrome' to base url 'https://datncl.top/admin'.</msg>
<status status="PASS" starttime="20230206 23:31:21.777" endtime="20230206 23:31:24.273"/>
</kw>
<kw name="Maximize Browser Window" library="SeleniumLibrary">
<doc>Maximizes current browser window.</doc>
<status status="PASS" starttime="20230206 23:31:24.274" endtime="20230206 23:31:24.402"/>
</kw>
<status status="PASS" starttime="20230206 23:31:21.777" endtime="20230206 23:31:24.402"/>
</kw>
<kw name="Redirect create subject page" library="Subject_User_Defined_Keyword">
<kw name="Verify_Login_Successfully" library="Common_Keyword">
<kw name="Input Text" library="SeleniumLibrary">
<arg>${locator_username}</arg>
<arg>${data_username}</arg>
<doc>Types the given ``text`` into the text field identified by ``locator``.</doc>
<msg timestamp="20230206 23:31:24.411" level="INFO">Typing text 'Sally51' into text field '//input[@name='admin_account']'.</msg>
<status status="PASS" starttime="20230206 23:31:24.407" endtime="20230206 23:31:24.679"/>
</kw>
<kw name="Input Password" library="SeleniumLibrary">
<arg>${locator_password}</arg>
<arg>${data_password}</arg>
<doc>Types the given password into the text field identified by ``locator``.</doc>
<msg timestamp="20230206 23:31:24.679" level="INFO">Typing password into text field '//input[@name="admin_password"]'.</msg>
<msg timestamp="20230206 23:31:24.729" level="INFO">Temporally setting log level to: NONE</msg>
<msg timestamp="20230206 23:31:24.784" level="INFO">Log level changed from NONE to INFO.</msg>
<status status="PASS" starttime="20230206 23:31:24.679" endtime="20230206 23:31:24.784"/>
</kw>
<kw name="Click Button" library="SeleniumLibrary">
<arg>${locator_button}</arg>
<doc>Clicks the button identified by ``locator``.</doc>
<msg timestamp="20230206 23:31:24.785" level="INFO">Clicking button '//button[@id='button_login']'.</msg>
<status status="PASS" starttime="20230206 23:31:24.785" endtime="20230206 23:31:26.815"/>
</kw>
<kw name="Wait Until Page Contains" library="SeleniumLibrary">
<arg>Thống kê số lượng học sinh đăng ký</arg>
<doc>Waits until ``text`` appears on the current page.</doc>
<status status="PASS" starttime="20230206 23:31:26.816" endtime="20230206 23:31:26.865"/>
</kw>
<status status="PASS" starttime="20230206 23:31:24.403" endtime="20230206 23:31:26.868"/>
</kw>
<kw name="Click Element" library="SeleniumLibrary">
<arg>//span[@id='subject_category']</arg>
<doc>Click the element identified by ``locator``.</doc>
<msg timestamp="20230206 23:31:26.871" level="INFO">Clicking element '//span[@id='subject_category']'.</msg>
<status status="PASS" starttime="20230206 23:31:26.869" endtime="20230206 23:31:26.996"/>
</kw>
<kw name="Wait Until Element Is Visible" library="SeleniumLibrary">
<arg>//a[@id='create_subject']</arg>
<doc>Waits until the element ``locator`` is visible.</doc>
<status status="PASS" starttime="20230206 23:31:26.996" endtime="20230206 23:31:27.086"/>
</kw>
<kw name="Click Element" library="SeleniumLibrary">
<arg>//a[@id='create_subject']</arg>
<doc>Click the element identified by ``locator``.</doc>
<msg timestamp="20230206 23:31:27.087" level="INFO">Clicking element '//a[@id='create_subject']'.</msg>
<status status="PASS" starttime="20230206 23:31:27.086" endtime="20230206 23:31:27.482"/>
</kw>
<kw name="Sleep" library="BuiltIn">
<arg>2s</arg>
<doc>Pauses the test executed for the given time.</doc>
<msg timestamp="20230206 23:31:29.485" level="INFO">Slept 2 seconds</msg>
<status status="PASS" starttime="20230206 23:31:27.482" endtime="20230206 23:31:29.485"/>
</kw>
<status status="PASS" starttime="20230206 23:31:24.402" endtime="20230206 23:31:29.485"/>
</kw>
<kw name="Create subject" library="Subject_User_Defined_Keyword">
<arg>Môn Địa Lý</arg>
<arg>Danh mục môn địa</arg>
<arg>Kích hoạt</arg>
<kw name="Input Text" library="SeleniumLibrary">
<arg>//input[@id='slug']</arg>
<arg>${name_subject}</arg>
<doc>Types the given ``text`` into the text field identified by ``locator``.</doc>
<msg timestamp="20230206 23:31:29.487" level="INFO">Typing text 'Môn Địa Lý' into text field '//input[@id='slug']'.</msg>
<status status="PASS" starttime="20230206 23:31:29.486" endtime="20230206 23:31:29.618"/>
</kw>
<kw name="Input Text" library="SeleniumLibrary">
<arg>//textarea[@name='mota']</arg>
<arg>${summary_subject}</arg>
<doc>Types the given ``text`` into the text field identified by ``locator``.</doc>
<msg timestamp="20230206 23:31:29.619" level="INFO">Typing text 'Danh mục môn địa' into text field '//textarea[@name='mota']'.</msg>
<status status="PASS" starttime="20230206 23:31:29.619" endtime="20230206 23:31:29.804"/>
</kw>
<kw name="Click Element" library="SeleniumLibrary">
<arg>//select[@name='kichhoat']</arg>
<doc>Click the element identified by ``locator``.</doc>
<msg timestamp="20230206 23:31:29.804" level="INFO">Clicking element '//select[@name='kichhoat']'.</msg>
<status status="PASS" starttime="20230206 23:31:29.804" endtime="20230206 23:31:29.936"/>
</kw>
<kw name="Click Element" library="SeleniumLibrary">
<arg>//option[contains(text(),'${status}')]</arg>
<doc>Click the element identified by ``locator``.</doc>
<msg timestamp="20230206 23:31:29.937" level="INFO">Clicking element '//option[contains(text(),'Kích hoạt')]'.</msg>
<status status="PASS" starttime="20230206 23:31:29.936" endtime="20230206 23:31:30.015"/>
</kw>
<kw name="Sleep" library="BuiltIn">
<arg>2s</arg>
<doc>Pauses the test executed for the given time.</doc>
<msg timestamp="20230206 23:31:32.027" level="INFO">Slept 2 seconds</msg>
<status status="PASS" starttime="20230206 23:31:30.015" endtime="20230206 23:31:32.027"/>
</kw>
<kw name="Click Button" library="SeleniumLibrary">
<arg>//button[@name='themmonhoc']</arg>
<doc>Clicks the button identified by ``locator``.</doc>
<msg timestamp="20230206 23:31:32.028" level="INFO">Clicking button '//button[@name='themmonhoc']'.</msg>
<status status="PASS" starttime="20230206 23:31:32.028" endtime="20230206 23:31:32.609"/>
</kw>
<status status="PASS" starttime="20230206 23:31:29.485" endtime="20230206 23:31:32.609"/>
</kw>
<kw name="Wait Until Page Contains" library="SeleniumLibrary">
<arg>Thêm danh mục môn học thành công</arg>
<doc>Waits until ``text`` appears on the current page.</doc>
<status status="PASS" starttime="20230206 23:31:32.610" endtime="20230206 23:31:32.636"/>
</kw>
<kw name="Close Website" library="Common_Keyword" type="TEARDOWN">
<kw name="Close Browser" library="SeleniumLibrary">
<doc>Closes the current browser.</doc>
<status status="PASS" starttime="20230206 23:31:32.637" endtime="20230206 23:31:35.008"/>
</kw>
<status status="PASS" starttime="20230206 23:31:32.637" endtime="20230206 23:31:35.009"/>
</kw>
<tag>Check_Create_Subject</tag>
<status status="PASS" starttime="20230206 23:31:21.776" endtime="20230206 23:31:35.009"/>
</test>
<test id="s1-s1-s1-t2" name="CREATE02-Check the subject already exists">
<kw name="Open Admin Site Using Chrome Browser" library="Common_Keyword" type="SETUP">
<kw name="Open Browser" library="SeleniumLibrary">
<arg>${url_production_admin}</arg>
<arg>${browser}</arg>
<doc>Opens a new browser instance to the optional ``url``.</doc>
<msg timestamp="20230206 23:31:35.014" level="INFO">Opening browser 'Chrome' to base url 'https://datncl.top/admin'.</msg>
<status status="PASS" starttime="20230206 23:31:35.013" endtime="20230206 23:31:37.228"/>
</kw>
<kw name="Maximize Browser Window" library="SeleniumLibrary">
<doc>Maximizes current browser window.</doc>
<status status="PASS" starttime="20230206 23:31:37.228" endtime="20230206 23:31:37.386"/>
</kw>
<status status="PASS" starttime="20230206 23:31:35.012" endtime="20230206 23:31:37.388"/>
</kw>
<kw name="Redirect create subject page" library="Subject_User_Defined_Keyword">
<kw name="Verify_Login_Successfully" library="Common_Keyword">
<kw name="Input Text" library="SeleniumLibrary">
<arg>${locator_username}</arg>
<arg>${data_username}</arg>
<doc>Types the given ``text`` into the text field identified by ``locator``.</doc>
<msg timestamp="20230206 23:31:37.393" level="INFO">Typing text 'Sally51' into text field '//input[@name='admin_account']'.</msg>
<status status="PASS" starttime="20230206 23:31:37.393" endtime="20230206 23:31:37.605"/>
</kw>
<kw name="Input Password" library="SeleniumLibrary">
<arg>${locator_password}</arg>
<arg>${data_password}</arg>
<doc>Types the given password into the text field identified by ``locator``.</doc>
<msg timestamp="20230206 23:31:37.608" level="INFO">Typing password into text field '//input[@name="admin_password"]'.</msg>
<msg timestamp="20230206 23:31:37.660" level="INFO">Temporally setting log level to: NONE</msg>
<msg timestamp="20230206 23:31:37.703" level="INFO">Log level changed from NONE to INFO.</msg>
<status status="PASS" starttime="20230206 23:31:37.606" endtime="20230206 23:31:37.703"/>
</kw>
<kw name="Click Button" library="SeleniumLibrary">
<arg>${locator_button}</arg>
<doc>Clicks the button identified by ``locator``.</doc>
<msg timestamp="20230206 23:31:37.704" level="INFO">Clicking button '//button[@id='button_login']'.</msg>
<status status="PASS" starttime="20230206 23:31:37.704" endtime="20230206 23:31:39.688"/>
</kw>
<kw name="Wait Until Page Contains" library="SeleniumLibrary">
<arg>Thống kê số lượng học sinh đăng ký</arg>
<doc>Waits until ``text`` appears on the current page.</doc>
<status status="PASS" starttime="20230206 23:31:39.689" endtime="20230206 23:31:39.724"/>
</kw>
<status status="PASS" starttime="20230206 23:31:37.392" endtime="20230206 23:31:39.727"/>
</kw>
<kw name="Click Element" library="SeleniumLibrary">
<arg>//span[@id='subject_category']</arg>
<doc>Click the element identified by ``locator``.</doc>
<msg timestamp="20230206 23:31:39.733" level="INFO">Clicking element '//span[@id='subject_category']'.</msg>
<status status="PASS" starttime="20230206 23:31:39.728" endtime="20230206 23:31:39.833"/>
</kw>
<kw name="Wait Until Element Is Visible" library="SeleniumLibrary">
<arg>//a[@id='create_subject']</arg>
<doc>Waits until the element ``locator`` is visible.</doc>
<status status="PASS" starttime="20230206 23:31:39.833" endtime="20230206 23:31:39.890"/>
</kw>
<kw name="Click Element" library="SeleniumLibrary">
<arg>//a[@id='create_subject']</arg>
<doc>Click the element identified by ``locator``.</doc>
<msg timestamp="20230206 23:31:39.891" level="INFO">Clicking element '//a[@id='create_subject']'.</msg>
<status status="PASS" starttime="20230206 23:31:39.891" endtime="20230206 23:31:40.352"/>
</kw>
<kw name="Sleep" library="BuiltIn">
<arg>2s</arg>
<doc>Pauses the test executed for the given time.</doc>
<msg timestamp="20230206 23:31:42.363" level="INFO">Slept 2 seconds</msg>
<status status="PASS" starttime="20230206 23:31:40.353" endtime="20230206 23:31:42.363"/>
</kw>
<status status="PASS" starttime="20230206 23:31:37.391" endtime="20230206 23:31:42.364"/>
</kw>
<kw name="Sleep" library="BuiltIn">
<arg>2s</arg>
<doc>Pauses the test executed for the given time.</doc>
<msg timestamp="20230206 23:31:44.376" level="INFO">Slept 2 seconds</msg>
<status status="PASS" starttime="20230206 23:31:42.364" endtime="20230206 23:31:44.376"/>
</kw>
<kw name="Create subject" library="Subject_User_Defined_Keyword">
<arg>Môn Ngữ Văn</arg>
<arg>Danh mục môn văn</arg>
<arg>Kích hoạt</arg>
<kw name="Input Text" library="SeleniumLibrary">
<arg>//input[@id='slug']</arg>
<arg>${name_subject}</arg>
<doc>Types the given ``text`` into the text field identified by ``locator``.</doc>
<msg timestamp="20230206 23:31:44.378" level="INFO">Typing text 'Môn Ngữ Văn' into text field '//input[@id='slug']'.</msg>
<status status="PASS" starttime="20230206 23:31:44.378" endtime="20230206 23:31:44.526"/>
</kw>
<kw name="Input Text" library="SeleniumLibrary">
<arg>//textarea[@name='mota']</arg>
<arg>${summary_subject}</arg>
<doc>Types the given ``text`` into the text field identified by ``locator``.</doc>
<msg timestamp="20230206 23:31:44.527" level="INFO">Typing text 'Danh mục môn văn' into text field '//textarea[@name='mota']'.</msg>
<status status="PASS" starttime="20230206 23:31:44.526" endtime="20230206 23:31:44.678"/>
</kw>
<kw name="Click Element" library="SeleniumLibrary">
<arg>//select[@name='kichhoat']</arg>
<doc>Click the element identified by ``locator``.</doc>
<msg timestamp="20230206 23:31:44.679" level="INFO">Clicking element '//select[@name='kichhoat']'.</msg>
<status status="PASS" starttime="20230206 23:31:44.678" endtime="20230206 23:31:44.815"/>
</kw>
<kw name="Click Element" library="SeleniumLibrary">
<arg>//option[contains(text(),'${status}')]</arg>
<doc>Click the element identified by ``locator``.</doc>
<msg timestamp="20230206 23:31:44.817" level="INFO">Clicking element '//option[contains(text(),'Kích hoạt')]'.</msg>
<status status="PASS" starttime="20230206 23:31:44.816" endtime="20230206 23:31:44.920"/>
</kw>
<kw name="Sleep" library="BuiltIn">
<arg>2s</arg>
<doc>Pauses the test executed for the given time.</doc>
<msg timestamp="20230206 23:31:46.935" level="INFO">Slept 2 seconds</msg>
<status status="PASS" starttime="20230206 23:31:44.920" endtime="20230206 23:31:46.935"/>
</kw>
<kw name="Click Button" library="SeleniumLibrary">
<arg>//button[@name='themmonhoc']</arg>
<doc>Clicks the button identified by ``locator``.</doc>
<msg timestamp="20230206 23:31:46.935" level="INFO">Clicking button '//button[@name='themmonhoc']'.</msg>
<status status="PASS" starttime="20230206 23:31:46.935" endtime="20230206 23:31:47.487"/>
</kw>
<status status="PASS" starttime="20230206 23:31:44.376" endtime="20230206 23:31:47.487"/>
</kw>
<kw name="Wait Until Page Contains" library="SeleniumLibrary">
<arg>Tên môn học đã có.Vui lòng điền tên khác</arg>
<doc>Waits until ``text`` appears on the current page.</doc>
<status status="PASS" starttime="20230206 23:31:47.487" endtime="20230206 23:31:47.511"/>
</kw>
<kw name="Close Website" library="Common_Keyword" type="TEARDOWN">
<kw name="Close Browser" library="SeleniumLibrary">
<doc>Closes the current browser.</doc>
<status status="PASS" starttime="20230206 23:31:47.512" endtime="20230206 23:31:49.949"/>
</kw>
<status status="PASS" starttime="20230206 23:31:47.512" endtime="20230206 23:31:49.949"/>
</kw>
<tag>Check_Create_Subject</tag>
<status status="PASS" starttime="20230206 23:31:35.011" endtime="20230206 23:31:49.949"/>
</test>
<test id="s1-s1-s1-t3" name="CREATE03-Check maxlength">
<kw name="Open Admin Site Using Chrome Browser" library="Common_Keyword" type="SETUP">
<kw name="Open Browser" library="SeleniumLibrary">
<arg>${url_production_admin}</arg>
<arg>${browser}</arg>
<doc>Opens a new browser instance to the optional ``url``.</doc>
<msg timestamp="20230206 23:31:49.951" level="INFO">Opening browser 'Chrome' to base url 'https://datncl.top/admin'.</msg>
<status status="PASS" starttime="20230206 23:31:49.951" endtime="20230206 23:31:52.105"/>
</kw>
<kw name="Maximize Browser Window" library="SeleniumLibrary">
<doc>Maximizes current browser window.</doc>
<status status="PASS" starttime="20230206 23:31:52.106" endtime="20230206 23:31:52.255"/>
</kw>
<status status="PASS" starttime="20230206 23:31:49.951" endtime="20230206 23:31:52.256"/>
</kw>
<kw name="Redirect create subject page" library="Subject_User_Defined_Keyword">
<kw name="Verify_Login_Successfully" library="Common_Keyword">
<kw name="Input Text" library="SeleniumLibrary">
<arg>${locator_username}</arg>
<arg>${data_username}</arg>
<doc>Types the given ``text`` into the text field identified by ``locator``.</doc>
<msg timestamp="20230206 23:31:52.267" level="INFO">Typing text 'Sally51' into text field '//input[@name='admin_account']'.</msg>
<status status="PASS" starttime="20230206 23:31:52.263" endtime="20230206 23:31:52.498"/>
</kw>
<kw name="Input Password" library="SeleniumLibrary">
<arg>${locator_password}</arg>
<arg>${data_password}</arg>
<doc>Types the given password into the text field identified by ``locator``.</doc>
<msg timestamp="20230206 23:31:52.498" level="INFO">Typing password into text field '//input[@name="admin_password"]'.</msg>
<msg timestamp="20230206 23:31:52.549" level="INFO">Temporally setting log level to: NONE</msg>
<msg timestamp="20230206 23:31:52.609" level="INFO">Log level changed from NONE to INFO.</msg>
<status status="PASS" starttime="20230206 23:31:52.498" endtime="20230206 23:31:52.609"/>
</kw>
<kw name="Click Button" library="SeleniumLibrary">
<arg>${locator_button}</arg>
<doc>Clicks the button identified by ``locator``.</doc>
<msg timestamp="20230206 23:31:52.610" level="INFO">Clicking button '//button[@id='button_login']'.</msg>
<status status="PASS" starttime="20230206 23:31:52.609" endtime="20230206 23:31:54.649"/>
</kw>
<kw name="Wait Until Page Contains" library="SeleniumLibrary">
<arg>Thống kê số lượng học sinh đăng ký</arg>
<doc>Waits until ``text`` appears on the current page.</doc>
<status status="PASS" starttime="20230206 23:31:54.649" endtime="20230206 23:31:54.681"/>
</kw>
<status status="PASS" starttime="20230206 23:31:52.261" endtime="20230206 23:31:54.681"/>
</kw>
<kw name="Click Element" library="SeleniumLibrary">
<arg>//span[@id='subject_category']</arg>
<doc>Click the element identified by ``locator``.</doc>
<msg timestamp="20230206 23:31:54.681" level="INFO">Clicking element '//span[@id='subject_category']'.</msg>
<status status="PASS" starttime="20230206 23:31:54.681" endtime="20230206 23:31:54.752"/>
</kw>
<kw name="Wait Until Element Is Visible" library="SeleniumLibrary">
<arg>//a[@id='create_subject']</arg>
<doc>Waits until the element ``locator`` is visible.</doc>
<status status="PASS" starttime="20230206 23:31:54.752" endtime="20230206 23:31:54.793"/>
</kw>
<kw name="Click Element" library="SeleniumLibrary">
<arg>//a[@id='create_subject']</arg>
<doc>Click the element identified by ``locator``.</doc>
<msg timestamp="20230206 23:31:54.795" level="INFO">Clicking element '//a[@id='create_subject']'.</msg>
<status status="PASS" starttime="20230206 23:31:54.794" endtime="20230206 23:31:55.130"/>
</kw>
<kw name="Sleep" library="BuiltIn">
<arg>2s</arg>
<doc>Pauses the test executed for the given time.</doc>
<msg timestamp="20230206 23:31:57.142" level="INFO">Slept 2 seconds</msg>
<status status="PASS" starttime="20230206 23:31:55.130" endtime="20230206 23:31:57.143"/>
</kw>
<status status="PASS" starttime="20230206 23:31:52.259" endtime="20230206 23:31:57.143"/>
</kw>
<kw name="Create subject" library="Subject_User_Defined_Keyword">
<arg>${text_256_character}</arg>
<arg>Danh mục môn toán</arg>
<arg>Kích hoạt</arg>
<kw name="Input Text" library="SeleniumLibrary">
<arg>//input[@id='slug']</arg>
<arg>${name_subject}</arg>
<doc>Types the given ``text`` into the text field identified by ``locator``.</doc>
<msg timestamp="20230206 23:31:57.145" level="INFO">Typing text 'Tired of scrolling through the same courses? when you create an account you’ll always come back to where you left off. With an account you can also be notified of new replies, save bookmarks, and use likes to thank others. We can all work together to make th' into text field '//input[@id='slug']'.</msg>
<status status="PASS" starttime="20230206 23:31:57.144" endtime="20230206 23:31:57.862"/>
</kw>
<kw name="Input Text" library="SeleniumLibrary">
<arg>//textarea[@name='mota']</arg>
<arg>${summary_subject}</arg>
<doc>Types the given ``text`` into the text field identified by ``locator``.</doc>
<msg timestamp="20230206 23:31:57.863" level="INFO">Typing text 'Danh mục môn toán' into text field '//textarea[@name='mota']'.</msg>
<status status="PASS" starttime="20230206 23:31:57.862" endtime="20230206 23:31:58.050"/>
</kw>
<kw name="Click Element" library="SeleniumLibrary">
<arg>//select[@name='kichhoat']</arg>
<doc>Click the element identified by ``locator``.</doc>
<msg timestamp="20230206 23:31:58.051" level="INFO">Clicking element '//select[@name='kichhoat']'.</msg>
<status status="PASS" starttime="20230206 23:31:58.051" endtime="20230206 23:31:58.200"/>
</kw>
<kw name="Click Element" library="SeleniumLibrary">
<arg>//option[contains(text(),'${status}')]</arg>
<doc>Click the element identified by ``locator``.</doc>
<msg timestamp="20230206 23:31:58.202" level="INFO">Clicking element '//option[contains(text(),'Kích hoạt')]'.</msg>
<status status="PASS" starttime="20230206 23:31:58.200" endtime="20230206 23:31:58.309"/>
</kw>
<kw name="Sleep" library="BuiltIn">
<arg>2s</arg>
<doc>Pauses the test executed for the given time.</doc>
<msg timestamp="20230206 23:32:00.318" level="INFO">Slept 2 seconds</msg>
<status status="PASS" starttime="20230206 23:31:58.311" endtime="20230206 23:32:00.319"/>
</kw>
<kw name="Click Button" library="SeleniumLibrary">
<arg>//button[@name='themmonhoc']</arg>
<doc>Clicks the button identified by ``locator``.</doc>
<msg timestamp="20230206 23:32:00.320" level="INFO">Clicking button '//button[@name='themmonhoc']'.</msg>
<status status="PASS" starttime="20230206 23:32:00.319" endtime="20230206 23:32:00.788"/>
</kw>
<status status="PASS" starttime="20230206 23:31:57.143" endtime="20230206 23:32:00.789"/>
</kw>
<kw name="Wait Until Page Contains" library="SeleniumLibrary">
<arg>Tên môn học không vượt quá 255 ký tự</arg>
<doc>Waits until ``text`` appears on the current page.</doc>
<status status="PASS" starttime="20230206 23:32:00.792" endtime="20230206 23:32:00.827"/>
</kw>
<kw name="Close Website" library="Common_Keyword" type="TEARDOWN">
<kw name="Close Browser" library="SeleniumLibrary">
<doc>Closes the current browser.</doc>
<status status="PASS" starttime="20230206 23:32:00.827" endtime="20230206 23:32:03.271"/>
</kw>
<status status="PASS" starttime="20230206 23:32:00.827" endtime="20230206 23:32:03.272"/>
</kw>
<tag>Check_Create_Subject</tag>
<status status="PASS" starttime="20230206 23:31:49.950" endtime="20230206 23:32:03.272"/>
</test>
<test id="s1-s1-s1-t4" name="CREATE04-Check require">
<kw name="Open Admin Site Using Chrome Browser" library="Common_Keyword" type="SETUP">
<kw name="Open Browser" library="SeleniumLibrary">
<arg>${url_production_admin}</arg>
<arg>${browser}</arg>
<doc>Opens a new browser instance to the optional ``url``.</doc>
<msg timestamp="20230206 23:32:03.277" level="INFO">Opening browser 'Chrome' to base url 'https://datncl.top/admin'.</msg>
<status status="PASS" starttime="20230206 23:32:03.277" endtime="20230206 23:32:05.567"/>
</kw>
<kw name="Maximize Browser Window" library="SeleniumLibrary">
<doc>Maximizes current browser window.</doc>
<status status="PASS" starttime="20230206 23:32:05.567" endtime="20230206 23:32:05.710"/>
</kw>
<status status="PASS" starttime="20230206 23:32:03.276" endtime="20230206 23:32:05.711"/>
</kw>
<kw name="Redirect create subject page" library="Subject_User_Defined_Keyword">
<kw name="Verify_Login_Successfully" library="Common_Keyword">
<kw name="Input Text" library="SeleniumLibrary">
<arg>${locator_username}</arg>
<arg>${data_username}</arg>
<doc>Types the given ``text`` into the text field identified by ``locator``.</doc>
<msg timestamp="20230206 23:32:05.717" level="INFO">Typing text 'Sally51' into text field '//input[@name='admin_account']'.</msg>
<status status="PASS" starttime="20230206 23:32:05.715" endtime="20230206 23:32:05.953"/>
</kw>
<kw name="Input Password" library="SeleniumLibrary">
<arg>${locator_password}</arg>
<arg>${data_password}</arg>
<doc>Types the given password into the text field identified by ``locator``.</doc>
<msg timestamp="20230206 23:32:05.954" level="INFO">Typing password into text field '//input[@name="admin_password"]'.</msg>
<msg timestamp="20230206 23:32:06.004" level="INFO">Temporally setting log level to: NONE</msg>
<msg timestamp="20230206 23:32:06.064" level="INFO">Log level changed from NONE to INFO.</msg>
<status status="PASS" starttime="20230206 23:32:05.953" endtime="20230206 23:32:06.065"/>
</kw>
<kw name="Click Button" library="SeleniumLibrary">
<arg>${locator_button}</arg>
<doc>Clicks the button identified by ``locator``.</doc>
<msg timestamp="20230206 23:32:06.065" level="INFO">Clicking button '//button[@id='button_login']'.</msg>
<status status="PASS" starttime="20230206 23:32:06.065" endtime="20230206 23:32:08.071"/>
</kw>
<kw name="Wait Until Page Contains" library="SeleniumLibrary">
<arg>Thống kê số lượng học sinh đăng ký</arg>
<doc>Waits until ``text`` appears on the current page.</doc>
<status status="PASS" starttime="20230206 23:32:08.071" endtime="20230206 23:32:08.095"/>
</kw>
<status status="PASS" starttime="20230206 23:32:05.715" endtime="20230206 23:32:08.096"/>
</kw>
<kw name="Click Element" library="SeleniumLibrary">
<arg>//span[@id='subject_category']</arg>
<doc>Click the element identified by ``locator``.</doc>
<msg timestamp="20230206 23:32:08.096" level="INFO">Clicking element '//span[@id='subject_category']'.</msg>
<status status="PASS" starttime="20230206 23:32:08.096" endtime="20230206 23:32:08.169"/>
</kw>
<kw name="Wait Until Element Is Visible" library="SeleniumLibrary">
<arg>//a[@id='create_subject']</arg>
<doc>Waits until the element ``locator`` is visible.</doc>
<status status="PASS" starttime="20230206 23:32:08.169" endtime="20230206 23:32:08.232"/>
</kw>
<kw name="Click Element" library="SeleniumLibrary">
<arg>//a[@id='create_subject']</arg>
<doc>Click the element identified by ``locator``.</doc>
<msg timestamp="20230206 23:32:08.234" level="INFO">Clicking element '//a[@id='create_subject']'.</msg>
<status status="PASS" starttime="20230206 23:32:08.232" endtime="20230206 23:32:08.636"/>
</kw>
<kw name="Sleep" library="BuiltIn">
<arg>2s</arg>
<doc>Pauses the test executed for the given time.</doc>
<msg timestamp="20230206 23:32:10.639" level="INFO">Slept 2 seconds</msg>
<status status="PASS" starttime="20230206 23:32:08.636" endtime="20230206 23:32:10.639"/>
</kw>
<status status="PASS" starttime="20230206 23:32:05.713" endtime="20230206 23:32:10.640"/>
</kw>
<kw name="Click Button" library="SeleniumLibrary">
<arg>//button[@name='themmonhoc']</arg>
<doc>Clicks the button identified by ``locator``.</doc>
<msg timestamp="20230206 23:32:10.641" level="INFO">Clicking button '//button[@name='themmonhoc']'.</msg>
<status status="PASS" starttime="20230206 23:32:10.640" endtime="20230206 23:32:11.081"/>
</kw>
<kw name="Wait Until Page Contains" library="SeleniumLibrary">
<arg>Bạn phải điền tên danh mục môn học</arg>
<doc>Waits until ``text`` appears on the current page.</doc>
<status status="PASS" starttime="20230206 23:32:11.082" endtime="20230206 23:32:11.122"/>
</kw>
<kw name="Page Should Contain" library="SeleniumLibrary">
<arg>Bạn phải điền mô tả danh mục môn học</arg>
<doc>Verifies that current page contains ``text``.</doc>
<msg timestamp="20230206 23:32:11.150" level="INFO">Current page contains text 'Bạn phải điền mô tả danh mục môn học'.</msg>
<status status="PASS" starttime="20230206 23:32:11.123" endtime="20230206 23:32:11.150"/>
</kw>
<kw name="Close Website" library="Common_Keyword" type="TEARDOWN">
<kw name="Close Browser" library="SeleniumLibrary">
<doc>Closes the current browser.</doc>
<status status="PASS" starttime="20230206 23:32:11.150" endtime="20230206 23:32:13.499"/>
</kw>
<status status="PASS" starttime="20230206 23:32:11.150" endtime="20230206 23:32:13.501"/>
</kw>
<tag>Check_Create_Subject</tag>
<status status="PASS" starttime="20230206 23:32:03.274" endtime="20230206 23:32:13.501"/>
</test>
<test id="s1-s1-s1-t5" name="UPDATE01-Verify data subject">
<kw name="Open Admin Site Using Chrome Browser" library="Common_Keyword" type="SETUP">
<kw name="Open Browser" library="SeleniumLibrary">
<arg>${url_production_admin}</arg>
<arg>${browser}</arg>
<doc>Opens a new browser instance to the optional ``url``.</doc>
<msg timestamp="20230206 23:32:13.503" level="INFO">Opening browser 'Chrome' to base url 'https://datncl.top/admin'.</msg>
<status status="PASS" starttime="20230206 23:32:13.502" endtime="20230206 23:32:15.737"/>
</kw>
<kw name="Maximize Browser Window" library="SeleniumLibrary">
<doc>Maximizes current browser window.</doc>
<status status="PASS" starttime="20230206 23:32:15.738" endtime="20230206 23:32:15.876"/>
</kw>
<status status="PASS" starttime="20230206 23:32:13.502" endtime="20230206 23:32:15.878"/>
</kw>
<kw name="Redirect edit subject page" library="Subject_User_Defined_Keyword">
<arg>//tbody/tr[1]/td[4]/a[1]</arg>
<kw name="Verify_Login_Successfully" library="Common_Keyword">
<kw name="Input Text" library="SeleniumLibrary">
<arg>${locator_username}</arg>
<arg>${data_username}</arg>
<doc>Types the given ``text`` into the text field identified by ``locator``.</doc>
<msg timestamp="20230206 23:32:15.928" level="INFO">Typing text 'Sally51' into text field '//input[@name='admin_account']'.</msg>
<status status="PASS" starttime="20230206 23:32:15.886" endtime="20230206 23:32:16.148"/>
</kw>
<kw name="Input Password" library="SeleniumLibrary">
<arg>${locator_password}</arg>
<arg>${data_password}</arg>
<doc>Types the given password into the text field identified by ``locator``.</doc>
<msg timestamp="20230206 23:32:16.149" level="INFO">Typing password into text field '//input[@name="admin_password"]'.</msg>
<msg timestamp="20230206 23:32:16.194" level="INFO">Temporally setting log level to: NONE</msg>
<msg timestamp="20230206 23:32:16.246" level="INFO">Log level changed from NONE to INFO.</msg>
<status status="PASS" starttime="20230206 23:32:16.148" endtime="20230206 23:32:16.247"/>
</kw>
<kw name="Click Button" library="SeleniumLibrary">
<arg>${locator_button}</arg>
<doc>Clicks the button identified by ``locator``.</doc>
<msg timestamp="20230206 23:32:16.248" level="INFO">Clicking button '//button[@id='button_login']'.</msg>
<status status="PASS" starttime="20230206 23:32:16.247" endtime="20230206 23:32:18.165"/>
</kw>
<kw name="Wait Until Page Contains" library="SeleniumLibrary">
<arg>Thống kê số lượng học sinh đăng ký</arg>
<doc>Waits until ``text`` appears on the current page.</doc>
<status status="PASS" starttime="20230206 23:32:18.166" endtime="20230206 23:32:18.203"/>
</kw>
<status status="PASS" starttime="20230206 23:32:15.883" endtime="20230206 23:32:18.203"/>
</kw>
<kw name="Click Element" library="SeleniumLibrary">
<arg>//span[@id='subject_category']</arg>
<doc>Click the element identified by ``locator``.</doc>
<msg timestamp="20230206 23:32:18.203" level="INFO">Clicking element '//span[@id='subject_category']'.</msg>
<status status="PASS" starttime="20230206 23:32:18.203" endtime="20230206 23:32:18.280"/>
</kw>
<kw name="Wait Until Element Is Visible" library="SeleniumLibrary">
<arg>//a[@id='list_subject']</arg>
<doc>Waits until the element ``locator`` is visible.</doc>
<status status="PASS" starttime="20230206 23:32:18.282" endtime="20230206 23:32:18.569"/>
</kw>
<kw name="Click Element" library="SeleniumLibrary">
<arg>//a[@id='list_subject']</arg>
<doc>Click the element identified by ``locator``.</doc>
<msg timestamp="20230206 23:32:18.570" level="INFO">Clicking element '//a[@id='list_subject']'.</msg>
<status status="PASS" starttime="20230206 23:32:18.569" endtime="20230206 23:32:19.092"/>
</kw>
<kw name="Click Element" library="SeleniumLibrary">
<arg>${locator_subject}</arg>
<doc>Click the element identified by ``locator``.</doc>
<msg timestamp="20230206 23:32:19.095" level="INFO">Clicking element '//tbody/tr[1]/td[4]/a[1]'.</msg>
<status status="PASS" starttime="20230206 23:32:19.093" endtime="20230206 23:32:19.568"/>
</kw>
<kw name="Sleep" library="BuiltIn">
<arg>2s</arg>
<doc>Pauses the test executed for the given time.</doc>
<msg timestamp="20230206 23:32:21.578" level="INFO">Slept 2 seconds</msg>
<status status="PASS" starttime="20230206 23:32:19.568" endtime="20230206 23:32:21.578"/>
</kw>
<status status="PASS" starttime="20230206 23:32:15.880" endtime="20230206 23:32:21.578"/>
</kw>
<kw name="Verify data" library="Subject_User_Defined_Keyword">
<arg>Môn Địa Lý</arg>
<arg>Danh mục môn địa</arg>
<arg>Kích hoạt</arg>
<kw name="Page Should Contain Element" library="SeleniumLibrary">
<arg>//input[@value='${name_subject}']</arg>
<doc>Verifies that element ``locator`` is found on the current page.</doc>
<msg timestamp="20230206 23:32:21.593" level="INFO">Current page contains element '//input[@value='Môn Địa Lý']'.</msg>
<status status="PASS" starttime="20230206 23:32:21.580" endtime="20230206 23:32:21.594"/>
</kw>
<kw name="Wait Until Element Contains" library="SeleniumLibrary">
<arg>//textarea[@name='mota']</arg>
<arg>${summary_subject}</arg>
<doc>Waits until the element ``locator`` contains ``text``.</doc>
<status status="PASS" starttime="20230206 23:32:21.594" endtime="20230206 23:32:21.626"/>
</kw>
<kw name="Wait Until Element Contains" library="SeleniumLibrary">
<arg>//select[@name='kichhoat']</arg>
<arg>${status}</arg>
<doc>Waits until the element ``locator`` contains ``text``.</doc>
<status status="PASS" starttime="20230206 23:32:21.628" endtime="20230206 23:32:21.653"/>
</kw>
<status status="PASS" starttime="20230206 23:32:21.578" endtime="20230206 23:32:21.653"/>
</kw>
<kw name="Close Website" library="Common_Keyword" type="TEARDOWN">
<kw name="Close Browser" library="SeleniumLibrary">
<doc>Closes the current browser.</doc>
<status status="PASS" starttime="20230206 23:32:21.653" endtime="20230206 23:32:23.967"/>
</kw>
<status status="PASS" starttime="20230206 23:32:21.653" endtime="20230206 23:32:23.967"/>
</kw>
<tag>Check_Update_Subject</tag>
<status status="PASS" starttime="20230206 23:32:13.501" endtime="20230206 23:32:23.967"/>
</test>
<test id="s1-s1-s1-t6" name="UPDATE02-Verify update subject">
<kw name="Open Admin Site Using Chrome Browser" library="Common_Keyword" type="SETUP">
<kw name="Open Browser" library="SeleniumLibrary">
<arg>${url_production_admin}</arg>
<arg>${browser}</arg>
<doc>Opens a new browser instance to the optional ``url``.</doc>
<msg timestamp="20230206 23:32:23.969" level="INFO">Opening browser 'Chrome' to base url 'https://datncl.top/admin'.</msg>
<status status="PASS" starttime="20230206 23:32:23.969" endtime="20230206 23:32:26.012"/>
</kw>
<kw name="Maximize Browser Window" library="SeleniumLibrary">
<doc>Maximizes current browser window.</doc>
<status status="PASS" starttime="20230206 23:32:26.012" endtime="20230206 23:32:26.146"/>
</kw>
<status status="PASS" starttime="20230206 23:32:23.968" endtime="20230206 23:32:26.147"/>
</kw>
<kw name="Redirect edit subject page" library="Subject_User_Defined_Keyword">
<arg>//tbody/tr[1]/td[4]/a[1]</arg>
<kw name="Verify_Login_Successfully" library="Common_Keyword">
<kw name="Input Text" library="SeleniumLibrary">
<arg>${locator_username}</arg>
<arg>${data_username}</arg>
<doc>Types the given ``text`` into the text field identified by ``locator``.</doc>
<msg timestamp="20230206 23:32:26.159" level="INFO">Typing text 'Sally51' into text field '//input[@name='admin_account']'.</msg>
<status status="PASS" starttime="20230206 23:32:26.155" endtime="20230206 23:32:26.372"/>
</kw>
<kw name="Input Password" library="SeleniumLibrary">
<arg>${locator_password}</arg>
<arg>${data_password}</arg>
<doc>Types the given password into the text field identified by ``locator``.</doc>
<msg timestamp="20230206 23:32:26.375" level="INFO">Typing password into text field '//input[@name="admin_password"]'.</msg>
<msg timestamp="20230206 23:32:26.426" level="INFO">Temporally setting log level to: NONE</msg>
<msg timestamp="20230206 23:32:26.478" level="INFO">Log level changed from NONE to INFO.</msg>
<status status="PASS" starttime="20230206 23:32:26.372" endtime="20230206 23:32:26.478"/>
</kw>
<kw name="Click Button" library="SeleniumLibrary">
<arg>${locator_button}</arg>
<doc>Clicks the button identified by ``locator``.</doc>
<msg timestamp="20230206 23:32:26.478" level="INFO">Clicking button '//button[@id='button_login']'.</msg>
<status status="PASS" starttime="20230206 23:32:26.478" endtime="20230206 23:32:28.438"/>
</kw>
<kw name="Wait Until Page Contains" library="SeleniumLibrary">
<arg>Thống kê số lượng học sinh đăng ký</arg>
<doc>Waits until ``text`` appears on the current page.</doc>
<status status="PASS" starttime="20230206 23:32:28.438" endtime="20230206 23:32:28.472"/>
</kw>
<status status="PASS" starttime="20230206 23:32:26.153" endtime="20230206 23:32:28.472"/>
</kw>
<kw name="Click Element" library="SeleniumLibrary">
<arg>//span[@id='subject_category']</arg>
<doc>Click the element identified by ``locator``.</doc>
<msg timestamp="20230206 23:32:28.474" level="INFO">Clicking element '//span[@id='subject_category']'.</msg>
<status status="PASS" starttime="20230206 23:32:28.472" endtime="20230206 23:32:28.561"/>
</kw>
<kw name="Wait Until Element Is Visible" library="SeleniumLibrary">
<arg>//a[@id='list_subject']</arg>
<doc>Waits until the element ``locator`` is visible.</doc>
<status status="PASS" starttime="20230206 23:32:28.562" endtime="20230206 23:32:28.858"/>
</kw>
<kw name="Click Element" library="SeleniumLibrary">
<arg>//a[@id='list_subject']</arg>
<doc>Click the element identified by ``locator``.</doc>
<msg timestamp="20230206 23:32:28.861" level="INFO">Clicking element '//a[@id='list_subject']'.</msg>
<status status="PASS" starttime="20230206 23:32:28.859" endtime="20230206 23:32:29.436"/>
</kw>
<kw name="Click Element" library="SeleniumLibrary">
<arg>${locator_subject}</arg>
<doc>Click the element identified by ``locator``.</doc>
<msg timestamp="20230206 23:32:29.438" level="INFO">Clicking element '//tbody/tr[1]/td[4]/a[1]'.</msg>
<status status="PASS" starttime="20230206 23:32:29.437" endtime="20230206 23:32:29.909"/>
</kw>
<kw name="Sleep" library="BuiltIn">
<arg>2s</arg>
<doc>Pauses the test executed for the given time.</doc>
<msg timestamp="20230206 23:32:31.919" level="INFO">Slept 2 seconds</msg>
<status status="PASS" starttime="20230206 23:32:29.909" endtime="20230206 23:32:31.919"/>
</kw>
<status status="PASS" starttime="20230206 23:32:26.147" endtime="20230206 23:32:31.919"/>
</kw>
<kw name="Update subject" library="Subject_User_Defined_Keyword">
<arg>Môn Lịch Sử</arg>
<arg>Danh mục môn lịch sử</arg>
<arg>Không kích hoạt</arg>
<kw name="Clear Element Text" library="SeleniumLibrary">
<arg>//input[@id='slug']</arg>
<doc>Clears the value of the text-input-element identified by ``locator``.</doc>
<status status="PASS" starttime="20230206 23:32:31.922" endtime="20230206 23:32:31.977"/>
</kw>
<kw name="Clear Element Text" library="SeleniumLibrary">
<arg>//textarea[@name='mota']</arg>
<doc>Clears the value of the text-input-element identified by ``locator``.</doc>
<status status="PASS" starttime="20230206 23:32:31.977" endtime="20230206 23:32:32.021"/>
</kw>
<kw name="Input Text" library="SeleniumLibrary">
<arg>//input[@id='slug']</arg>
<arg>${name_subject}</arg>
<doc>Types the given ``text`` into the text field identified by ``locator``.</doc>
<msg timestamp="20230206 23:32:32.022" level="INFO">Typing text 'Môn Lịch Sử' into text field '//input[@id='slug']'.</msg>
<status status="PASS" starttime="20230206 23:32:32.021" endtime="20230206 23:32:32.146"/>
</kw>
<kw name="Input Text" library="SeleniumLibrary">
<arg>//textarea[@name='mota']</arg>
<arg>${summary_subject}</arg>
<doc>Types the given ``text`` into the text field identified by ``locator``.</doc>
<msg timestamp="20230206 23:32:32.146" level="INFO">Typing text 'Danh mục môn lịch sử' into text field '//textarea[@name='mota']'.</msg>
<status status="PASS" starttime="20230206 23:32:32.146" endtime="20230206 23:32:32.319"/>
</kw>
<kw name="Click Element" library="SeleniumLibrary">
<arg>//select[@name='kichhoat']</arg>
<doc>Click the element identified by ``locator``.</doc>
<msg timestamp="20230206 23:32:32.321" level="INFO">Clicking element '//select[@name='kichhoat']'.</msg>
<status status="PASS" starttime="20230206 23:32:32.319" endtime="20230206 23:32:32.440"/>
</kw>
<kw name="Click Element" library="SeleniumLibrary">
<arg>//option[contains(text(),'${status}')]</arg>
<doc>Click the element identified by ``locator``.</doc>
<msg timestamp="20230206 23:32:32.442" level="INFO">Clicking element '//option[contains(text(),'Không kích hoạt')]'.</msg>
<status status="PASS" starttime="20230206 23:32:32.440" endtime="20230206 23:32:32.548"/>
</kw>
<kw name="Sleep" library="BuiltIn">
<arg>2s</arg>
<doc>Pauses the test executed for the given time.</doc>
<msg timestamp="20230206 23:32:34.560" level="INFO">Slept 2 seconds</msg>
<status status="PASS" starttime="20230206 23:32:32.548" endtime="20230206 23:32:34.560"/>
</kw>
<kw name="Click Button" library="SeleniumLibrary">
<arg>//button[@name='suamonhoc']</arg>
<doc>Clicks the button identified by ``locator``.</doc>
<msg timestamp="20230206 23:32:34.561" level="INFO">Clicking button '//button[@name='suamonhoc']'.</msg>
<status status="PASS" starttime="20230206 23:32:34.560" endtime="20230206 23:32:35.017"/>
</kw>
<status status="PASS" starttime="20230206 23:32:31.920" endtime="20230206 23:32:35.018"/>
</kw>
<kw name="Wait Until Page Contains" library="SeleniumLibrary">
<arg>Cập nhật danh mục môn học thành công</arg>
<doc>Waits until ``text`` appears on the current page.</doc>
<status status="PASS" starttime="20230206 23:32:35.018" endtime="20230206 23:32:35.044"/>
</kw>
<kw name="Close Website" library="Common_Keyword" type="TEARDOWN">
<kw name="Close Browser" library="SeleniumLibrary">
<doc>Closes the current browser.</doc>
<status status="PASS" starttime="20230206 23:32:35.047" endtime="20230206 23:32:37.407"/>
</kw>
<status status="PASS" starttime="20230206 23:32:35.045" endtime="20230206 23:32:37.408"/>
</kw>
<tag>Check_Update_Subject</tag>
<status status="PASS" starttime="20230206 23:32:23.968" endtime="20230206 23:32:37.408"/>
</test>
<test id="s1-s1-s1-t7" name="UPDATE03-Check the subject update already exists">
<kw name="Open Admin Site Using Chrome Browser" library="Common_Keyword" type="SETUP">
<kw name="Open Browser" library="SeleniumLibrary">
<arg>${url_production_admin}</arg>
<arg>${browser}</arg>
<doc>Opens a new browser instance to the optional ``url``.</doc>
<msg timestamp="20230206 23:32:37.412" level="INFO">Opening browser 'Chrome' to base url 'https://datncl.top/admin'.</msg>
<status status="PASS" starttime="20230206 23:32:37.412" endtime="20230206 23:32:39.498"/>
</kw>
<kw name="Maximize Browser Window" library="SeleniumLibrary">
<doc>Maximizes current browser window.</doc>
<status status="PASS" starttime="20230206 23:32:39.499" endtime="20230206 23:32:39.658"/>
</kw>
<status status="PASS" starttime="20230206 23:32:37.411" endtime="20230206 23:32:39.658"/>
</kw>
<kw name="Redirect edit subject page" library="Subject_User_Defined_Keyword">
<arg>//tbody/tr[1]/td[4]/a[1]</arg>
<kw name="Verify_Login_Successfully" library="Common_Keyword">
<kw name="Input Text" library="SeleniumLibrary">
<arg>${locator_username}</arg>
<arg>${data_username}</arg>
<doc>Types the given ``text`` into the text field identified by ``locator``.</doc>
<msg timestamp="20230206 23:32:39.666" level="INFO">Typing text 'Sally51' into text field '//input[@name='admin_account']'.</msg>
<status status="PASS" starttime="20230206 23:32:39.662" endtime="20230206 23:32:39.907"/>
</kw>
<kw name="Input Password" library="SeleniumLibrary">
<arg>${locator_password}</arg>
<arg>${data_password}</arg>
<doc>Types the given password into the text field identified by ``locator``.</doc>
<msg timestamp="20230206 23:32:39.909" level="INFO">Typing password into text field '//input[@name="admin_password"]'.</msg>
<msg timestamp="20230206 23:32:39.964" level="INFO">Temporally setting log level to: NONE</msg>
<msg timestamp="20230206 23:32:40.015" level="INFO">Log level changed from NONE to INFO.</msg>
<status status="PASS" starttime="20230206 23:32:39.907" endtime="20230206 23:32:40.015"/>
</kw>
<kw name="Click Button" library="SeleniumLibrary">
<arg>${locator_button}</arg>
<doc>Clicks the button identified by ``locator``.</doc>
<msg timestamp="20230206 23:32:40.015" level="INFO">Clicking button '//button[@id='button_login']'.</msg>
<status status="PASS" starttime="20230206 23:32:40.015" endtime="20230206 23:32:43.101"/>
</kw>
<kw name="Wait Until Page Contains" library="SeleniumLibrary">
<arg>Thống kê số lượng học sinh đăng ký</arg>
<doc>Waits until ``text`` appears on the current page.</doc>
<status status="PASS" starttime="20230206 23:32:43.101" endtime="20230206 23:32:43.122"/>
</kw>
<status status="PASS" starttime="20230206 23:32:39.660" endtime="20230206 23:32:43.122"/>
</kw>
<kw name="Click Element" library="SeleniumLibrary">
<arg>//span[@id='subject_category']</arg>
<doc>Click the element identified by ``locator``.</doc>
<msg timestamp="20230206 23:32:43.122" level="INFO">Clicking element '//span[@id='subject_category']'.</msg>
<status status="PASS" starttime="20230206 23:32:43.122" endtime="20230206 23:32:43.203"/>
</kw>
<kw name="Wait Until Element Is Visible" library="SeleniumLibrary">
<arg>//a[@id='list_subject']</arg>
<doc>Waits until the element ``locator`` is visible.</doc>
<status status="PASS" starttime="20230206 23:32:43.204" endtime="20230206 23:32:43.469"/>
</kw>
<kw name="Click Element" library="SeleniumLibrary">
<arg>//a[@id='list_subject']</arg>
<doc>Click the element identified by ``locator``.</doc>
<msg timestamp="20230206 23:32:43.469" level="INFO">Clicking element '//a[@id='list_subject']'.</msg>
<status status="PASS" starttime="20230206 23:32:43.469" endtime="20230206 23:32:43.968"/>
</kw>
<kw name="Click Element" library="SeleniumLibrary">
<arg>${locator_subject}</arg>
<doc>Click the element identified by ``locator``.</doc>
<msg timestamp="20230206 23:32:43.969" level="INFO">Clicking element '//tbody/tr[1]/td[4]/a[1]'.</msg>
<status status="PASS" starttime="20230206 23:32:43.968" endtime="20230206 23:32:44.397"/>
</kw>
<kw name="Sleep" library="BuiltIn">
<arg>2s</arg>
<doc>Pauses the test executed for the given time.</doc>
<msg timestamp="20230206 23:32:46.415" level="INFO">Slept 2 seconds</msg>
<status status="PASS" starttime="20230206 23:32:44.401" endtime="20230206 23:32:46.416"/>
</kw>
<status status="PASS" starttime="20230206 23:32:39.659" endtime="20230206 23:32:46.416"/>
</kw>
<kw name="Update subject" library="Subject_User_Defined_Keyword">
<arg>Môn Vật Lý</arg>
<arg>Danh mục môn vật lý</arg>
<arg>Không kích hoạt</arg>
<kw name="Clear Element Text" library="SeleniumLibrary">
<arg>//input[@id='slug']</arg>
<doc>Clears the value of the text-input-element identified by ``locator``.</doc>
<status status="PASS" starttime="20230206 23:32:46.417" endtime="20230206 23:32:46.476"/>
</kw>
<kw name="Clear Element Text" library="SeleniumLibrary">
<arg>//textarea[@name='mota']</arg>
<doc>Clears the value of the text-input-element identified by ``locator``.</doc>
<status status="PASS" starttime="20230206 23:32:46.476" endtime="20230206 23:32:46.520"/>
</kw>
<kw name="Input Text" library="SeleniumLibrary">
<arg>//input[@id='slug']</arg>
<arg>${name_subject}</arg>
<doc>Types the given ``text`` into the text field identified by ``locator``.</doc>
<msg timestamp="20230206 23:32:46.521" level="INFO">Typing text 'Môn Vật Lý' into text field '//input[@id='slug']'.</msg>
<status status="PASS" starttime="20230206 23:32:46.520" endtime="20230206 23:32:46.630"/>
</kw>
<kw name="Input Text" library="SeleniumLibrary">
<arg>//textarea[@name='mota']</arg>
<arg>${summary_subject}</arg>
<doc>Types the given ``text`` into the text field identified by ``locator``.</doc>
<msg timestamp="20230206 23:32:46.630" level="INFO">Typing text 'Danh mục môn vật lý' into text field '//textarea[@name='mota']'.</msg>
<status status="PASS" starttime="20230206 23:32:46.630" endtime="20230206 23:32:46.797"/>
</kw>
<kw name="Click Element" library="SeleniumLibrary">
<arg>//select[@name='kichhoat']</arg>
<doc>Click the element identified by ``locator``.</doc>
<msg timestamp="20230206 23:32:46.798" level="INFO">Clicking element '//select[@name='kichhoat']'.</msg>
<status status="PASS" starttime="20230206 23:32:46.798" endtime="20230206 23:32:46.914"/>
</kw>
<kw name="Click Element" library="SeleniumLibrary">
<arg>//option[contains(text(),'${status}')]</arg>
<doc>Click the element identified by ``locator``.</doc>
<msg timestamp="20230206 23:32:46.919" level="INFO">Clicking element '//option[contains(text(),'Không kích hoạt')]'.</msg>
<status status="PASS" starttime="20230206 23:32:46.916" endtime="20230206 23:32:47.017"/>
</kw>
<kw name="Sleep" library="BuiltIn">
<arg>2s</arg>
<doc>Pauses the test executed for the given time.</doc>
<msg timestamp="20230206 23:32:49.019" level="INFO">Slept 2 seconds</msg>
<status status="PASS" starttime="20230206 23:32:47.017" endtime="20230206 23:32:49.019"/>
</kw>
<kw name="Click Button" library="SeleniumLibrary">
<arg>//button[@name='suamonhoc']</arg>
<doc>Clicks the button identified by ``locator``.</doc>
<msg timestamp="20230206 23:32:49.021" level="INFO">Clicking button '//button[@name='suamonhoc']'.</msg>
<status status="PASS" starttime="20230206 23:32:49.020" endtime="20230206 23:32:49.501"/>
</kw>
<status status="PASS" starttime="20230206 23:32:46.416" endtime="20230206 23:32:49.502"/>
</kw>
<kw name="Wait Until Page Contains" library="SeleniumLibrary">
<arg>Tên môn học đã có.Vui lòng điền tên khác</arg>
<doc>Waits until ``text`` appears on the current page.</doc>
<status status="PASS" starttime="20230206 23:32:49.502" endtime="20230206 23:32:49.520"/>
</kw>
<kw name="Close Website" library="Common_Keyword" type="TEARDOWN">
<kw name="Close Browser" library="SeleniumLibrary">
<doc>Closes the current browser.</doc>
<status status="PASS" starttime="20230206 23:32:49.521" endtime="20230206 23:32:51.888"/>
</kw>
<status status="PASS" starttime="20230206 23:32:49.521" endtime="20230206 23:32:51.888"/>
</kw>
<tag>Check_Update_Subject</tag>
<status status="PASS" starttime="20230206 23:32:37.410" endtime="20230206 23:32:51.888"/>
</test>
<test id="s1-s1-s1-t8" name="UPDATE04-Check maxlength update">
<kw name="Open Admin Site Using Chrome Browser" library="Common_Keyword" type="SETUP">
<kw name="Open Browser" library="SeleniumLibrary">
<arg>${url_production_admin}</arg>
<arg>${browser}</arg>
<doc>Opens a new browser instance to the optional ``url``.</doc>
<msg timestamp="20230206 23:32:51.891" level="INFO">Opening browser 'Chrome' to base url 'https://datncl.top/admin'.</msg>
<status status="PASS" starttime="20230206 23:32:51.891" endtime="20230206 23:32:53.870"/>
</kw>
<kw name="Maximize Browser Window" library="SeleniumLibrary">
<doc>Maximizes current browser window.</doc>
<status status="PASS" starttime="20230206 23:32:53.871" endtime="20230206 23:32:54.010"/>
</kw>
<status status="PASS" starttime="20230206 23:32:51.890" endtime="20230206 23:32:54.011"/>
</kw>
<kw name="Redirect edit subject page" library="Subject_User_Defined_Keyword">
<arg>//tbody/tr[1]/td[4]/a[1]</arg>
<kw name="Verify_Login_Successfully" library="Common_Keyword">
<kw name="Input Text" library="SeleniumLibrary">
<arg>${locator_username}</arg>
<arg>${data_username}</arg>
<doc>Types the given ``text`` into the text field identified by ``locator``.</doc>
<msg timestamp="20230206 23:32:54.014" level="INFO">Typing text 'Sally51' into text field '//input[@name='admin_account']'.</msg>
<status status="PASS" starttime="20230206 23:32:54.012" endtime="20230206 23:32:54.263"/>
</kw>
<kw name="Input Password" library="SeleniumLibrary">
<arg>${locator_password}</arg>
<arg>${data_password}</arg>
<doc>Types the given password into the text field identified by ``locator``.</doc>
<msg timestamp="20230206 23:32:54.268" level="INFO">Typing password into text field '//input[@name="admin_password"]'.</msg>
<msg timestamp="20230206 23:32:54.329" level="INFO">Temporally setting log level to: NONE</msg>
<msg timestamp="20230206 23:32:54.371" level="INFO">Log level changed from NONE to INFO.</msg>
<status status="PASS" starttime="20230206 23:32:54.264" endtime="20230206 23:32:54.371"/>
</kw>
<kw name="Click Button" library="SeleniumLibrary">
<arg>${locator_button}</arg>
<doc>Clicks the button identified by ``locator``.</doc>
<msg timestamp="20230206 23:32:54.372" level="INFO">Clicking button '//button[@id='button_login']'.</msg>
<status status="PASS" starttime="20230206 23:32:54.372" endtime="20230206 23:32:56.323"/>
</kw>
<kw name="Wait Until Page Contains" library="SeleniumLibrary">
<arg>Thống kê số lượng học sinh đăng ký</arg>
<doc>Waits until ``text`` appears on the current page.</doc>
<status status="PASS" starttime="20230206 23:32:56.324" endtime="20230206 23:32:56.365"/>
</kw>
<status status="PASS" starttime="20230206 23:32:54.012" endtime="20230206 23:32:56.365"/>
</kw>
<kw name="Click Element" library="SeleniumLibrary">
<arg>//span[@id='subject_category']</arg>
<doc>Click the element identified by ``locator``.</doc>
<msg timestamp="20230206 23:32:56.366" level="INFO">Clicking element '//span[@id='subject_category']'.</msg>
<status status="PASS" starttime="20230206 23:32:56.366" endtime="20230206 23:32:56.473"/>
</kw>
<kw name="Wait Until Element Is Visible" library="SeleniumLibrary">
<arg>//a[@id='list_subject']</arg>
<doc>Waits until the element ``locator`` is visible.</doc>
<status status="PASS" starttime="20230206 23:32:56.473" endtime="20230206 23:32:56.785"/>
</kw>
<kw name="Click Element" library="SeleniumLibrary">
<arg>//a[@id='list_subject']</arg>
<doc>Click the element identified by ``locator``.</doc>
<msg timestamp="20230206 23:32:56.786" level="INFO">Clicking element '//a[@id='list_subject']'.</msg>
<status status="PASS" starttime="20230206 23:32:56.785" endtime="20230206 23:32:57.171"/>
</kw>
<kw name="Click Element" library="SeleniumLibrary">
<arg>${locator_subject}</arg>
<doc>Click the element identified by ``locator``.</doc>
<msg timestamp="20230206 23:32:57.172" level="INFO">Clicking element '//tbody/tr[1]/td[4]/a[1]'.</msg>
<status status="PASS" starttime="20230206 23:32:57.171" endtime="20230206 23:32:57.513"/>
</kw>
<kw name="Sleep" library="BuiltIn">
<arg>2s</arg>
<doc>Pauses the test executed for the given time.</doc>
<msg timestamp="20230206 23:32:59.526" level="INFO">Slept 2 seconds</msg>
<status status="PASS" starttime="20230206 23:32:57.513" endtime="20230206 23:32:59.527"/>
</kw>
<status status="PASS" starttime="20230206 23:32:54.011" endtime="20230206 23:32:59.527"/>
</kw>
<kw name="Update subject" library="Subject_User_Defined_Keyword">
<arg>${text_256_character}</arg>
<arg>Danh mục môn văn</arg>
<arg>Không kích hoạt</arg>
<kw name="Clear Element Text" library="SeleniumLibrary">
<arg>//input[@id='slug']</arg>
<doc>Clears the value of the text-input-element identified by ``locator``.</doc>
<status status="PASS" starttime="20230206 23:32:59.528" endtime="20230206 23:32:59.615"/>
</kw>
<kw name="Clear Element Text" library="SeleniumLibrary">
<arg>//textarea[@name='mota']</arg>
<doc>Clears the value of the text-input-element identified by ``locator``.</doc>
<status status="PASS" starttime="20230206 23:32:59.616" endtime="20230206 23:32:59.664"/>
</kw>
<kw name="Input Text" library="SeleniumLibrary">
<arg>//input[@id='slug']</arg>
<arg>${name_subject}</arg>
<doc>Types the given ``text`` into the text field identified by ``locator``.</doc>
<msg timestamp="20230206 23:32:59.665" level="INFO">Typing text 'Tired of scrolling through the same courses? when you create an account you’ll always come back to where you left off. With an account you can also be notified of new replies, save bookmarks, and use likes to thank others. We can all work together to make th' into text field '//input[@id='slug']'.</msg>
<status status="PASS" starttime="20230206 23:32:59.665" endtime="20230206 23:33:00.318"/>
</kw>
<kw name="Input Text" library="SeleniumLibrary">
<arg>//textarea[@name='mota']</arg>
<arg>${summary_subject}</arg>
<doc>Types the given ``text`` into the text field identified by ``locator``.</doc>
<msg timestamp="20230206 23:33:00.319" level="INFO">Typing text 'Danh mục môn văn' into text field '//textarea[@name='mota']'.</msg>
<status status="PASS" starttime="20230206 23:33:00.319" endtime="20230206 23:33:00.434"/>
</kw>
<kw name="Click Element" library="SeleniumLibrary">
<arg>//select[@name='kichhoat']</arg>
<doc>Click the element identified by ``locator``.</doc>
<msg timestamp="20230206 23:33:00.435" level="INFO">Clicking element '//select[@name='kichhoat']'.</msg>
<status status="PASS" starttime="20230206 23:33:00.435" endtime="20230206 23:33:00.579"/>
</kw>
<kw name="Click Element" library="SeleniumLibrary">
<arg>//option[contains(text(),'${status}')]</arg>
<doc>Click the element identified by ``locator``.</doc>
<msg timestamp="20230206 23:33:00.581" level="INFO">Clicking element '//option[contains(text(),'Không kích hoạt')]'.</msg>
<status status="PASS" starttime="20230206 23:33:00.580" endtime="20230206 23:33:00.664"/>
</kw>
<kw name="Sleep" library="BuiltIn">
<arg>2s</arg>
<doc>Pauses the test executed for the given time.</doc>
<msg timestamp="20230206 23:33:02.674" level="INFO">Slept 2 seconds</msg>
<status status="PASS" starttime="20230206 23:33:00.664" endtime="20230206 23:33:02.675"/>
</kw>
<kw name="Click Button" library="SeleniumLibrary">
<arg>//button[@name='suamonhoc']</arg>
<doc>Clicks the button identified by ``locator``.</doc>
<msg timestamp="20230206 23:33:02.676" level="INFO">Clicking button '//button[@name='suamonhoc']'.</msg>
<status status="PASS" starttime="20230206 23:33:02.675" endtime="20230206 23:33:03.081"/>
</kw>
<status status="PASS" starttime="20230206 23:32:59.527" endtime="20230206 23:33:03.082"/>
</kw>
<kw name="Wait Until Page Contains" library="SeleniumLibrary">
<arg>Tên môn học không vượt quá 255 ký tự</arg>
<doc>Waits until ``text`` appears on the current page.</doc>
<status status="PASS" starttime="20230206 23:33:03.082" endtime="20230206 23:33:03.103"/>
</kw>
<kw name="Close Website" library="Common_Keyword" type="TEARDOWN">
<kw name="Close Browser" library="SeleniumLibrary">
<doc>Closes the current browser.</doc>
<status status="PASS" starttime="20230206 23:33:03.103" endtime="20230206 23:33:05.435"/>
</kw>
<status status="PASS" starttime="20230206 23:33:03.103" endtime="20230206 23:33:05.436"/>
</kw>
<tag>Check_Update_Subject</tag>
<status status="PASS" starttime="20230206 23:32:51.889" endtime="20230206 23:33:05.436"/>
</test>
<test id="s1-s1-s1-t9" name="UPDATE05-Check require update">
<kw name="Open Admin Site Using Chrome Browser" library="Common_Keyword" type="SETUP">
<kw name="Open Browser" library="SeleniumLibrary">
<arg>${url_production_admin}</arg>
<arg>${browser}</arg>
<doc>Opens a new browser instance to the optional ``url``.</doc>
<msg timestamp="20230206 23:33:05.439" level="INFO">Opening browser 'Chrome' to base url 'https://datncl.top/admin'.</msg>
<status status="PASS" starttime="20230206 23:33:05.439" endtime="20230206 23:33:07.536"/>
</kw>
<kw name="Maximize Browser Window" library="SeleniumLibrary">
<doc>Maximizes current browser window.</doc>
<status status="PASS" starttime="20230206 23:33:07.536" endtime="20230206 23:33:07.662"/>
</kw>
<status status="PASS" starttime="20230206 23:33:05.438" endtime="20230206 23:33:07.662"/>
</kw>
<kw name="Redirect edit subject page" library="Subject_User_Defined_Keyword">
<arg>//tbody/tr[1]/td[4]/a[1]</arg>
<kw name="Verify_Login_Successfully" library="Common_Keyword">
<kw name="Input Text" library="SeleniumLibrary">
<arg>${locator_username}</arg>
<arg>${data_username}</arg>
<doc>Types the given ``text`` into the text field identified by ``locator``.</doc>
<msg timestamp="20230206 23:33:07.664" level="INFO">Typing text 'Sally51' into text field '//input[@name='admin_account']'.</msg>
<status status="PASS" starttime="20230206 23:33:07.663" endtime="20230206 23:33:07.933"/>
</kw>
<kw name="Input Password" library="SeleniumLibrary">
<arg>${locator_password}</arg>
<arg>${data_password}</arg>
<doc>Types the given password into the text field identified by ``locator``.</doc>
<msg timestamp="20230206 23:33:07.935" level="INFO">Typing password into text field '//input[@name="admin_password"]'.</msg>
<msg timestamp="20230206 23:33:08.000" level="INFO">Temporally setting log level to: NONE</msg>
<msg timestamp="20230206 23:33:08.067" level="INFO">Log level changed from NONE to INFO.</msg>
<status status="PASS" starttime="20230206 23:33:07.934" endtime="20230206 23:33:08.067"/>
</kw>
<kw name="Click Button" library="SeleniumLibrary">
<arg>${locator_button}</arg>
<doc>Clicks the button identified by ``locator``.</doc>
<msg timestamp="20230206 23:33:08.068" level="INFO">Clicking button '//button[@id='button_login']'.</msg>
<status status="PASS" starttime="20230206 23:33:08.068" endtime="20230206 23:33:10.434"/>
</kw>
<kw name="Wait Until Page Contains" library="SeleniumLibrary">
<arg>Thống kê số lượng học sinh đăng ký</arg>
<doc>Waits until ``text`` appears on the current page.</doc>
<status status="PASS" starttime="20230206 23:33:10.434" endtime="20230206 23:33:10.466"/>
</kw>
<status status="PASS" starttime="20230206 23:33:07.663" endtime="20230206 23:33:10.466"/>
</kw>
<kw name="Click Element" library="SeleniumLibrary">
<arg>//span[@id='subject_category']</arg>
<doc>Click the element identified by ``locator``.</doc>
<msg timestamp="20230206 23:33:10.467" level="INFO">Clicking element '//span[@id='subject_category']'.</msg>
<status status="PASS" starttime="20230206 23:33:10.467" endtime="20230206 23:33:10.550"/>
</kw>
<kw name="Wait Until Element Is Visible" library="SeleniumLibrary">
<arg>//a[@id='list_subject']</arg>
<doc>Waits until the element ``locator`` is visible.</doc>
<status status="PASS" starttime="20230206 23:33:10.550" endtime="20230206 23:33:10.814"/>
</kw>
<kw name="Click Element" library="SeleniumLibrary">
<arg>//a[@id='list_subject']</arg>
<doc>Click the element identified by ``locator``.</doc>
<msg timestamp="20230206 23:33:10.815" level="INFO">Clicking element '//a[@id='list_subject']'.</msg>
<status status="PASS" starttime="20230206 23:33:10.815" endtime="20230206 23:33:11.194"/>
</kw>
<kw name="Click Element" library="SeleniumLibrary">
<arg>${locator_subject}</arg>
<doc>Click the element identified by ``locator``.</doc>
<msg timestamp="20230206 23:33:11.195" level="INFO">Clicking element '//tbody/tr[1]/td[4]/a[1]'.</msg>
<status status="PASS" starttime="20230206 23:33:11.194" endtime="20230206 23:33:11.573"/>
</kw>
<kw name="Sleep" library="BuiltIn">
<arg>2s</arg>
<doc>Pauses the test executed for the given time.</doc>
<msg timestamp="20230206 23:33:13.589" level="INFO">Slept 2 seconds</msg>
<status status="PASS" starttime="20230206 23:33:11.573" endtime="20230206 23:33:13.589"/>
</kw>
<status status="PASS" starttime="20230206 23:33:07.663" endtime="20230206 23:33:13.591"/>
</kw>
<kw name="Check require" library="Subject_User_Defined_Keyword">
<kw name="Clear Element Text" library="SeleniumLibrary">
<arg>//input[@id='slug']</arg>
<doc>Clears the value of the text-input-element identified by ``locator``.</doc>
<status status="PASS" starttime="20230206 23:33:13.593" endtime="20230206 23:33:13.645"/>
</kw>
<kw name="Clear Element Text" library="SeleniumLibrary">
<arg>//textarea[@name='mota']</arg>
<doc>Clears the value of the text-input-element identified by ``locator``.</doc>
<status status="PASS" starttime="20230206 23:33:13.646" endtime="20230206 23:33:13.696"/>
</kw>
<kw name="Click Button" library="SeleniumLibrary">
<arg>//button[@name='suamonhoc']</arg>
<doc>Clicks the button identified by ``locator``.</doc>
<msg timestamp="20230206 23:33:13.697" level="INFO">Clicking button '//button[@name='suamonhoc']'.</msg>
<status status="PASS" starttime="20230206 23:33:13.696" endtime="20230206 23:33:14.099"/>
</kw>
<status status="PASS" starttime="20230206 23:33:13.592" endtime="20230206 23:33:14.099"/>
</kw>
<kw name="Wait Until Page Contains" library="SeleniumLibrary">
<arg>Bạn phải điền tên danh mục môn học</arg>
<doc>Waits until ``text`` appears on the current page.</doc>
<status status="PASS" starttime="20230206 23:33:14.099" endtime="20230206 23:33:14.139"/>
</kw>
<kw name="Page Should Contain" library="SeleniumLibrary">
<arg>Bạn phải điền mô tả danh mục môn học</arg>
<doc>Verifies that current page contains ``text``.</doc>
<msg timestamp="20230206 23:33:14.167" level="INFO">Current page contains text 'Bạn phải điền mô tả danh mục môn học'.</msg>
<status status="PASS" starttime="20230206 23:33:14.139" endtime="20230206 23:33:14.168"/>
</kw>
<kw name="Close Website" library="Common_Keyword" type="TEARDOWN">
<kw name="Close Browser" library="SeleniumLibrary">
<doc>Closes the current browser.</doc>
<status status="PASS" starttime="20230206 23:33:14.168" endtime="20230206 23:33:16.475"/>
</kw>
<status status="PASS" starttime="20230206 23:33:14.168" endtime="20230206 23:33:16.475"/>
</kw>
<tag>Check_Update_Subject</tag>
<status status="PASS" starttime="20230206 23:33:05.437" endtime="20230206 23:33:16.476"/>
</test>
<test id="s1-s1-s1-t10" name="DELETE-Check delete subject successfully">
<kw name="Open Admin Site Using Chrome Browser" library="Common_Keyword" type="SETUP">
<kw name="Open Browser" library="SeleniumLibrary">
<arg>${url_production_admin}</arg>
<arg>${browser}</arg>
<doc>Opens a new browser instance to the optional ``url``.</doc>
<msg timestamp="20230206 23:33:16.480" level="INFO">Opening browser 'Chrome' to base url 'https://datncl.top/admin'.</msg>
<status status="PASS" starttime="20230206 23:33:16.479" endtime="20230206 23:33:18.547"/>
</kw>
<kw name="Maximize Browser Window" library="SeleniumLibrary">
<doc>Maximizes current browser window.</doc>
<status status="PASS" starttime="20230206 23:33:18.548" endtime="20230206 23:33:18.690"/>
</kw>
<status status="PASS" starttime="20230206 23:33:16.478" endtime="20230206 23:33:18.692"/>
</kw>
<kw name="Redirect delete subject page" library="Subject_User_Defined_Keyword">
<arg>//tbody/tr[1]/td[4]/form[1]/button[1]</arg>
<kw name="Verify_Login_Successfully" library="Common_Keyword">
<kw name="Input Text" library="SeleniumLibrary">
<arg>${locator_username}</arg>
<arg>${data_username}</arg>
<doc>Types the given ``text`` into the text field identified by ``locator``.</doc>
<msg timestamp="20230206 23:33:18.697" level="INFO">Typing text 'Sally51' into text field '//input[@name='admin_account']'.</msg>
<status status="PASS" starttime="20230206 23:33:18.696" endtime="20230206 23:33:18.911"/>
</kw>
<kw name="Input Password" library="SeleniumLibrary">
<arg>${locator_password}</arg>
<arg>${data_password}</arg>
<doc>Types the given password into the text field identified by ``locator``.</doc>
<msg timestamp="20230206 23:33:18.915" level="INFO">Typing password into text field '//input[@name="admin_password"]'.</msg>
<msg timestamp="20230206 23:33:18.963" level="INFO">Temporally setting log level to: NONE</msg>
<msg timestamp="20230206 23:33:19.015" level="INFO">Log level changed from NONE to INFO.</msg>
<status status="PASS" starttime="20230206 23:33:18.912" endtime="20230206 23:33:19.015"/>
</kw>
<kw name="Click Button" library="SeleniumLibrary">
<arg>${locator_button}</arg>
<doc>Clicks the button identified by ``locator``.</doc>
<msg timestamp="20230206 23:33:19.016" level="INFO">Clicking button '//button[@id='button_login']'.</msg>
<status status="PASS" starttime="20230206 23:33:19.015" endtime="20230206 23:33:20.947"/>
</kw>
<kw name="Wait Until Page Contains" library="SeleniumLibrary">
<arg>Thống kê số lượng học sinh đăng ký</arg>
<doc>Waits until ``text`` appears on the current page.</doc>
<status status="PASS" starttime="20230206 23:33:20.948" endtime="20230206 23:33:20.967"/>
</kw>
<status status="PASS" starttime="20230206 23:33:18.695" endtime="20230206 23:33:20.967"/>
</kw>
<kw name="Click Element" library="SeleniumLibrary">
<arg>//span[@id='subject_category']</arg>
<doc>Click the element identified by ``locator``.</doc>
<msg timestamp="20230206 23:33:20.968" level="INFO">Clicking element '//span[@id='subject_category']'.</msg>
<status status="PASS" starttime="20230206 23:33:20.968" endtime="20230206 23:33:21.082"/>
</kw>
<kw name="Sleep" library="BuiltIn">
<arg>2s</arg>
<doc>Pauses the test executed for the given time.</doc>
<msg timestamp="20230206 23:33:23.097" level="INFO">Slept 2 seconds</msg>
<status status="PASS" starttime="20230206 23:33:21.083" endtime="20230206 23:33:23.097"/>
</kw>
<kw name="Click Element" library="SeleniumLibrary">
<arg>//a[@id='list_subject']</arg>
<doc>Click the element identified by ``locator``.</doc>
<msg timestamp="20230206 23:33:23.097" level="INFO">Clicking element '//a[@id='list_subject']'.</msg>
<status status="PASS" starttime="20230206 23:33:23.097" endtime="20230206 23:33:23.501"/>
</kw>
<kw name="Click Button" library="SeleniumLibrary">
<arg>${locator_subject}</arg>
<doc>Clicks the button identified by ``locator``.</doc>
<msg timestamp="20230206 23:33:23.502" level="INFO">Clicking button '//tbody/tr[1]/td[4]/form[1]/button[1]'.</msg>
<status status="PASS" starttime="20230206 23:33:23.501" endtime="20230206 23:33:23.650"/>
</kw>
<status status="PASS" starttime="20230206 23:33:18.693" endtime="20230206 23:33:23.650"/>
</kw>
<kw name="Delete subject" library="Subject_User_Defined_Keyword">
<kw name="Handle Alert" library="SeleniumLibrary">
<arg>action=ACCEPT</arg>
<arg>timeout=5s</arg>
<doc>Handles the current alert and returns its message.</doc>
<msg timestamp="20230206 23:33:23.651" level="INFO">HANDLE::&lt;class 'datetime.timedelta'&gt;::0:00:05</msg>
<status status="PASS" starttime="20230206 23:33:23.651" endtime="20230206 23:33:23.671"/>
</kw>
<status status="PASS" starttime="20230206 23:33:23.651" endtime="20230206 23:33:23.674"/>
</kw>
<kw name="Sleep" library="BuiltIn">
<arg>5s</arg>
<doc>Pauses the test executed for the given time.</doc>
<msg timestamp="20230206 23:33:28.680" level="INFO">Slept 5 seconds</msg>
<status status="PASS" starttime="20230206 23:33:23.675" endtime="20230206 23:33:28.681"/>
</kw>
<kw name="Wait Until Page Contains" library="SeleniumLibrary">
<arg>Xóa danh mục môn học thành công</arg>
<doc>Waits until ``text`` appears on the current page.</doc>
<status status="PASS" starttime="20230206 23:33:28.681" endtime="20230206 23:33:28.697"/>
</kw>
<kw name="Close Website" library="Common_Keyword" type="TEARDOWN">
<kw name="Close Browser" library="SeleniumLibrary">
<doc>Closes the current browser.</doc>
<status status="PASS" starttime="20230206 23:33:28.698" endtime="20230206 23:33:31.052"/>
</kw>
<status status="PASS" starttime="20230206 23:33:28.698" endtime="20230206 23:33:31.053"/>
</kw>
<tag>Check_Delete_Subject</tag>
<status status="PASS" starttime="20230206 23:33:16.477" endtime="20230206 23:33:31.053"/>
</test>
<test id="s1-s1-s1-t11" name="SEARCH01-Check search find data">
<kw name="Open Admin Site Using Chrome Browser" library="Common_Keyword" type="SETUP">
<kw name="Open Browser" library="SeleniumLibrary">
<arg>${url_production_admin}</arg>
<arg>${browser}</arg>
<doc>Opens a new browser instance to the optional ``url``.</doc>
<msg timestamp="20230206 23:33:31.057" level="INFO">Opening browser 'Chrome' to base url 'https://datncl.top/admin'.</msg>
<status status="PASS" starttime="20230206 23:33:31.056" endtime="20230206 23:33:33.009"/>
</kw>
<kw name="Maximize Browser Window" library="SeleniumLibrary">
<doc>Maximizes current browser window.</doc>
<status status="PASS" starttime="20230206 23:33:33.009" endtime="20230206 23:33:33.137"/>
</kw>
<status status="PASS" starttime="20230206 23:33:31.055" endtime="20230206 23:33:33.137"/>
</kw>
<kw name="Redirect search subject page" library="Subject_User_Defined_Keyword">
<kw name="Verify_Login_Successfully" library="Common_Keyword">
<kw name="Input Text" library="SeleniumLibrary">
<arg>${locator_username}</arg>
<arg>${data_username}</arg>
<doc>Types the given ``text`` into the text field identified by ``locator``.</doc>
<msg timestamp="20230206 23:33:33.144" level="INFO">Typing text 'Sally51' into text field '//input[@name='admin_account']'.</msg>
<status status="PASS" starttime="20230206 23:33:33.143" endtime="20230206 23:33:33.372"/>
</kw>
<kw name="Input Password" library="SeleniumLibrary">
<arg>${locator_password}</arg>
<arg>${data_password}</arg>
<doc>Types the given password into the text field identified by ``locator``.</doc>
<msg timestamp="20230206 23:33:33.373" level="INFO">Typing password into text field '//input[@name="admin_password"]'.</msg>
<msg timestamp="20230206 23:33:33.429" level="INFO">Temporally setting log level to: NONE</msg>
<msg timestamp="20230206 23:33:33.481" level="INFO">Log level changed from NONE to INFO.</msg>
<status status="PASS" starttime="20230206 23:33:33.372" endtime="20230206 23:33:33.481"/>
</kw>
<kw name="Click Button" library="SeleniumLibrary">
<arg>${locator_button}</arg>
<doc>Clicks the button identified by ``locator``.</doc>
<msg timestamp="20230206 23:33:33.481" level="INFO">Clicking button '//button[@id='button_login']'.</msg>
<status status="PASS" starttime="20230206 23:33:33.481" endtime="20230206 23:33:35.636"/>
</kw>
<kw name="Wait Until Page Contains" library="SeleniumLibrary">
<arg>Thống kê số lượng học sinh đăng ký</arg>
<doc>Waits until ``text`` appears on the current page.</doc>
<status status="PASS" starttime="20230206 23:33:35.636" endtime="20230206 23:33:35.675"/>
</kw>
<status status="PASS" starttime="20230206 23:33:33.140" endtime="20230206 23:33:35.675"/>
</kw>
<kw name="Click Element" library="SeleniumLibrary">
<arg>//span[@id='subject_category']</arg>
<doc>Click the element identified by ``locator``.</doc>
<msg timestamp="20230206 23:33:35.678" level="INFO">Clicking element '//span[@id='subject_category']'.</msg>
<status status="PASS" starttime="20230206 23:33:35.676" endtime="20230206 23:33:35.745"/>
</kw>
<kw name="Wait Until Element Is Visible" library="SeleniumLibrary">
<arg>//a[@id='list_subject']</arg>
<doc>Waits until the element ``locator`` is visible.</doc>
<status status="PASS" starttime="20230206 23:33:35.745" endtime="20230206 23:33:36.010"/>
</kw>
<kw name="Click Element" library="SeleniumLibrary">
<arg>//a[@id='list_subject']</arg>
<doc>Click the element identified by ``locator``.</doc>
<msg timestamp="20230206 23:33:36.010" level="INFO">Clicking element '//a[@id='list_subject']'.</msg>
<status status="PASS" starttime="20230206 23:33:36.010" endtime="20230206 23:33:36.403"/>
</kw>
<status status="PASS" starttime="20230206 23:33:33.138" endtime="20230206 23:33:36.404"/>
</kw>
<kw name="Input Text" library="SeleniumLibrary">
<arg>//input[@type='search']</arg>
<arg>Môn Vật Lý</arg>
<doc>Types the given ``text`` into the text field identified by ``locator``.</doc>
<msg timestamp="20230206 23:33:36.405" level="INFO">Typing text 'Môn Vật Lý' into text field '//input[@type='search']'.</msg>
<status status="PASS" starttime="20230206 23:33:36.404" endtime="20230206 23:33:36.638"/>
</kw>
<kw name="Sleep" library="BuiltIn">
<arg>2s</arg>
<doc>Pauses the test executed for the given time.</doc>
<msg timestamp="20230206 23:33:38.650" level="INFO">Slept 2 seconds</msg>
<status status="PASS" starttime="20230206 23:33:36.638" endtime="20230206 23:33:38.650"/>
</kw>
<kw name="Page Should Contain" library="SeleniumLibrary">
<arg>Môn Vật Lý</arg>
<doc>Verifies that current page contains ``text``.</doc>
<msg timestamp="20230206 23:33:38.678" level="INFO">Current page contains text 'Môn Vật Lý'.</msg>
<status status="PASS" starttime="20230206 23:33:38.651" endtime="20230206 23:33:38.678"/>
</kw>
<kw name="Close Website" library="Common_Keyword" type="TEARDOWN">
<kw name="Close Browser" library="SeleniumLibrary">
<doc>Closes the current browser.</doc>
<status status="PASS" starttime="20230206 23:33:38.679" endtime="20230206 23:33:41.024"/>
</kw>
<status status="PASS" starttime="20230206 23:33:38.678" endtime="20230206 23:33:41.025"/>
</kw>
<tag>Check_Search_Subject</tag>
<status status="PASS" starttime="20230206 23:33:31.054" endtime="20230206 23:33:41.025"/>
</test>
<test id="s1-s1-s1-t12" name="SEARCH02-Check search not find data">
<kw name="Open Admin Site Using Chrome Browser" library="Common_Keyword" type="SETUP">
<kw name="Open Browser" library="SeleniumLibrary">
<arg>${url_production_admin}</arg>
<arg>${browser}</arg>
<doc>Opens a new browser instance to the optional ``url``.</doc>
<msg timestamp="20230206 23:33:41.028" level="INFO">Opening browser 'Chrome' to base url 'https://datncl.top/admin'.</msg>
<status status="PASS" starttime="20230206 23:33:41.027" endtime="20230206 23:33:43.045"/>
</kw>
<kw name="Maximize Browser Window" library="SeleniumLibrary">
<doc>Maximizes current browser window.</doc>
<status status="PASS" starttime="20230206 23:33:43.045" endtime="20230206 23:33:43.188"/>
</kw>
<status status="PASS" starttime="20230206 23:33:41.026" endtime="20230206 23:33:43.189"/>
</kw>
<kw name="Redirect search subject page" library="Subject_User_Defined_Keyword">
<kw name="Verify_Login_Successfully" library="Common_Keyword">
<kw name="Input Text" library="SeleniumLibrary">
<arg>${locator_username}</arg>
<arg>${data_username}</arg>
<doc>Types the given ``text`` into the text field identified by ``locator``.</doc>
<msg timestamp="20230206 23:33:43.193" level="INFO">Typing text 'Sally51' into text field '//input[@name='admin_account']'.</msg>
<status status="PASS" starttime="20230206 23:33:43.192" endtime="20230206 23:33:43.452"/>
</kw>
<kw name="Input Password" library="SeleniumLibrary">
<arg>${locator_password}</arg>
<arg>${data_password}</arg>
<doc>Types the given password into the text field identified by ``locator``.</doc>
<msg timestamp="20230206 23:33:43.452" level="INFO">Typing password into text field '//input[@name="admin_password"]'.</msg>
<msg timestamp="20230206 23:33:43.498" level="INFO">Temporally setting log level to: NONE</msg>
<msg timestamp="20230206 23:33:43.551" level="INFO">Log level changed from NONE to INFO.</msg>
<status status="PASS" starttime="20230206 23:33:43.452" endtime="20230206 23:33:43.551"/>
</kw>
<kw name="Click Button" library="SeleniumLibrary">
<arg>${locator_button}</arg>
<doc>Clicks the button identified by ``locator``.</doc>
<msg timestamp="20230206 23:33:43.552" level="INFO">Clicking button '//button[@id='button_login']'.</msg>
<status status="PASS" starttime="20230206 23:33:43.551" endtime="20230206 23:34:01.922"/>
</kw>
<kw name="Wait Until Page Contains" library="SeleniumLibrary">
<arg>Thống kê số lượng học sinh đăng ký</arg>
<doc>Waits until ``text`` appears on the current page.</doc>
<status status="PASS" starttime="20230206 23:34:01.922" endtime="20230206 23:34:01.944"/>
</kw>
<status status="PASS" starttime="20230206 23:33:43.191" endtime="20230206 23:34:01.944"/>
</kw>
<kw name="Click Element" library="SeleniumLibrary">
<arg>//span[@id='subject_category']</arg>
<doc>Click the element identified by ``locator``.</doc>
<msg timestamp="20230206 23:34:01.945" level="INFO">Clicking element '//span[@id='subject_category']'.</msg>
<status status="PASS" starttime="20230206 23:34:01.944" endtime="20230206 23:34:02.003"/>
</kw>
<kw name="Wait Until Element Is Visible" library="SeleniumLibrary">
<arg>//a[@id='list_subject']</arg>
<doc>Waits until the element ``locator`` is visible.</doc>
<status status="PASS" starttime="20230206 23:34:02.003" endtime="20230206 23:34:02.277"/>
</kw>
<kw name="Click Element" library="SeleniumLibrary">
<arg>//a[@id='list_subject']</arg>
<doc>Click the element identified by ``locator``.</doc>
[...]
<arg>//span[@id='droplist_user']</arg>
<doc>Click the element identified by ``locator``.</doc>
<msg timestamp="20230206 23:44:26.818" level="INFO">Clicking element '//span[@id='droplist_user']'.</msg>
<status status="PASS" starttime="20230206 23:44:26.818" endtime="20230206 23:44:26.910"/>
</kw>
<kw name="Wait Until Element Is Visible" library="SeleniumLibrary">
<arg>//a[@id='change_password']</arg>
<doc>Waits until the element ``locator`` is visible.</doc>
<status status="PASS" starttime="20230206 23:44:26.911" endtime="20230206 23:44:26.963"/>
</kw>
<kw name="Click Element" library="SeleniumLibrary">
<arg>//a[@id='change_password']</arg>
<doc>Click the element identified by ``locator``.</doc>
<msg timestamp="20230206 23:44:26.963" level="INFO">Clicking element '//a[@id='change_password']'.</msg>
<status status="PASS" starttime="20230206 23:44:26.963" endtime="20230206 23:44:27.337"/>
</kw>
<kw name="Sleep" library="BuiltIn">
<arg>2s</arg>
<doc>Pauses the test executed for the given time.</doc>
<msg timestamp="20230206 23:44:29.344" level="INFO">Slept 2 seconds</msg>
<status status="PASS" starttime="20230206 23:44:27.337" endtime="20230206 23:44:29.344"/>
</kw>
<status status="PASS" starttime="20230206 23:44:24.673" endtime="20230206 23:44:29.345"/>
</kw>
<kw name="Input data" library="ChangePassword_User_Defined_Keyword">
<arg>12345678</arg>
<arg>12345678</arg>
<arg>12345</arg>
<kw name="Input Password" library="SeleniumLibrary">
<arg>${locator_password_new}</arg>
<arg>${password_new}</arg>
<doc>Types the given password into the text field identified by ``locator``.</doc>
<msg timestamp="20230206 23:44:29.350" level="INFO">Typing password into text field '//input[@name="matkhaumoi"]'.</msg>
<msg timestamp="20230206 23:44:29.435" level="INFO">Temporally setting log level to: NONE</msg>
<msg timestamp="20230206 23:44:29.531" level="INFO">Log level changed from NONE to INFO.</msg>
<status status="PASS" starttime="20230206 23:44:29.348" endtime="20230206 23:44:29.532"/>
</kw>
<kw name="Input Password" library="SeleniumLibrary">
<arg>${locator_re_enter_password}</arg>
<arg>${re_enter_password}</arg>
<doc>Types the given password into the text field identified by ``locator``.</doc>
<msg timestamp="20230206 23:44:29.536" level="INFO">Typing password into text field '//input[@name="nhaplai"]'.</msg>
<msg timestamp="20230206 23:44:29.612" level="INFO">Temporally setting log level to: NONE</msg>
<msg timestamp="20230206 23:44:29.677" level="INFO">Log level changed from NONE to INFO.</msg>
<status status="PASS" starttime="20230206 23:44:29.534" endtime="20230206 23:44:29.677"/>
</kw>
<kw name="Input Password" library="SeleniumLibrary">
<arg>${locator_password_old}</arg>
<arg>${password_old}</arg>
<doc>Types the given password into the text field identified by ``locator``.</doc>
<msg timestamp="20230206 23:44:29.677" level="INFO">Typing password into text field '//input[@name="matkhaucu"]'.</msg>
<msg timestamp="20230206 23:44:29.727" level="INFO">Temporally setting log level to: NONE</msg>
<msg timestamp="20230206 23:44:29.791" level="INFO">Log level changed from NONE to INFO.</msg>
<status status="PASS" starttime="20230206 23:44:29.677" endtime="20230206 23:44:29.791"/>
</kw>
<kw name="Sleep" library="BuiltIn">
<arg>2s</arg>
<doc>Pauses the test executed for the given time.</doc>
<msg timestamp="20230206 23:44:31.803" level="INFO">Slept 2 seconds</msg>
<status status="PASS" starttime="20230206 23:44:29.791" endtime="20230206 23:44:31.803"/>
</kw>
<kw name="Click Button" library="SeleniumLibrary">
<arg>${locator_button_password}</arg>
<doc>Clicks the button identified by ``locator``.</doc>
<msg timestamp="20230206 23:44:31.804" level="INFO">Clicking button '//button[contains(text(),'Đổi mật khẩu')]'.</msg>
<status status="PASS" starttime="20230206 23:44:31.803" endtime="20230206 23:44:32.164"/>
</kw>
<status status="PASS" starttime="20230206 23:44:29.346" endtime="20230206 23:44:32.165"/>
</kw>
<kw name="Page Should Contain" library="SeleniumLibrary">
<arg>Mật khẩu cũ không đúng</arg>
<doc>Verifies that current page contains ``text``.</doc>
<msg timestamp="20230206 23:44:32.213" level="INFO">Current page contains text 'Mật khẩu cũ không đúng'.</msg>
<status status="PASS" starttime="20230206 23:44:32.165" endtime="20230206 23:44:32.213"/>
</kw>
<kw name="Close Website" library="Common_Keyword" type="TEARDOWN">
<kw name="Close Browser" library="SeleniumLibrary">
<doc>Closes the current browser.</doc>
<status status="PASS" starttime="20230206 23:44:32.214" endtime="20230206 23:44:34.557"/>
</kw>
<status status="PASS" starttime="20230206 23:44:32.213" endtime="20230206 23:44:34.557"/>
</kw>
<tag>Check_Change_Password</tag>
<status status="PASS" starttime="20230206 23:44:22.422" endtime="20230206 23:44:34.557"/>
</test>
<test id="s1-s8-s1-t3" name="CP03_Verify Change Password Successful">
<kw name="Open Admin Site Using Chrome Browser" library="Common_Keyword" type="SETUP">
<kw name="Open Browser" library="SeleniumLibrary">
<arg>${url_production_admin}</arg>
<arg>${browser}</arg>
<doc>Opens a new browser instance to the optional ``url``.</doc>
<msg timestamp="20230206 23:44:34.560" level="INFO">Opening browser 'Chrome' to base url 'https://datncl.top/admin'.</msg>
<status status="PASS" starttime="20230206 23:44:34.560" endtime="20230206 23:44:36.492"/>
</kw>
<kw name="Maximize Browser Window" library="SeleniumLibrary">
<doc>Maximizes current browser window.</doc>
<status status="PASS" starttime="20230206 23:44:36.492" endtime="20230206 23:44:36.634"/>
</kw>
<status status="PASS" starttime="20230206 23:44:34.559" endtime="20230206 23:44:36.634"/>
</kw>
<kw name="Redirect Change Password page" library="ChangePassword_User_Defined_Keyword">
<kw name="Verify_Login_Successfully" library="Common_Keyword">
<kw name="Input Text" library="SeleniumLibrary">
<arg>${locator_username}</arg>
<arg>${data_username}</arg>
<doc>Types the given ``text`` into the text field identified by ``locator``.</doc>
<msg timestamp="20230206 23:44:36.640" level="INFO">Typing text 'Sally51' into text field '//input[@name='admin_account']'.</msg>
<status status="PASS" starttime="20230206 23:44:36.638" endtime="20230206 23:44:36.856"/>
</kw>
<kw name="Input Password" library="SeleniumLibrary">
<arg>${locator_password}</arg>
<arg>${data_password}</arg>
<doc>Types the given password into the text field identified by ``locator``.</doc>
<msg timestamp="20230206 23:44:36.856" level="INFO">Typing password into text field '//input[@name="admin_password"]'.</msg>
<msg timestamp="20230206 23:44:36.910" level="INFO">Temporally setting log level to: NONE</msg>
<msg timestamp="20230206 23:44:36.959" level="INFO">Log level changed from NONE to INFO.</msg>
<status status="PASS" starttime="20230206 23:44:36.856" endtime="20230206 23:44:36.960"/>
</kw>
<kw name="Click Button" library="SeleniumLibrary">
<arg>${locator_button}</arg>
<doc>Clicks the button identified by ``locator``.</doc>
<msg timestamp="20230206 23:44:36.960" level="INFO">Clicking button '//button[@id='button_login']'.</msg>
<status status="PASS" starttime="20230206 23:44:36.960" endtime="20230206 23:44:38.731"/>
</kw>
<kw name="Wait Until Page Contains" library="SeleniumLibrary">
<arg>Thống kê số lượng học sinh đăng ký</arg>
<doc>Waits until ``text`` appears on the current page.</doc>
<status status="PASS" starttime="20230206 23:44:38.731" endtime="20230206 23:44:38.760"/>
</kw>
<status status="PASS" starttime="20230206 23:44:36.636" endtime="20230206 23:44:38.760"/>
</kw>
<kw name="Click Element" library="SeleniumLibrary">
<arg>//span[@id='droplist_user']</arg>
<doc>Click the element identified by ``locator``.</doc>
<msg timestamp="20230206 23:44:38.761" level="INFO">Clicking element '//span[@id='droplist_user']'.</msg>
<status status="PASS" starttime="20230206 23:44:38.761" endtime="20230206 23:44:38.832"/>
</kw>
<kw name="Wait Until Element Is Visible" library="SeleniumLibrary">
<arg>//a[@id='change_password']</arg>
<doc>Waits until the element ``locator`` is visible.</doc>
<status status="PASS" starttime="20230206 23:44:38.834" endtime="20230206 23:44:38.894"/>
</kw>
<kw name="Click Element" library="SeleniumLibrary">
<arg>//a[@id='change_password']</arg>
<doc>Click the element identified by ``locator``.</doc>
<msg timestamp="20230206 23:44:38.894" level="INFO">Clicking element '//a[@id='change_password']'.</msg>
<status status="PASS" starttime="20230206 23:44:38.894" endtime="20230206 23:44:39.290"/>
</kw>
<kw name="Sleep" library="BuiltIn">
<arg>2s</arg>
<doc>Pauses the test executed for the given time.</doc>
<msg timestamp="20230206 23:44:41.306" level="INFO">Slept 2 seconds</msg>
<status status="PASS" starttime="20230206 23:44:39.291" endtime="20230206 23:44:41.307"/>
</kw>
<status status="PASS" starttime="20230206 23:44:36.635" endtime="20230206 23:44:41.307"/>
</kw>
<kw name="Input data" library="ChangePassword_User_Defined_Keyword">
<arg>12345678</arg>
<arg>12345678</arg>
<arg>123456</arg>
<kw name="Input Password" library="SeleniumLibrary">
<arg>${locator_password_new}</arg>
<arg>${password_new}</arg>
<doc>Types the given password into the text field identified by ``locator``.</doc>
<msg timestamp="20230206 23:44:41.310" level="INFO">Typing password into text field '//input[@name="matkhaumoi"]'.</msg>
<msg timestamp="20230206 23:44:41.418" level="INFO">Temporally setting log level to: NONE</msg>
<msg timestamp="20230206 23:44:41.498" level="INFO">Log level changed from NONE to INFO.</msg>
<status status="PASS" starttime="20230206 23:44:41.309" endtime="20230206 23:44:41.498"/>
</kw>
<kw name="Input Password" library="SeleniumLibrary">
<arg>${locator_re_enter_password}</arg>
<arg>${re_enter_password}</arg>
<doc>Types the given password into the text field identified by ``locator``.</doc>
<msg timestamp="20230206 23:44:41.500" level="INFO">Typing password into text field '//input[@name="nhaplai"]'.</msg>
<msg timestamp="20230206 23:44:41.555" level="INFO">Temporally setting log level to: NONE</msg>
<msg timestamp="20230206 23:44:41.614" level="INFO">Log level changed from NONE to INFO.</msg>
<status status="PASS" starttime="20230206 23:44:41.498" endtime="20230206 23:44:41.614"/>
</kw>
<kw name="Input Password" library="SeleniumLibrary">
<arg>${locator_password_old}</arg>
<arg>${password_old}</arg>
<doc>Types the given password into the text field identified by ``locator``.</doc>
<msg timestamp="20230206 23:44:41.614" level="INFO">Typing password into text field '//input[@name="matkhaucu"]'.</msg>
<msg timestamp="20230206 23:44:41.676" level="INFO">Temporally setting log level to: NONE</msg>
<msg timestamp="20230206 23:44:41.741" level="INFO">Log level changed from NONE to INFO.</msg>
<status status="PASS" starttime="20230206 23:44:41.614" endtime="20230206 23:44:41.741"/>
</kw>
<kw name="Sleep" library="BuiltIn">
<arg>2s</arg>
<doc>Pauses the test executed for the given time.</doc>
<msg timestamp="20230206 23:44:43.754" level="INFO">Slept 2 seconds</msg>
<status status="PASS" starttime="20230206 23:44:41.741" endtime="20230206 23:44:43.756"/>
</kw>
<kw name="Click Button" library="SeleniumLibrary">
<arg>${locator_button_password}</arg>
<doc>Clicks the button identified by ``locator``.</doc>
<msg timestamp="20230206 23:44:43.759" level="INFO">Clicking button '//button[contains(text(),'Đổi mật khẩu')]'.</msg>
<status status="PASS" starttime="20230206 23:44:43.757" endtime="20230206 23:44:44.246"/>
</kw>
<status status="PASS" starttime="20230206 23:44:41.308" endtime="20230206 23:44:44.247"/>
</kw>
<kw name="Page Should Contain" library="SeleniumLibrary">
<arg>Đổi mật khẩu thành công</arg>
<doc>Verifies that current page contains ``text``.</doc>
<msg timestamp="20230206 23:44:44.280" level="INFO">Current page contains text 'Đổi mật khẩu thành công'.</msg>
<status status="PASS" starttime="20230206 23:44:44.247" endtime="20230206 23:44:44.280"/>
</kw>
<kw name="Clear text" library="ChangePassword_User_Defined_Keyword">
<kw name="Clear Element Text" library="SeleniumLibrary">
<arg>${locator_password_new}</arg>
<doc>Clears the value of the text-input-element identified by ``locator``.</doc>
<status status="PASS" starttime="20230206 23:44:44.281" endtime="20230206 23:44:44.356"/>
</kw>
<kw name="Clear Element Text" library="SeleniumLibrary">
<arg>${locator_re_enter_password}</arg>
<doc>Clears the value of the text-input-element identified by ``locator``.</doc>
<status status="PASS" starttime="20230206 23:44:44.357" endtime="20230206 23:44:44.424"/>
</kw>
<kw name="Clear Element Text" library="SeleniumLibrary">
<arg>${locator_password_old}</arg>
<doc>Clears the value of the text-input-element identified by ``locator``.</doc>
<status status="PASS" starttime="20230206 23:44:44.425" endtime="20230206 23:44:44.493"/>
</kw>
<status status="PASS" starttime="20230206 23:44:44.280" endtime="20230206 23:44:44.493"/>
</kw>
<kw name="Input data" library="ChangePassword_User_Defined_Keyword">
<arg>123456</arg>
<arg>123456</arg>
<arg>12345678</arg>
<kw name="Input Password" library="SeleniumLibrary">
<arg>${locator_password_new}</arg>
<arg>${password_new}</arg>
<doc>Types the given password into the text field identified by ``locator``.</doc>
<msg timestamp="20230206 23:44:44.494" level="INFO">Typing password into text field '//input[@name="matkhaumoi"]'.</msg>
<msg timestamp="20230206 23:44:44.543" level="INFO">Temporally setting log level to: NONE</msg>
<msg timestamp="20230206 23:44:44.626" level="INFO">Log level changed from NONE to INFO.</msg>
<status status="PASS" starttime="20230206 23:44:44.493" endtime="20230206 23:44:44.626"/>
</kw>
<kw name="Input Password" library="SeleniumLibrary">
<arg>${locator_re_enter_password}</arg>
<arg>${re_enter_password}</arg>
<doc>Types the given password into the text field identified by ``locator``.</doc>
<msg timestamp="20230206 23:44:44.627" level="INFO">Typing password into text field '//input[@name="nhaplai"]'.</msg>
<msg timestamp="20230206 23:44:44.692" level="INFO">Temporally setting log level to: NONE</msg>
<msg timestamp="20230206 23:44:44.797" level="INFO">Log level changed from NONE to INFO.</msg>
<status status="PASS" starttime="20230206 23:44:44.626" endtime="20230206 23:44:44.797"/>
</kw>
<kw name="Input Password" library="SeleniumLibrary">
<arg>${locator_password_old}</arg>
<arg>${password_old}</arg>
<doc>Types the given password into the text field identified by ``locator``.</doc>
<msg timestamp="20230206 23:44:44.797" level="INFO">Typing password into text field '//input[@name="matkhaucu"]'.</msg>
<msg timestamp="20230206 23:44:44.865" level="INFO">Temporally setting log level to: NONE</msg>
<msg timestamp="20230206 23:44:44.964" level="INFO">Log level changed from NONE to INFO.</msg>
<status status="PASS" starttime="20230206 23:44:44.797" endtime="20230206 23:44:44.964"/>
</kw>
<kw name="Sleep" library="BuiltIn">
<arg>2s</arg>
<doc>Pauses the test executed for the given time.</doc>
<msg timestamp="20230206 23:44:46.976" level="INFO">Slept 2 seconds</msg>
<status status="PASS" starttime="20230206 23:44:44.964" endtime="20230206 23:44:46.977"/>
</kw>
<kw name="Click Button" library="SeleniumLibrary">
<arg>${locator_button_password}</arg>
<doc>Clicks the button identified by ``locator``.</doc>
<msg timestamp="20230206 23:44:46.979" level="INFO">Clicking button '//button[contains(text(),'Đổi mật khẩu')]'.</msg>
<status status="PASS" starttime="20230206 23:44:46.977" endtime="20230206 23:44:47.368"/>
</kw>
<status status="PASS" starttime="20230206 23:44:44.493" endtime="20230206 23:44:47.369"/>
</kw>
<kw name="Page Should Contain" library="SeleniumLibrary">
<arg>Đổi mật khẩu thành công</arg>
<doc>Verifies that current page contains ``text``.</doc>
<msg timestamp="20230206 23:44:47.409" level="INFO">Current page contains text 'Đổi mật khẩu thành công'.</msg>
<status status="PASS" starttime="20230206 23:44:47.369" endtime="20230206 23:44:47.409"/>
</kw>
<kw name="Close Website" library="Common_Keyword" type="TEARDOWN">
<kw name="Close Browser" library="SeleniumLibrary">
<doc>Closes the current browser.</doc>
<status status="PASS" starttime="20230206 23:44:47.410" endtime="20230206 23:44:49.754"/>
</kw>
<status status="PASS" starttime="20230206 23:44:47.410" endtime="20230206 23:44:49.754"/>
</kw>
<tag>Check_Change_Password</tag>
<status status="PASS" starttime="20230206 23:44:34.558" endtime="20230206 23:44:49.754"/>
</test>
<status status="PASS" starttime="20230206 23:44:10.307" endtime="20230206 23:44:49.756"/>
</suite>
<status status="PASS" starttime="20230206 23:44:10.303" endtime="20230206 23:44:49.759"/>
</suite>
<status status="PASS" starttime="20230206 23:31:21.172" endtime="20230206 23:44:49.763"/>
</suite>
<statistics>
<total>
<stat pass="63" fail="0" skip="0">All Tests</stat>
</total>
<tag>
<stat pass="3" fail="0" skip="0">Check_Change_Password</stat>
<stat pass="2" fail="0" skip="0">Check_Change_Status_Student_Register</stat>
<stat pass="4" fail="0" skip="0">Check_Create_Course</stat>
<stat pass="4" fail="0" skip="0">Check_Create_New</stat>
<stat pass="4" fail="0" skip="0">Check_Create_Subject</stat>
<stat pass="4" fail="0" skip="0">Check_Create_Teacher</stat>
<stat pass="1" fail="0" skip="0">Check_Delete_Course</stat>
<stat pass="1" fail="0" skip="0">Check_Delete_New</stat>
<stat pass="2" fail="0" skip="0">Check_Delete_Student_Register</stat>
<stat pass="1" fail="0" skip="0">Check_Delete_Subject</stat>
<stat pass="1" fail="0" skip="0">Check_Delete_Teacher</stat>
<stat pass="1" fail="0" skip="0">Check_Login_Fail</stat>
<stat pass="1" fail="0" skip="0">Check_Login_Successful</stat>
<stat pass="1" fail="0" skip="0">Check_Logout</stat>
<stat pass="2" fail="0" skip="0">Check_Search_Course</stat>
<stat pass="2" fail="0" skip="0">Check_Search_New</stat>
<stat pass="4" fail="0" skip="0">Check_Search_Student _Register</stat>
<stat pass="2" fail="0" skip="0">Check_Search_Subject</stat>
<stat pass="2" fail="0" skip="0">Check_Search_Teacher</stat>
<stat pass="5" fail="0" skip="0">Check_Update_Course</stat>
<stat pass="5" fail="0" skip="0">Check_Update_New</stat>
<stat pass="5" fail="0" skip="0">Check_Update_Subject</stat>
<stat pass="5" fail="0" skip="0">Check_Update_Teacher</stat>
<stat pass="1" fail="0" skip="0">Integration_Test</stat>
</tag>
<suite>
<stat pass="63" fail="0" skip="0" id="s1" name="Functional Tests">Functional Tests</stat>
<stat pass="12" fail="0" skip="0" id="s1-s1" name="Subject">Functional Tests.Subject</stat>
<stat pass="12" fail="0" skip="0" id="s1-s1-s1" name="Subject">Functional Tests.Subject.Subject</stat>
<stat pass="12" fail="0" skip="0" id="s1-s2" name="Teacher">Functional Tests.Teacher</stat>
<stat pass="12" fail="0" skip="0" id="s1-s2-s1" name="Teacher">Functional Tests.Teacher.Teacher</stat>
<stat pass="12" fail="0" skip="0" id="s1-s3" name="Course">Functional Tests.Course</stat>
<stat pass="12" fail="0" skip="0" id="s1-s3-s1" name="Course">Functional Tests.Course.Course</stat>
<stat pass="12" fail="0" skip="0" id="s1-s4" name="News">Functional Tests.News</stat>
<stat pass="12" fail="0" skip="0" id="s1-s4-s1" name="News">Functional Tests.News.News</stat>
<stat pass="9" fail="0" skip="0" id="s1-s5" name="RegisterStudent">Functional Tests.RegisterStudent</stat>
<stat pass="9" fail="0" skip="0" id="s1-s5-s1" name="RegisterStudent">Functional Tests.RegisterStudent.RegisterStudent</stat>
<stat pass="2" fail="0" skip="0" id="s1-s6" name="Login">Functional Tests.Login</stat>
<stat pass="2" fail="0" skip="0" id="s1-s6-s1" name="Login">Functional Tests.Login.Login</stat>
<stat pass="1" fail="0" skip="0" id="s1-s7" name="Logout">Functional Tests.Logout</stat>
<stat pass="1" fail="0" skip="0" id="s1-s7-s1" name="Logout">Functional Tests.Logout.Logout</stat>
<stat pass="3" fail="0" skip="0" id="s1-s8" name="ChangePassword">Functional Tests.ChangePassword</stat>
<stat pass="3" fail="0" skip="0" id="s1-s8-s1" name="ChangePassword">Functional Tests.ChangePassword.ChangePassword</stat>
</suite>
</statistics>
<errors>
</errors>
</robot>
